--------------- Build Started: 02/16/2018 04:37:12 Project: Design01, Configuration: ARM GCC 5.4-2016-q2-update Debug ---------------
The code generation step is up to date.
arm-none-eabi-gcc.exe -mcpu=cortex-m3 -mthumb -I. -IGenerated_Source\PSoC5 -Wa,-alh=.\CortexM3\ARM_GCC_541\Debug/main.lst -g -D DEBUG -D CY_CORE_ID=0 -Wall -ffunction-sections -ffat-lto-objects -Og -c main.c -o .\CortexM3\ARM_GCC_541\Debug\main.o
main.c: In function 'main':
main.c:77:6: warning: array subscript has type 'char' [-Wchar-subscripts]
    na[i] = 0;
      ^
main.c:137:7: warning: array subscript has type 'char' [-Wchar-subscripts]
      m[i] *= MAX_POWER/max;
       ^
main.c:139:7: warning: array subscript has type 'char' [-Wchar-subscripts]
      m[i] *= power; // 譛螟ｧ縺ｮ蛟､縺ｫ蜈ｨ驛ｨ縺ｮ蜈･蜉帙ｒ蜷医ｏ縺・
       ^
main.c:164:14: warning: array subscript has type 'char' [-Wchar-subscripts]
    saveRotate[i] = na[i];
              ^
main.c:164:22: warning: array subscript has type 'char' [-Wchar-subscripts]
    saveRotate[i] = na[i];
                      ^
arm-none-eabi-ar.exe -rs .\CortexM3\ARM_GCC_541\Debug\Design01.a .\CortexM3\ARM_GCC_541\Debug\Clock_1.o .\CortexM3\ARM_GCC_541\Debug\CyDmac.o .\CortexM3\ARM_GCC_541\Debug\CyFlash.o .\CortexM3\ARM_GCC_541\Debug\CyLib.o .\CortexM3\ARM_GCC_541\Debug\cyPm.o .\CortexM3\ARM_GCC_541\Debug\CySpc.o .\CortexM3\ARM_GCC_541\Debug\cyutils.o .\CortexM3\ARM_GCC_541\Debug\led.o .\CortexM3\ARM_GCC_541\Debug\Clock_2.o .\CortexM3\ARM_GCC_541\Debug\high1_1.o .\CortexM3\ARM_GCC_541\Debug\low1_1.o .\CortexM3\ARM_GCC_541\Debug\high1_2.o .\CortexM3\ARM_GCC_541\Debug\low1_2.o .\CortexM3\ARM_GCC_541\Debug\high2_1.o .\CortexM3\ARM_GCC_541\Debug\low2_1.o .\CortexM3\ARM_GCC_541\Debug\high2_2.o .\CortexM3\ARM_GCC_541\Debug\low2_2.o .\CortexM3\ARM_GCC_541\Debug\high3_1.o .\CortexM3\ARM_GCC_541\Debug\low3_1.o .\CortexM3\ARM_GCC_541\Debug\high3_2.o .\CortexM3\ARM_GCC_541\Debug\low3_2.o .\CortexM3\ARM_GCC_541\Debug\Clock_3.o .\CortexM3\ARM_GCC_541\Debug\UART_PS3.o .\CortexM3\ARM_GCC_541\Debug\UART_PS3_PM.o .\CortexM3\ARM_GCC_541\Debug\UART_PS3_INT.o .\CortexM3\ARM_GCC_541\Debug\UART_PS3_BOOT.o .\CortexM3\ARM_GCC_541\Debug\ISR_PS3.o .\CortexM3\ARM_GCC_541\Debug\UART_1.o .\CortexM3\ARM_GCC_541\Debug\UART_1_PM.o .\CortexM3\ARM_GCC_541\Debug\UART_1_INT.o .\CortexM3\ARM_GCC_541\Debug\UART_1_BOOT.o .\CortexM3\ARM_GCC_541\Debug\isr1.o .\CortexM3\ARM_GCC_541\Debug\Clock_4.o .\CortexM3\ARM_GCC_541\Debug\UART_PS3_IntClock.o .\CortexM3\ARM_GCC_541\Debug\UART_1_IntClock.o .\CortexM3\ARM_GCC_541\Debug\motorD.o .\CortexM3\ARM_GCC_541\Debug\motorD_PM.o .\CortexM3\ARM_GCC_541\Debug\reverse_D.o .\CortexM3\ARM_GCC_541\Debug\reverse_D_PM.o .\CortexM3\ARM_GCC_541\Debug\motorB.o .\CortexM3\ARM_GCC_541\Debug\motorB_PM.o .\CortexM3\ARM_GCC_541\Debug\reverse_B.o .\CortexM3\ARM_GCC_541\Debug\reverse_B_PM.o .\CortexM3\ARM_GCC_541\Debug\motorC.o .\CortexM3\ARM_GCC_541\Debug\motorC_PM.o .\CortexM3\ARM_GCC_541\Debug\reverse_C.o .\CortexM3\ARM_GCC_541\Debug\reverse_C_PM.o .\CortexM3\ARM_GCC_541\Debug\Air3.o .\CortexM3\ARM_GCC_541\Debug\Air2.o .\CortexM3\ARM_GCC_541\Debug\Air1.o .\CortexM3\ARM_GCC_541\Debug\CyBootAsmGnu.o
arm-none-eabi-ar.exe: creating .\CortexM3\ARM_GCC_541\Debug\Design01.a
arm-none-eabi-gcc.exe -Wl,--start-group -o C:\Users\tetsuya\Documents\git\motor\Design01.cydsn\CortexM3\ARM_GCC_541\Debug\Design01.elf .\CortexM3\ARM_GCC_541\Debug\main.o .\CortexM3\ARM_GCC_541\Debug\matrix.o .\CortexM3\ARM_GCC_541\Debug\PS3_Controller.o .\CortexM3\ARM_GCC_541\Debug\cyfitter_cfg.o .\CortexM3\ARM_GCC_541\Debug\cymetadata.o .\CortexM3\ARM_GCC_541\Debug\Cm3Start.o .\CortexM3\ARM_GCC_541\Debug\Design01.a "C:\Program Files (x86)\Cypress\PSoC Creator\4.1\PSoC Creator\psoc\content\cycomponentlibrary\CyComponentLibrary.cylib\CortexM3\ARM_GCC_541\Debug\CyComponentLibrary.a" -mcpu=cortex-m3 -mthumb -l m -L Generated_Source\PSoC5 -Wl,-Map,.\CortexM3\ARM_GCC_541\Debug/Design01.map -T Generated_Source\PSoC5\cm3gcc.ld -specs=nano.specs -Wl,--gc-sections -u _printf_float -g -ffunction-sections -Og -ffat-lto-objects -Wl,--end-group
cyelftool.exe -C C:\Users\tetsuya\Documents\git\motor\Design01.cydsn\CortexM3\ARM_GCC_541\Debug\Design01.elf --flash_row_size 256 --flash_size 262144 --flash_offset 0x00000000
cyelftool.exe -S C:\Users\tetsuya\Documents\git\motor\Design01.cydsn\CortexM3\ARM_GCC_541\Debug\Design01.elf
Flash used: 17498 of 262144 bytes (6.7%).
SRAM used: 35641 of 65536 bytes (54.4%). Stack: 2048 bytes. Heap: 32768 bytes.
--------------- Build Succeeded: 02/16/2018 04:37:17 ---------------
