ARM GAS  C:\Users\tetsuya\AppData\Local\Temp\cciQZLcF.s 			page 1


   1              		.syntax unified
   2              		.cpu cortex-m3
   3              		.fpu softvfp
   4              		.eabi_attribute 20, 1
   5              		.eabi_attribute 21, 1
   6              		.eabi_attribute 23, 3
   7              		.eabi_attribute 24, 1
   8              		.eabi_attribute 25, 1
   9              		.eabi_attribute 26, 1
  10              		.eabi_attribute 30, 1
  11              		.eabi_attribute 34, 1
  12              		.eabi_attribute 18, 4
  13              		.thumb
  14              		.syntax unified
  15              		.file	"main.c"
  16              		.text
  17              	.Ltext0:
  18              		.cfi_sections	.debug_frame
  19              		.global	__aeabi_i2d
  20              		.global	__aeabi_dmul
  21              		.global	__aeabi_dadd
  22              		.global	__aeabi_ddiv
  23              		.section	.text.main,"ax",%progbits
  24              		.align	2
  25              		.global	main
  26              		.thumb
  27              		.thumb_func
  28              		.type	main, %function
  29              	main:
  30              	.LFB64:
  31              		.file 1 "main.c"
   1:main.c        **** /* ========================================
   2:main.c        ****  *
   3:main.c        ****  * Copyright YOUR COMPANY, THE YEAR
   4:main.c        ****  * All Rights Reserved
   5:main.c        ****  * UNPUBLISHED, LICENSED SOFTWARE.
   6:main.c        ****  *
   7:main.c        ****  * CONFIDENTIAL AND PROPRIETARY INFORMATION
   8:main.c        ****  * WHICH IS THE PROPERTY OF your company.
   9:main.c        ****  *
  10:main.c        ****  * ========================================
  11:main.c        **** */
  12:main.c        **** #include "project.h"
  13:main.c        **** #include <stdio.h>
  14:main.c        **** #include <math.h>
  15:main.c        **** #include <string.h>
  16:main.c        **** #include "matrix.h"
  17:main.c        **** #include "PS3_Controller.h"
  18:main.c        **** 
  19:main.c        **** 
  20:main.c        **** #define MAX_POWER 230
  21:main.c        **** 
  22:main.c        **** int main(void)
  23:main.c        **** {
  32              		.loc 1 23 0
  33              		.cfi_startproc
  34              		@ args = 0, pretend = 0, frame = 128
ARM GAS  C:\Users\tetsuya\AppData\Local\Temp\cciQZLcF.s 			page 2


  35              		@ frame_needed = 0, uses_anonymous_args = 0
  36 0000 F0B5     		push	{r4, r5, r6, r7, lr}
  37              		.cfi_def_cfa_offset 20
  38              		.cfi_offset 4, -20
  39              		.cfi_offset 5, -16
  40              		.cfi_offset 6, -12
  41              		.cfi_offset 7, -8
  42              		.cfi_offset 14, -4
  43 0002 A5B0     		sub	sp, sp, #148
  44              		.cfi_def_cfa_offset 168
  24:main.c        ****  	PS3Controller ps3;
  25:main.c        ****     char i;
  26:main.c        **** 	int power;
  27:main.c        **** 	uint8 m[3] = {0};
  45              		.loc 1 27 0
  46 0004 0021     		movs	r1, #0
  47 0006 ADF88410 		strh	r1, [sp, #132]	@ movhi
  48 000a 8DF88610 		strb	r1, [sp, #134]
  28:main.c        ****     char na[3] = {0};
  49              		.loc 1 28 0
  50 000e ADF88010 		strh	r1, [sp, #128]	@ movhi
  51 0012 8DF88210 		strb	r1, [sp, #130]
  29:main.c        ****     double s;
  30:main.c        **** 	double x, y;
  31:main.c        ****     char output[100] = {0};   
  52              		.loc 1 31 0
  53 0016 6422     		movs	r2, #100
  54 0018 07A8     		add	r0, sp, #28
  55 001a FFF7FEFF 		bl	memset
  56              	.LVL0:
  32:main.c        **** 
  33:main.c        ****     CyGlobalIntEnable; /* Enable global interrupts. */
  57              		.loc 1 33 0
  58              		.syntax unified
  59              	@ 33 "main.c" 1
  60 001e 62B6     		CPSIE   i
  61              	@ 0 "" 2
  34:main.c        **** 
  35:main.c        ****     /* Place your initialization/startup code here (e.g. MyInst_Start()) */
  36:main.c        ****     motorD_Start();
  62              		.loc 1 36 0
  63              		.thumb
  64              		.syntax unified
  65 0020 FFF7FEFF 		bl	motorD_Start
  66              	.LVL1:
  37:main.c        ****     motorB_Start();
  67              		.loc 1 37 0
  68 0024 FFF7FEFF 		bl	motorB_Start
  69              	.LVL2:
  38:main.c        ****     motorC_Start();
  70              		.loc 1 38 0
  71 0028 FFF7FEFF 		bl	motorC_Start
  72              	.LVL3:
  39:main.c        **** 	PS3_Start();
  73              		.loc 1 39 0
  74 002c FFF7FEFF 		bl	PS3_Start
  75              	.LVL4:
ARM GAS  C:\Users\tetsuya\AppData\Local\Temp\cciQZLcF.s 			page 3


  40:main.c        ****     UART_1_Start();
  76              		.loc 1 40 0
  77 0030 FFF7FEFF 		bl	UART_1_Start
  78              	.LVL5:
  41:main.c        ****     CyDelay(5000);
  79              		.loc 1 41 0
  80 0034 41F28830 		movw	r0, #5000
  81 0038 FFF7FEFF 		bl	CyDelay
  82              	.LVL6:
  83              	.L12:
  42:main.c        ****     for(;;)
  43:main.c        ****     {
  44:main.c        **** 		ps3 = PS3_Controller_get();
  84              		.loc 1 44 0
  85 003c 04A8     		add	r0, sp, #16
  86 003e FFF7FEFF 		bl	PS3_Controller_get
  87              	.LVL7:
  88 0042 0498     		ldr	r0, [sp, #16]	@ unaligned
  89 0044 2290     		str	r0, [sp, #136]	@ unaligned
  90 0046 BDF81430 		ldrh	r3, [sp, #20]	@ unaligned
  91 004a ADF88C30 		strh	r3, [sp, #140]	@ unaligned
  45:main.c        ****         //sprintf(output, "%d %d\n", ps3.ANALOG_LX, ps3.ANALOG_LY);
  46:main.c        ****         //UART_1_PutString(output);
  47:main.c        **** 		x = ps3.ANALOG_LX - 64;
  92              		.loc 1 47 0
  93 004e 9DF88C00 		ldrb	r0, [sp, #140]	@ zero_extendqisi2
  94 0052 4038     		subs	r0, r0, #64
  95 0054 FFF7FEFF 		bl	__aeabi_i2d
  96              	.LVL8:
  97 0058 0646     		mov	r6, r0
  98 005a 0F46     		mov	r7, r1
  99              	.LVL9:
  48:main.c        **** 		y = ps3.ANALOG_LY - 64;
 100              		.loc 1 48 0
 101 005c 9DF88D00 		ldrb	r0, [sp, #141]	@ zero_extendqisi2
 102 0060 4038     		subs	r0, r0, #64
 103 0062 FFF7FEFF 		bl	__aeabi_i2d
 104              	.LVL10:
 105 0066 0446     		mov	r4, r0
 106 0068 0D46     		mov	r5, r1
 107              	.LVL11:
  49:main.c        ****         
  50:main.c        ****         s = x*x + y*y;
 108              		.loc 1 50 0
 109 006a 3246     		mov	r2, r6
 110 006c 3B46     		mov	r3, r7
 111 006e 3046     		mov	r0, r6
 112 0070 3946     		mov	r1, r7
 113 0072 FFF7FEFF 		bl	__aeabi_dmul
 114              	.LVL12:
 115 0076 0646     		mov	r6, r0
 116              	.LVL13:
 117 0078 0F46     		mov	r7, r1
 118 007a 2246     		mov	r2, r4
 119 007c 2B46     		mov	r3, r5
 120 007e 2046     		mov	r0, r4
 121 0080 2946     		mov	r1, r5
ARM GAS  C:\Users\tetsuya\AppData\Local\Temp\cciQZLcF.s 			page 4


 122 0082 FFF7FEFF 		bl	__aeabi_dmul
 123              	.LVL14:
 124 0086 0246     		mov	r2, r0
 125 0088 0B46     		mov	r3, r1
 126 008a 3046     		mov	r0, r6
 127 008c 3946     		mov	r1, r7
 128 008e FFF7FEFF 		bl	__aeabi_dadd
 129              	.LVL15:
  51:main.c        **** 		//power = (uint8)(sqrt((double)x * x + y * y));
  52:main.c        ****         power = (int)(sqrt(s));
 130              		.loc 1 52 0
 131 0092 FFF7FEFF 		bl	sqrt
 132              	.LVL16:
  53:main.c        ****         
  54:main.c        **** 		matrix(&ps3, m, na);
 133              		.loc 1 54 0
 134 0096 20AA     		add	r2, sp, #128
 135 0098 21A9     		add	r1, sp, #132
 136 009a 22A8     		add	r0, sp, #136
 137 009c FFF7FEFF 		bl	matrix
 138              	.LVL17:
  55:main.c        **** 		if (na[0]) {
 139              		.loc 1 55 0
 140 00a0 9DF88030 		ldrb	r3, [sp, #128]	@ zero_extendqisi2
 141 00a4 1BB1     		cbz	r3, .L2
  56:main.c        **** 			reverse_D_Write(1);
 142              		.loc 1 56 0
 143 00a6 0120     		movs	r0, #1
 144 00a8 FFF7FEFF 		bl	reverse_D_Write
 145              	.LVL18:
 146 00ac 02E0     		b	.L3
 147              	.L2:
  57:main.c        **** 		} else {
  58:main.c        **** 			reverse_D_Write(2);
 148              		.loc 1 58 0
 149 00ae 0220     		movs	r0, #2
 150 00b0 FFF7FEFF 		bl	reverse_D_Write
 151              	.LVL19:
 152              	.L3:
  59:main.c        ****         }
  60:main.c        **** 		if (na[1]) {
 153              		.loc 1 60 0
 154 00b4 9DF88130 		ldrb	r3, [sp, #129]	@ zero_extendqisi2
 155 00b8 1BB1     		cbz	r3, .L4
  61:main.c        **** 			reverse_B_Write(2);
 156              		.loc 1 61 0
 157 00ba 0220     		movs	r0, #2
 158 00bc FFF7FEFF 		bl	reverse_B_Write
 159              	.LVL20:
 160 00c0 02E0     		b	.L5
 161              	.L4:
  62:main.c        **** 		} else {
  63:main.c        **** 			reverse_B_Write(1);
 162              		.loc 1 63 0
 163 00c2 0120     		movs	r0, #1
 164 00c4 FFF7FEFF 		bl	reverse_B_Write
 165              	.LVL21:
ARM GAS  C:\Users\tetsuya\AppData\Local\Temp\cciQZLcF.s 			page 5


 166              	.L5:
  64:main.c        ****         }
  65:main.c        **** 		if (na[2]) {
 167              		.loc 1 65 0
 168 00c8 9DF88230 		ldrb	r3, [sp, #130]	@ zero_extendqisi2
 169 00cc 23B1     		cbz	r3, .L6
  66:main.c        **** 			reverse_C_Write(2);
 170              		.loc 1 66 0
 171 00ce 0220     		movs	r0, #2
 172 00d0 FFF7FEFF 		bl	reverse_C_Write
 173              	.LVL22:
 174              	.L8:
  23:main.c        ****  	PS3Controller ps3;
 175              		.loc 1 23 0 discriminator 1
 176 00d4 0023     		movs	r3, #0
 177 00d6 0CE0     		b	.L7
 178              	.L6:
  67:main.c        **** 		} else {
  68:main.c        **** 			reverse_C_Write(1);
 179              		.loc 1 68 0
 180 00d8 0120     		movs	r0, #1
 181 00da FFF7FEFF 		bl	reverse_C_Write
 182              	.LVL23:
 183 00de F9E7     		b	.L8
 184              	.LVL24:
 185              	.L9:
  69:main.c        ****         }
  70:main.c        **** /*
  71:main.c        **** 		for (i = 0; i < 3; i++) {
  72:main.c        **** 				m[i] *= MAX_POWER / (double)91 * (double)power;
  73:main.c        **** 		}
  74:main.c        ****   */     
  75:main.c        ****         for (i = 0; i < 3; i++) {
  76:main.c        **** 	        m[i] *= 2;
 186              		.loc 1 76 0 discriminator 3
 187 00e0 24AA     		add	r2, sp, #144
 188 00e2 D118     		adds	r1, r2, r3
 189 00e4 11F80C2C 		ldrb	r2, [r1, #-12]	@ zero_extendqisi2
 190 00e8 5200     		lsls	r2, r2, #1
 191 00ea 01F80C2C 		strb	r2, [r1, #-12]
  75:main.c        **** 	        m[i] *= 2;
 192              		.loc 1 75 0 discriminator 3
 193 00ee 0133     		adds	r3, r3, #1
 194              	.LVL25:
 195 00f0 DBB2     		uxtb	r3, r3
 196              	.LVL26:
 197              	.L7:
  75:main.c        **** 	        m[i] *= 2;
 198              		.loc 1 75 0 is_stmt 0 discriminator 1
 199 00f2 022B     		cmp	r3, #2
 200 00f4 F4D9     		bls	.L9
  77:main.c        **** 		}
  78:main.c        ****         
  79:main.c        ****         if (m[0] > MAX_POWER || m[1] > MAX_POWER || m[2] > MAX_POWER) {
 201              		.loc 1 79 0 is_stmt 1
 202 00f6 9DF88430 		ldrb	r3, [sp, #132]	@ zero_extendqisi2
 203              	.LVL27:
ARM GAS  C:\Users\tetsuya\AppData\Local\Temp\cciQZLcF.s 			page 6


 204 00fa E62B     		cmp	r3, #230
 205 00fc 07D8     		bhi	.L10
 206              		.loc 1 79 0 is_stmt 0 discriminator 1
 207 00fe 9DF88530 		ldrb	r3, [sp, #133]	@ zero_extendqisi2
 208 0102 E62B     		cmp	r3, #230
 209 0104 03D8     		bhi	.L10
 210              		.loc 1 79 0 discriminator 2
 211 0106 9DF88630 		ldrb	r3, [sp, #134]	@ zero_extendqisi2
 212 010a E62B     		cmp	r3, #230
 213 010c 06D9     		bls	.L11
 214              	.L10:
  80:main.c        ****             m[0] = 0;
 215              		.loc 1 80 0 is_stmt 1
 216 010e 0023     		movs	r3, #0
 217 0110 8DF88430 		strb	r3, [sp, #132]
  81:main.c        ****             m[1] = 0;
 218              		.loc 1 81 0
 219 0114 8DF88530 		strb	r3, [sp, #133]
  82:main.c        ****             m[2] = 0;
 220              		.loc 1 82 0
 221 0118 8DF88630 		strb	r3, [sp, #134]
 222              	.L11:
  83:main.c        ****         }
  84:main.c        ****         motorD_WriteCompare(m[0]);
 223              		.loc 1 84 0
 224 011c 9DF88400 		ldrb	r0, [sp, #132]	@ zero_extendqisi2
 225 0120 FFF7FEFF 		bl	motorD_WriteCompare
 226              	.LVL28:
  85:main.c        **** 		motorB_WriteCompare(m[1]);
 227              		.loc 1 85 0
 228 0124 9DF88500 		ldrb	r0, [sp, #133]	@ zero_extendqisi2
 229 0128 FFF7FEFF 		bl	motorB_WriteCompare
 230              	.LVL29:
  86:main.c        **** 		motorC_WriteCompare(m[2]);
 231              		.loc 1 86 0
 232 012c 9DF88600 		ldrb	r0, [sp, #134]	@ zero_extendqisi2
 233 0130 FFF7FEFF 		bl	motorC_WriteCompare
 234              	.LVL30:
  87:main.c        ****        
  88:main.c        ****         sprintf(output, "%f %f %f\n", m[0]/255.0, m[1]/255.0, m[2]/255.0);
 235              		.loc 1 88 0
 236 0134 9DF88560 		ldrb	r6, [sp, #133]	@ zero_extendqisi2
 237 0138 9DF88670 		ldrb	r7, [sp, #134]	@ zero_extendqisi2
 238 013c 9DF88400 		ldrb	r0, [sp, #132]	@ zero_extendqisi2
 239 0140 FFF7FEFF 		bl	__aeabi_i2d
 240              	.LVL31:
 241 0144 12A3     		adr	r3, .L14
 242 0146 D3E90023 		ldrd	r2, [r3]
 243 014a FFF7FEFF 		bl	__aeabi_ddiv
 244              	.LVL32:
 245 014e 0446     		mov	r4, r0
 246              	.LVL33:
 247 0150 0D46     		mov	r5, r1
 248 0152 3846     		mov	r0, r7
 249 0154 FFF7FEFF 		bl	__aeabi_i2d
 250              	.LVL34:
 251 0158 0DA3     		adr	r3, .L14
ARM GAS  C:\Users\tetsuya\AppData\Local\Temp\cciQZLcF.s 			page 7


 252 015a D3E90023 		ldrd	r2, [r3]
 253 015e FFF7FEFF 		bl	__aeabi_ddiv
 254              	.LVL35:
 255 0162 CDE90201 		strd	r0, [sp, #8]
 256 0166 3046     		mov	r0, r6
 257 0168 FFF7FEFF 		bl	__aeabi_i2d
 258              	.LVL36:
 259 016c 08A3     		adr	r3, .L14
 260 016e D3E90023 		ldrd	r2, [r3]
 261 0172 FFF7FEFF 		bl	__aeabi_ddiv
 262              	.LVL37:
 263 0176 CDE90001 		strd	r0, [sp]
 264 017a 2246     		mov	r2, r4
 265 017c 2B46     		mov	r3, r5
 266 017e 0649     		ldr	r1, .L14+8
 267 0180 07A8     		add	r0, sp, #28
 268 0182 FFF7FEFF 		bl	sprintf
 269              	.LVL38:
  89:main.c        ****         UART_1_PutString(output);
 270              		.loc 1 89 0
 271 0186 07A8     		add	r0, sp, #28
 272 0188 FFF7FEFF 		bl	UART_1_PutString
 273              	.LVL39:
  90:main.c        ****         
  91:main.c        ****         
  92:main.c        ****         /* Place your application code here. */
  93:main.c        ****     }
 274              		.loc 1 93 0
 275 018c 56E7     		b	.L12
 276              	.L15:
 277 018e 00BF     		.align	3
 278              	.L14:
 279 0190 00000000 		.word	0
 280 0194 00E06F40 		.word	1081073664
 281 0198 00000000 		.word	.LC0
 282              		.cfi_endproc
 283              	.LFE64:
 284              		.size	main, .-main
 285              		.section	.rodata.str1.4,"aMS",%progbits,1
 286              		.align	2
 287              	.LC0:
 288 0000 25662025 		.ascii	"%f %f %f\012\000"
 288      66202566 
 288      0A00
 289              		.text
 290              	.Letext0:
 291              		.file 2 "c:\\program files (x86)\\cypress\\psoc creator\\4.1\\psoc creator\\import\\gnu\\arm\\5.4.
 292              		.file 3 "c:\\program files (x86)\\cypress\\psoc creator\\4.1\\psoc creator\\import\\gnu\\arm\\5.4.
 293              		.file 4 "Generated_Source\\PSoC5/cytypes.h"
 294              		.file 5 "PS3_Controller.h"
 295              		.file 6 "Generated_Source\\PSoC5/motorD.h"
 296              		.file 7 "Generated_Source\\PSoC5/motorB.h"
 297              		.file 8 "Generated_Source\\PSoC5/motorC.h"
 298              		.file 9 "Generated_Source\\PSoC5/UART_1.h"
 299              		.file 10 "Generated_Source\\PSoC5/CyLib.h"
 300              		.file 11 "c:\\program files (x86)\\cypress\\psoc creator\\4.1\\psoc creator\\import\\gnu\\arm\\5.4
 301              		.file 12 "matrix.h"
ARM GAS  C:\Users\tetsuya\AppData\Local\Temp\cciQZLcF.s 			page 8


 302              		.file 13 "Generated_Source\\PSoC5/reverse_D.h"
 303              		.file 14 "Generated_Source\\PSoC5/reverse_B.h"
 304              		.file 15 "Generated_Source\\PSoC5/reverse_C.h"
 305              		.file 16 "c:\\program files (x86)\\cypress\\psoc creator\\4.1\\psoc creator\\import\\gnu\\arm\\5.4
 306              		.file 17 "Generated_Source\\PSoC5/core_cm3.h"
 307              		.section	.debug_info,"",%progbits
 308              	.Ldebug_info0:
 309 0000 AE040000 		.4byte	0x4ae
 310 0004 0400     		.2byte	0x4
 311 0006 00000000 		.4byte	.Ldebug_abbrev0
 312 000a 04       		.byte	0x4
 313 000b 01       		.uleb128 0x1
 314 000c 76020000 		.4byte	.LASF49
 315 0010 0C       		.byte	0xc
 316 0011 03020000 		.4byte	.LASF50
 317 0015 B6010000 		.4byte	.LASF51
 318 0019 00000000 		.4byte	.Ldebug_ranges0+0
 319 001d 00000000 		.4byte	0
 320 0021 00000000 		.4byte	.Ldebug_line0
 321 0025 02       		.uleb128 0x2
 322 0026 01       		.byte	0x1
 323 0027 06       		.byte	0x6
 324 0028 03010000 		.4byte	.LASF0
 325 002c 02       		.uleb128 0x2
 326 002d 01       		.byte	0x1
 327 002e 08       		.byte	0x8
 328 002f D9000000 		.4byte	.LASF1
 329 0033 02       		.uleb128 0x2
 330 0034 02       		.byte	0x2
 331 0035 05       		.byte	0x5
 332 0036 2A000000 		.4byte	.LASF2
 333 003a 02       		.uleb128 0x2
 334 003b 02       		.byte	0x2
 335 003c 07       		.byte	0x7
 336 003d 72010000 		.4byte	.LASF3
 337 0041 03       		.uleb128 0x3
 338 0042 43020000 		.4byte	.LASF9
 339 0046 02       		.byte	0x2
 340 0047 3F       		.byte	0x3f
 341 0048 4C000000 		.4byte	0x4c
 342 004c 02       		.uleb128 0x2
 343 004d 04       		.byte	0x4
 344 004e 05       		.byte	0x5
 345 004f A0010000 		.4byte	.LASF4
 346 0053 02       		.uleb128 0x2
 347 0054 04       		.byte	0x4
 348 0055 07       		.byte	0x7
 349 0056 0A020000 		.4byte	.LASF5
 350 005a 02       		.uleb128 0x2
 351 005b 08       		.byte	0x8
 352 005c 05       		.byte	0x5
 353 005d 82000000 		.4byte	.LASF6
 354 0061 02       		.uleb128 0x2
 355 0062 08       		.byte	0x8
 356 0063 07       		.byte	0x7
 357 0064 0F010000 		.4byte	.LASF7
 358 0068 04       		.uleb128 0x4
ARM GAS  C:\Users\tetsuya\AppData\Local\Temp\cciQZLcF.s 			page 9


 359 0069 04       		.byte	0x4
 360 006a 05       		.byte	0x5
 361 006b 696E7400 		.ascii	"int\000"
 362 006f 02       		.uleb128 0x2
 363 0070 04       		.byte	0x4
 364 0071 07       		.byte	0x7
 365 0072 36010000 		.4byte	.LASF8
 366 0076 03       		.uleb128 0x3
 367 0077 A9010000 		.4byte	.LASF10
 368 007b 03       		.byte	0x3
 369 007c 2C       		.byte	0x2c
 370 007d 41000000 		.4byte	0x41
 371 0081 05       		.uleb128 0x5
 372 0082 69000000 		.4byte	.LASF11
 373 0086 04       		.byte	0x4
 374 0087 9201     		.2byte	0x192
 375 0089 2C000000 		.4byte	0x2c
 376 008d 02       		.uleb128 0x2
 377 008e 04       		.byte	0x4
 378 008f 04       		.byte	0x4
 379 0090 7C000000 		.4byte	.LASF12
 380 0094 02       		.uleb128 0x2
 381 0095 08       		.byte	0x8
 382 0096 04       		.byte	0x4
 383 0097 5B020000 		.4byte	.LASF13
 384 009b 02       		.uleb128 0x2
 385 009c 01       		.byte	0x1
 386 009d 08       		.byte	0x8
 387 009e 9B010000 		.4byte	.LASF14
 388 00a2 02       		.uleb128 0x2
 389 00a3 08       		.byte	0x8
 390 00a4 04       		.byte	0x4
 391 00a5 CD000000 		.4byte	.LASF15
 392 00a9 02       		.uleb128 0x2
 393 00aa 04       		.byte	0x4
 394 00ab 07       		.byte	0x7
 395 00ac 34000000 		.4byte	.LASF16
 396 00b0 06       		.uleb128 0x6
 397 00b1 06       		.byte	0x6
 398 00b2 05       		.byte	0x5
 399 00b3 08       		.byte	0x8
 400 00b4 B6010000 		.4byte	0x1b6
 401 00b8 07       		.uleb128 0x7
 402 00b9 4D020000 		.4byte	.LASF17
 403 00bd 05       		.byte	0x5
 404 00be 0A       		.byte	0xa
 405 00bf 81000000 		.4byte	0x81
 406 00c3 01       		.byte	0x1
 407 00c4 01       		.byte	0x1
 408 00c5 07       		.byte	0x7
 409 00c6 00       		.byte	0
 410 00c7 07       		.uleb128 0x7
 411 00c8 85010000 		.4byte	.LASF18
 412 00cc 05       		.byte	0x5
 413 00cd 0B       		.byte	0xb
 414 00ce 81000000 		.4byte	0x81
 415 00d2 01       		.byte	0x1
ARM GAS  C:\Users\tetsuya\AppData\Local\Temp\cciQZLcF.s 			page 10


 416 00d3 01       		.byte	0x1
 417 00d4 06       		.byte	0x6
 418 00d5 00       		.byte	0
 419 00d6 08       		.uleb128 0x8
 420 00d7 555000   		.ascii	"UP\000"
 421 00da 05       		.byte	0x5
 422 00db 0C       		.byte	0xc
 423 00dc 81000000 		.4byte	0x81
 424 00e0 01       		.byte	0x1
 425 00e1 01       		.byte	0x1
 426 00e2 05       		.byte	0x5
 427 00e3 00       		.byte	0
 428 00e4 07       		.uleb128 0x7
 429 00e5 24000000 		.4byte	.LASF19
 430 00e9 05       		.byte	0x5
 431 00ea 0D       		.byte	0xd
 432 00eb 81000000 		.4byte	0x81
 433 00ef 01       		.byte	0x1
 434 00f0 01       		.byte	0x1
 435 00f1 04       		.byte	0x4
 436 00f2 00       		.byte	0
 437 00f3 07       		.uleb128 0x7
 438 00f4 B1010000 		.4byte	.LASF20
 439 00f8 05       		.byte	0x5
 440 00f9 0E       		.byte	0xe
 441 00fa 81000000 		.4byte	0x81
 442 00fe 01       		.byte	0x1
 443 00ff 01       		.byte	0x1
 444 0100 03       		.byte	0x3
 445 0101 00       		.byte	0
 446 0102 07       		.uleb128 0x7
 447 0103 BF000000 		.4byte	.LASF21
 448 0107 05       		.byte	0x5
 449 0108 0F       		.byte	0xf
 450 0109 81000000 		.4byte	0x81
 451 010d 01       		.byte	0x1
 452 010e 01       		.byte	0x1
 453 010f 02       		.byte	0x2
 454 0110 00       		.byte	0
 455 0111 08       		.uleb128 0x8
 456 0112 4C3200   		.ascii	"L2\000"
 457 0115 05       		.byte	0x5
 458 0116 10       		.byte	0x10
 459 0117 81000000 		.4byte	0x81
 460 011b 01       		.byte	0x1
 461 011c 01       		.byte	0x1
 462 011d 01       		.byte	0x1
 463 011e 00       		.byte	0
 464 011f 08       		.uleb128 0x8
 465 0120 523200   		.ascii	"R2\000"
 466 0123 05       		.byte	0x5
 467 0124 11       		.byte	0x11
 468 0125 81000000 		.4byte	0x81
 469 0129 01       		.byte	0x1
 470 012a 01       		.byte	0x1
 471 012b 00       		.byte	0
 472 012c 00       		.byte	0
ARM GAS  C:\Users\tetsuya\AppData\Local\Temp\cciQZLcF.s 			page 11


 473 012d 08       		.uleb128 0x8
 474 012e 4C3100   		.ascii	"L1\000"
 475 0131 05       		.byte	0x5
 476 0132 12       		.byte	0x12
 477 0133 81000000 		.4byte	0x81
 478 0137 01       		.byte	0x1
 479 0138 01       		.byte	0x1
 480 0139 07       		.byte	0x7
 481 013a 01       		.byte	0x1
 482 013b 08       		.uleb128 0x8
 483 013c 523100   		.ascii	"R1\000"
 484 013f 05       		.byte	0x5
 485 0140 13       		.byte	0x13
 486 0141 81000000 		.4byte	0x81
 487 0145 01       		.byte	0x1
 488 0146 01       		.byte	0x1
 489 0147 06       		.byte	0x6
 490 0148 01       		.byte	0x1
 491 0149 07       		.uleb128 0x7
 492 014a C4000000 		.4byte	.LASF22
 493 014e 05       		.byte	0x5
 494 014f 14       		.byte	0x14
 495 0150 81000000 		.4byte	0x81
 496 0154 01       		.byte	0x1
 497 0155 01       		.byte	0x1
 498 0156 05       		.byte	0x5
 499 0157 01       		.byte	0x1
 500 0158 07       		.uleb128 0x7
 501 0159 10000000 		.4byte	.LASF23
 502 015d 05       		.byte	0x5
 503 015e 15       		.byte	0x15
 504 015f 81000000 		.4byte	0x81
 505 0163 01       		.byte	0x1
 506 0164 01       		.byte	0x1
 507 0165 04       		.byte	0x4
 508 0166 01       		.byte	0x1
 509 0167 07       		.uleb128 0x7
 510 0168 4A000000 		.4byte	.LASF24
 511 016c 05       		.byte	0x5
 512 016d 16       		.byte	0x16
 513 016e 81000000 		.4byte	0x81
 514 0172 01       		.byte	0x1
 515 0173 01       		.byte	0x1
 516 0174 03       		.byte	0x3
 517 0175 01       		.byte	0x1
 518 0176 07       		.uleb128 0x7
 519 0177 3C020000 		.4byte	.LASF25
 520 017b 05       		.byte	0x5
 521 017c 17       		.byte	0x17
 522 017d 81000000 		.4byte	0x81
 523 0181 01       		.byte	0x1
 524 0182 01       		.byte	0x1
 525 0183 02       		.byte	0x2
 526 0184 01       		.byte	0x1
 527 0185 09       		.uleb128 0x9
 528 0186 43010000 		.4byte	.LASF26
 529 018a 05       		.byte	0x5
ARM GAS  C:\Users\tetsuya\AppData\Local\Temp\cciQZLcF.s 			page 12


 530 018b 18       		.byte	0x18
 531 018c 81000000 		.4byte	0x81
 532 0190 02       		.byte	0x2
 533 0191 09       		.uleb128 0x9
 534 0192 4D010000 		.4byte	.LASF27
 535 0196 05       		.byte	0x5
 536 0197 19       		.byte	0x19
 537 0198 81000000 		.4byte	0x81
 538 019c 03       		.byte	0x3
 539 019d 09       		.uleb128 0x9
 540 019e 1C020000 		.4byte	.LASF28
 541 01a2 05       		.byte	0x5
 542 01a3 1A       		.byte	0x1a
 543 01a4 81000000 		.4byte	0x81
 544 01a8 04       		.byte	0x4
 545 01a9 09       		.uleb128 0x9
 546 01aa 90000000 		.4byte	.LASF29
 547 01ae 05       		.byte	0x5
 548 01af 1B       		.byte	0x1b
 549 01b0 81000000 		.4byte	0x81
 550 01b4 05       		.byte	0x5
 551 01b5 00       		.byte	0
 552 01b6 03       		.uleb128 0x3
 553 01b7 64010000 		.4byte	.LASF30
 554 01bb 05       		.byte	0x5
 555 01bc 1C       		.byte	0x1c
 556 01bd B0000000 		.4byte	0xb0
 557 01c1 0A       		.uleb128 0xa
 558 01c2 50000000 		.4byte	.LASF52
 559 01c6 01       		.byte	0x1
 560 01c7 16       		.byte	0x16
 561 01c8 68000000 		.4byte	0x68
 562 01cc 00000000 		.4byte	.LFB64
 563 01d0 9C010000 		.4byte	.LFE64-.LFB64
 564 01d4 01       		.uleb128 0x1
 565 01d5 9C       		.byte	0x9c
 566 01d6 AC030000 		.4byte	0x3ac
 567 01da 0B       		.uleb128 0xb
 568 01db 70733300 		.ascii	"ps3\000"
 569 01df 01       		.byte	0x1
 570 01e0 18       		.byte	0x18
 571 01e1 B6010000 		.4byte	0x1b6
 572 01e5 02       		.uleb128 0x2
 573 01e6 91       		.byte	0x91
 574 01e7 60       		.sleb128 -32
 575 01e8 0C       		.uleb128 0xc
 576 01e9 6900     		.ascii	"i\000"
 577 01eb 01       		.byte	0x1
 578 01ec 19       		.byte	0x19
 579 01ed 9B000000 		.4byte	0x9b
 580 01f1 00000000 		.4byte	.LLST0
 581 01f5 0D       		.uleb128 0xd
 582 01f6 FD010000 		.4byte	.LASF53
 583 01fa 01       		.byte	0x1
 584 01fb 1A       		.byte	0x1a
 585 01fc 68000000 		.4byte	0x68
 586 0200 0B       		.uleb128 0xb
ARM GAS  C:\Users\tetsuya\AppData\Local\Temp\cciQZLcF.s 			page 13


 587 0201 6D00     		.ascii	"m\000"
 588 0203 01       		.byte	0x1
 589 0204 1B       		.byte	0x1b
 590 0205 AC030000 		.4byte	0x3ac
 591 0209 02       		.uleb128 0x2
 592 020a 91       		.byte	0x91
 593 020b 5C       		.sleb128 -36
 594 020c 0B       		.uleb128 0xb
 595 020d 6E6100   		.ascii	"na\000"
 596 0210 01       		.byte	0x1
 597 0211 1C       		.byte	0x1c
 598 0212 BC030000 		.4byte	0x3bc
 599 0216 02       		.uleb128 0x2
 600 0217 91       		.byte	0x91
 601 0218 58       		.sleb128 -40
 602 0219 0C       		.uleb128 0xc
 603 021a 7300     		.ascii	"s\000"
 604 021c 01       		.byte	0x1
 605 021d 1D       		.byte	0x1d
 606 021e 94000000 		.4byte	0x94
 607 0222 1E000000 		.4byte	.LLST1
 608 0226 0C       		.uleb128 0xc
 609 0227 7800     		.ascii	"x\000"
 610 0229 01       		.byte	0x1
 611 022a 1E       		.byte	0x1e
 612 022b 94000000 		.4byte	0x94
 613 022f 36000000 		.4byte	.LLST2
 614 0233 0C       		.uleb128 0xc
 615 0234 7900     		.ascii	"y\000"
 616 0236 01       		.byte	0x1
 617 0237 1E       		.byte	0x1e
 618 0238 94000000 		.4byte	0x94
 619 023c 4E000000 		.4byte	.LLST3
 620 0240 0E       		.uleb128 0xe
 621 0241 54020000 		.4byte	.LASF31
 622 0245 01       		.byte	0x1
 623 0246 1F       		.byte	0x1f
 624 0247 CC030000 		.4byte	0x3cc
 625 024b 03       		.uleb128 0x3
 626 024c 91       		.byte	0x91
 627 024d F47E     		.sleb128 -140
 628 024f 0F       		.uleb128 0xf
 629 0250 1E000000 		.4byte	.LVL0
 630 0254 ED030000 		.4byte	0x3ed
 631 0258 6F020000 		.4byte	0x26f
 632 025c 10       		.uleb128 0x10
 633 025d 01       		.uleb128 0x1
 634 025e 50       		.byte	0x50
 635 025f 03       		.uleb128 0x3
 636 0260 91       		.byte	0x91
 637 0261 F47E     		.sleb128 -140
 638 0263 10       		.uleb128 0x10
 639 0264 01       		.uleb128 0x1
 640 0265 51       		.byte	0x51
 641 0266 01       		.uleb128 0x1
 642 0267 30       		.byte	0x30
 643 0268 10       		.uleb128 0x10
ARM GAS  C:\Users\tetsuya\AppData\Local\Temp\cciQZLcF.s 			page 14


 644 0269 01       		.uleb128 0x1
 645 026a 52       		.byte	0x52
 646 026b 02       		.uleb128 0x2
 647 026c 08       		.byte	0x8
 648 026d 64       		.byte	0x64
 649 026e 00       		.byte	0
 650 026f 11       		.uleb128 0x11
 651 0270 24000000 		.4byte	.LVL1
 652 0274 F6030000 		.4byte	0x3f6
 653 0278 11       		.uleb128 0x11
 654 0279 28000000 		.4byte	.LVL2
 655 027d 01040000 		.4byte	0x401
 656 0281 11       		.uleb128 0x11
 657 0282 2C000000 		.4byte	.LVL3
 658 0286 0C040000 		.4byte	0x40c
 659 028a 11       		.uleb128 0x11
 660 028b 30000000 		.4byte	.LVL4
 661 028f 17040000 		.4byte	0x417
 662 0293 11       		.uleb128 0x11
 663 0294 34000000 		.4byte	.LVL5
 664 0298 22040000 		.4byte	0x422
 665 029c 0F       		.uleb128 0xf
 666 029d 3C000000 		.4byte	.LVL6
 667 02a1 2D040000 		.4byte	0x42d
 668 02a5 B1020000 		.4byte	0x2b1
 669 02a9 10       		.uleb128 0x10
 670 02aa 01       		.uleb128 0x1
 671 02ab 50       		.byte	0x50
 672 02ac 03       		.uleb128 0x3
 673 02ad 0A       		.byte	0xa
 674 02ae 8813     		.2byte	0x1388
 675 02b0 00       		.byte	0
 676 02b1 0F       		.uleb128 0xf
 677 02b2 42000000 		.4byte	.LVL7
 678 02b6 38040000 		.4byte	0x438
 679 02ba C6020000 		.4byte	0x2c6
 680 02be 10       		.uleb128 0x10
 681 02bf 01       		.uleb128 0x1
 682 02c0 50       		.byte	0x50
 683 02c1 03       		.uleb128 0x3
 684 02c2 91       		.byte	0x91
 685 02c3 E87E     		.sleb128 -152
 686 02c5 00       		.byte	0
 687 02c6 11       		.uleb128 0x11
 688 02c7 96000000 		.4byte	.LVL16
 689 02cb 43040000 		.4byte	0x443
 690 02cf 0F       		.uleb128 0xf
 691 02d0 A0000000 		.4byte	.LVL17
 692 02d4 4E040000 		.4byte	0x44e
 693 02d8 EF020000 		.4byte	0x2ef
 694 02dc 10       		.uleb128 0x10
 695 02dd 01       		.uleb128 0x1
 696 02de 50       		.byte	0x50
 697 02df 02       		.uleb128 0x2
 698 02e0 91       		.byte	0x91
 699 02e1 60       		.sleb128 -32
 700 02e2 10       		.uleb128 0x10
ARM GAS  C:\Users\tetsuya\AppData\Local\Temp\cciQZLcF.s 			page 15


 701 02e3 01       		.uleb128 0x1
 702 02e4 51       		.byte	0x51
 703 02e5 02       		.uleb128 0x2
 704 02e6 91       		.byte	0x91
 705 02e7 5C       		.sleb128 -36
 706 02e8 10       		.uleb128 0x10
 707 02e9 01       		.uleb128 0x1
 708 02ea 52       		.byte	0x52
 709 02eb 02       		.uleb128 0x2
 710 02ec 91       		.byte	0x91
 711 02ed 58       		.sleb128 -40
 712 02ee 00       		.byte	0
 713 02ef 0F       		.uleb128 0xf
 714 02f0 AC000000 		.4byte	.LVL18
 715 02f4 59040000 		.4byte	0x459
 716 02f8 02030000 		.4byte	0x302
 717 02fc 10       		.uleb128 0x10
 718 02fd 01       		.uleb128 0x1
 719 02fe 50       		.byte	0x50
 720 02ff 01       		.uleb128 0x1
 721 0300 31       		.byte	0x31
 722 0301 00       		.byte	0
 723 0302 0F       		.uleb128 0xf
 724 0303 B4000000 		.4byte	.LVL19
 725 0307 59040000 		.4byte	0x459
 726 030b 15030000 		.4byte	0x315
 727 030f 10       		.uleb128 0x10
 728 0310 01       		.uleb128 0x1
 729 0311 50       		.byte	0x50
 730 0312 01       		.uleb128 0x1
 731 0313 32       		.byte	0x32
 732 0314 00       		.byte	0
 733 0315 0F       		.uleb128 0xf
 734 0316 C0000000 		.4byte	.LVL20
 735 031a 64040000 		.4byte	0x464
 736 031e 28030000 		.4byte	0x328
 737 0322 10       		.uleb128 0x10
 738 0323 01       		.uleb128 0x1
 739 0324 50       		.byte	0x50
 740 0325 01       		.uleb128 0x1
 741 0326 32       		.byte	0x32
 742 0327 00       		.byte	0
 743 0328 0F       		.uleb128 0xf
 744 0329 C8000000 		.4byte	.LVL21
 745 032d 64040000 		.4byte	0x464
 746 0331 3B030000 		.4byte	0x33b
 747 0335 10       		.uleb128 0x10
 748 0336 01       		.uleb128 0x1
 749 0337 50       		.byte	0x50
 750 0338 01       		.uleb128 0x1
 751 0339 31       		.byte	0x31
 752 033a 00       		.byte	0
 753 033b 0F       		.uleb128 0xf
 754 033c D4000000 		.4byte	.LVL22
 755 0340 6F040000 		.4byte	0x46f
 756 0344 4E030000 		.4byte	0x34e
 757 0348 10       		.uleb128 0x10
ARM GAS  C:\Users\tetsuya\AppData\Local\Temp\cciQZLcF.s 			page 16


 758 0349 01       		.uleb128 0x1
 759 034a 50       		.byte	0x50
 760 034b 01       		.uleb128 0x1
 761 034c 32       		.byte	0x32
 762 034d 00       		.byte	0
 763 034e 0F       		.uleb128 0xf
 764 034f DE000000 		.4byte	.LVL23
 765 0353 6F040000 		.4byte	0x46f
 766 0357 61030000 		.4byte	0x361
 767 035b 10       		.uleb128 0x10
 768 035c 01       		.uleb128 0x1
 769 035d 50       		.byte	0x50
 770 035e 01       		.uleb128 0x1
 771 035f 31       		.byte	0x31
 772 0360 00       		.byte	0
 773 0361 11       		.uleb128 0x11
 774 0362 24010000 		.4byte	.LVL28
 775 0366 7A040000 		.4byte	0x47a
 776 036a 11       		.uleb128 0x11
 777 036b 2C010000 		.4byte	.LVL29
 778 036f 85040000 		.4byte	0x485
 779 0373 11       		.uleb128 0x11
 780 0374 34010000 		.4byte	.LVL30
 781 0378 90040000 		.4byte	0x490
 782 037c 0F       		.uleb128 0xf
 783 037d 86010000 		.4byte	.LVL38
 784 0381 9B040000 		.4byte	0x49b
 785 0385 9A030000 		.4byte	0x39a
 786 0389 10       		.uleb128 0x10
 787 038a 01       		.uleb128 0x1
 788 038b 50       		.byte	0x50
 789 038c 03       		.uleb128 0x3
 790 038d 91       		.byte	0x91
 791 038e F47E     		.sleb128 -140
 792 0390 10       		.uleb128 0x10
 793 0391 01       		.uleb128 0x1
 794 0392 51       		.byte	0x51
 795 0393 05       		.uleb128 0x5
 796 0394 03       		.byte	0x3
 797 0395 00000000 		.4byte	.LC0
 798 0399 00       		.byte	0
 799 039a 12       		.uleb128 0x12
 800 039b 8C010000 		.4byte	.LVL39
 801 039f A6040000 		.4byte	0x4a6
 802 03a3 10       		.uleb128 0x10
 803 03a4 01       		.uleb128 0x1
 804 03a5 50       		.byte	0x50
 805 03a6 03       		.uleb128 0x3
 806 03a7 91       		.byte	0x91
 807 03a8 F47E     		.sleb128 -140
 808 03aa 00       		.byte	0
 809 03ab 00       		.byte	0
 810 03ac 13       		.uleb128 0x13
 811 03ad 81000000 		.4byte	0x81
 812 03b1 BC030000 		.4byte	0x3bc
 813 03b5 14       		.uleb128 0x14
 814 03b6 A9000000 		.4byte	0xa9
ARM GAS  C:\Users\tetsuya\AppData\Local\Temp\cciQZLcF.s 			page 17


 815 03ba 02       		.byte	0x2
 816 03bb 00       		.byte	0
 817 03bc 13       		.uleb128 0x13
 818 03bd 9B000000 		.4byte	0x9b
 819 03c1 CC030000 		.4byte	0x3cc
 820 03c5 14       		.uleb128 0x14
 821 03c6 A9000000 		.4byte	0xa9
 822 03ca 02       		.byte	0x2
 823 03cb 00       		.byte	0
 824 03cc 13       		.uleb128 0x13
 825 03cd 9B000000 		.4byte	0x9b
 826 03d1 DC030000 		.4byte	0x3dc
 827 03d5 14       		.uleb128 0x14
 828 03d6 A9000000 		.4byte	0xa9
 829 03da 63       		.byte	0x63
 830 03db 00       		.byte	0
 831 03dc 15       		.uleb128 0x15
 832 03dd 69020000 		.4byte	.LASF54
 833 03e1 11       		.byte	0x11
 834 03e2 1207     		.2byte	0x712
 835 03e4 E8030000 		.4byte	0x3e8
 836 03e8 16       		.uleb128 0x16
 837 03e9 76000000 		.4byte	0x76
 838 03ed 17       		.uleb128 0x17
 839 03ee 9A000000 		.4byte	.LASF55
 840 03f2 9A000000 		.4byte	.LASF55
 841 03f6 18       		.uleb128 0x18
 842 03f7 3D000000 		.4byte	.LASF32
 843 03fb 3D000000 		.4byte	.LASF32
 844 03ff 06       		.byte	0x6
 845 0400 92       		.byte	0x92
 846 0401 18       		.uleb128 0x18
 847 0402 17000000 		.4byte	.LASF33
 848 0406 17000000 		.4byte	.LASF33
 849 040a 07       		.byte	0x7
 850 040b 92       		.byte	0x92
 851 040c 18       		.uleb128 0x18
 852 040d 57010000 		.4byte	.LASF34
 853 0411 57010000 		.4byte	.LASF34
 854 0415 08       		.byte	0x8
 855 0416 92       		.byte	0x92
 856 0417 18       		.uleb128 0x18
 857 0418 B5000000 		.4byte	.LASF35
 858 041c B5000000 		.4byte	.LASF35
 859 0420 05       		.byte	0x5
 860 0421 1E       		.byte	0x1e
 861 0422 18       		.uleb128 0x18
 862 0423 6F000000 		.4byte	.LASF36
 863 0427 6F000000 		.4byte	.LASF36
 864 042b 09       		.byte	0x9
 865 042c 54       		.byte	0x54
 866 042d 18       		.uleb128 0x18
 867 042e 04030000 		.4byte	.LASF37
 868 0432 04030000 		.4byte	.LASF37
 869 0436 0A       		.byte	0xa
 870 0437 76       		.byte	0x76
 871 0438 18       		.uleb128 0x18
ARM GAS  C:\Users\tetsuya\AppData\Local\Temp\cciQZLcF.s 			page 18


 872 0439 EA010000 		.4byte	.LASF38
 873 043d EA010000 		.4byte	.LASF38
 874 0441 05       		.byte	0x5
 875 0442 20       		.byte	0x20
 876 0443 18       		.uleb128 0x18
 877 0444 37020000 		.4byte	.LASF39
 878 0448 37020000 		.4byte	.LASF39
 879 044c 0B       		.byte	0xb
 880 044d 87       		.byte	0x87
 881 044e 18       		.uleb128 0x18
 882 044f 62020000 		.4byte	.LASF40
 883 0453 62020000 		.4byte	.LASF40
 884 0457 0C       		.byte	0xc
 885 0458 06       		.byte	0x6
 886 0459 18       		.uleb128 0x18
 887 045a 26010000 		.4byte	.LASF41
 888 045e 26010000 		.4byte	.LASF41
 889 0462 0D       		.byte	0xd
 890 0463 2F       		.byte	0x2f
 891 0464 18       		.uleb128 0x18
 892 0465 8B010000 		.4byte	.LASF42
 893 0469 8B010000 		.4byte	.LASF42
 894 046d 0E       		.byte	0xe
 895 046e 2F       		.byte	0x2f
 896 046f 18       		.uleb128 0x18
 897 0470 00000000 		.4byte	.LASF43
 898 0474 00000000 		.4byte	.LASF43
 899 0478 0F       		.byte	0xf
 900 0479 2F       		.byte	0x2f
 901 047a 18       		.uleb128 0x18
 902 047b A1000000 		.4byte	.LASF44
 903 047f A1000000 		.4byte	.LASF44
 904 0483 06       		.byte	0x6
 905 0484 C3       		.byte	0xc3
 906 0485 18       		.uleb128 0x18
 907 0486 55000000 		.4byte	.LASF45
 908 048a 55000000 		.4byte	.LASF45
 909 048e 07       		.byte	0x7
 910 048f C3       		.byte	0xc3
 911 0490 18       		.uleb128 0x18
 912 0491 EF000000 		.4byte	.LASF46
 913 0495 EF000000 		.4byte	.LASF46
 914 0499 08       		.byte	0x8
 915 049a C3       		.byte	0xc3
 916 049b 18       		.uleb128 0x18
 917 049c E7000000 		.4byte	.LASF47
 918 04a0 E7000000 		.4byte	.LASF47
 919 04a4 10       		.byte	0x10
 920 04a5 E7       		.byte	0xe7
 921 04a6 18       		.uleb128 0x18
 922 04a7 26020000 		.4byte	.LASF48
 923 04ab 26020000 		.4byte	.LASF48
 924 04af 09       		.byte	0x9
 925 04b0 8B       		.byte	0x8b
 926 04b1 00       		.byte	0
 927              		.section	.debug_abbrev,"",%progbits
 928              	.Ldebug_abbrev0:
ARM GAS  C:\Users\tetsuya\AppData\Local\Temp\cciQZLcF.s 			page 19


 929 0000 01       		.uleb128 0x1
 930 0001 11       		.uleb128 0x11
 931 0002 01       		.byte	0x1
 932 0003 25       		.uleb128 0x25
 933 0004 0E       		.uleb128 0xe
 934 0005 13       		.uleb128 0x13
 935 0006 0B       		.uleb128 0xb
 936 0007 03       		.uleb128 0x3
 937 0008 0E       		.uleb128 0xe
 938 0009 1B       		.uleb128 0x1b
 939 000a 0E       		.uleb128 0xe
 940 000b 55       		.uleb128 0x55
 941 000c 17       		.uleb128 0x17
 942 000d 11       		.uleb128 0x11
 943 000e 01       		.uleb128 0x1
 944 000f 10       		.uleb128 0x10
 945 0010 17       		.uleb128 0x17
 946 0011 00       		.byte	0
 947 0012 00       		.byte	0
 948 0013 02       		.uleb128 0x2
 949 0014 24       		.uleb128 0x24
 950 0015 00       		.byte	0
 951 0016 0B       		.uleb128 0xb
 952 0017 0B       		.uleb128 0xb
 953 0018 3E       		.uleb128 0x3e
 954 0019 0B       		.uleb128 0xb
 955 001a 03       		.uleb128 0x3
 956 001b 0E       		.uleb128 0xe
 957 001c 00       		.byte	0
 958 001d 00       		.byte	0
 959 001e 03       		.uleb128 0x3
 960 001f 16       		.uleb128 0x16
 961 0020 00       		.byte	0
 962 0021 03       		.uleb128 0x3
 963 0022 0E       		.uleb128 0xe
 964 0023 3A       		.uleb128 0x3a
 965 0024 0B       		.uleb128 0xb
 966 0025 3B       		.uleb128 0x3b
 967 0026 0B       		.uleb128 0xb
 968 0027 49       		.uleb128 0x49
 969 0028 13       		.uleb128 0x13
 970 0029 00       		.byte	0
 971 002a 00       		.byte	0
 972 002b 04       		.uleb128 0x4
 973 002c 24       		.uleb128 0x24
 974 002d 00       		.byte	0
 975 002e 0B       		.uleb128 0xb
 976 002f 0B       		.uleb128 0xb
 977 0030 3E       		.uleb128 0x3e
 978 0031 0B       		.uleb128 0xb
 979 0032 03       		.uleb128 0x3
 980 0033 08       		.uleb128 0x8
 981 0034 00       		.byte	0
 982 0035 00       		.byte	0
 983 0036 05       		.uleb128 0x5
 984 0037 16       		.uleb128 0x16
 985 0038 00       		.byte	0
ARM GAS  C:\Users\tetsuya\AppData\Local\Temp\cciQZLcF.s 			page 20


 986 0039 03       		.uleb128 0x3
 987 003a 0E       		.uleb128 0xe
 988 003b 3A       		.uleb128 0x3a
 989 003c 0B       		.uleb128 0xb
 990 003d 3B       		.uleb128 0x3b
 991 003e 05       		.uleb128 0x5
 992 003f 49       		.uleb128 0x49
 993 0040 13       		.uleb128 0x13
 994 0041 00       		.byte	0
 995 0042 00       		.byte	0
 996 0043 06       		.uleb128 0x6
 997 0044 13       		.uleb128 0x13
 998 0045 01       		.byte	0x1
 999 0046 0B       		.uleb128 0xb
 1000 0047 0B       		.uleb128 0xb
 1001 0048 3A       		.uleb128 0x3a
 1002 0049 0B       		.uleb128 0xb
 1003 004a 3B       		.uleb128 0x3b
 1004 004b 0B       		.uleb128 0xb
 1005 004c 01       		.uleb128 0x1
 1006 004d 13       		.uleb128 0x13
 1007 004e 00       		.byte	0
 1008 004f 00       		.byte	0
 1009 0050 07       		.uleb128 0x7
 1010 0051 0D       		.uleb128 0xd
 1011 0052 00       		.byte	0
 1012 0053 03       		.uleb128 0x3
 1013 0054 0E       		.uleb128 0xe
 1014 0055 3A       		.uleb128 0x3a
 1015 0056 0B       		.uleb128 0xb
 1016 0057 3B       		.uleb128 0x3b
 1017 0058 0B       		.uleb128 0xb
 1018 0059 49       		.uleb128 0x49
 1019 005a 13       		.uleb128 0x13
 1020 005b 0B       		.uleb128 0xb
 1021 005c 0B       		.uleb128 0xb
 1022 005d 0D       		.uleb128 0xd
 1023 005e 0B       		.uleb128 0xb
 1024 005f 0C       		.uleb128 0xc
 1025 0060 0B       		.uleb128 0xb
 1026 0061 38       		.uleb128 0x38
 1027 0062 0B       		.uleb128 0xb
 1028 0063 00       		.byte	0
 1029 0064 00       		.byte	0
 1030 0065 08       		.uleb128 0x8
 1031 0066 0D       		.uleb128 0xd
 1032 0067 00       		.byte	0
 1033 0068 03       		.uleb128 0x3
 1034 0069 08       		.uleb128 0x8
 1035 006a 3A       		.uleb128 0x3a
 1036 006b 0B       		.uleb128 0xb
 1037 006c 3B       		.uleb128 0x3b
 1038 006d 0B       		.uleb128 0xb
 1039 006e 49       		.uleb128 0x49
 1040 006f 13       		.uleb128 0x13
 1041 0070 0B       		.uleb128 0xb
 1042 0071 0B       		.uleb128 0xb
ARM GAS  C:\Users\tetsuya\AppData\Local\Temp\cciQZLcF.s 			page 21


 1043 0072 0D       		.uleb128 0xd
 1044 0073 0B       		.uleb128 0xb
 1045 0074 0C       		.uleb128 0xc
 1046 0075 0B       		.uleb128 0xb
 1047 0076 38       		.uleb128 0x38
 1048 0077 0B       		.uleb128 0xb
 1049 0078 00       		.byte	0
 1050 0079 00       		.byte	0
 1051 007a 09       		.uleb128 0x9
 1052 007b 0D       		.uleb128 0xd
 1053 007c 00       		.byte	0
 1054 007d 03       		.uleb128 0x3
 1055 007e 0E       		.uleb128 0xe
 1056 007f 3A       		.uleb128 0x3a
 1057 0080 0B       		.uleb128 0xb
 1058 0081 3B       		.uleb128 0x3b
 1059 0082 0B       		.uleb128 0xb
 1060 0083 49       		.uleb128 0x49
 1061 0084 13       		.uleb128 0x13
 1062 0085 38       		.uleb128 0x38
 1063 0086 0B       		.uleb128 0xb
 1064 0087 00       		.byte	0
 1065 0088 00       		.byte	0
 1066 0089 0A       		.uleb128 0xa
 1067 008a 2E       		.uleb128 0x2e
 1068 008b 01       		.byte	0x1
 1069 008c 3F       		.uleb128 0x3f
 1070 008d 19       		.uleb128 0x19
 1071 008e 03       		.uleb128 0x3
 1072 008f 0E       		.uleb128 0xe
 1073 0090 3A       		.uleb128 0x3a
 1074 0091 0B       		.uleb128 0xb
 1075 0092 3B       		.uleb128 0x3b
 1076 0093 0B       		.uleb128 0xb
 1077 0094 27       		.uleb128 0x27
 1078 0095 19       		.uleb128 0x19
 1079 0096 49       		.uleb128 0x49
 1080 0097 13       		.uleb128 0x13
 1081 0098 8701     		.uleb128 0x87
 1082 009a 19       		.uleb128 0x19
 1083 009b 11       		.uleb128 0x11
 1084 009c 01       		.uleb128 0x1
 1085 009d 12       		.uleb128 0x12
 1086 009e 06       		.uleb128 0x6
 1087 009f 40       		.uleb128 0x40
 1088 00a0 18       		.uleb128 0x18
 1089 00a1 9642     		.uleb128 0x2116
 1090 00a3 19       		.uleb128 0x19
 1091 00a4 01       		.uleb128 0x1
 1092 00a5 13       		.uleb128 0x13
 1093 00a6 00       		.byte	0
 1094 00a7 00       		.byte	0
 1095 00a8 0B       		.uleb128 0xb
 1096 00a9 34       		.uleb128 0x34
 1097 00aa 00       		.byte	0
 1098 00ab 03       		.uleb128 0x3
 1099 00ac 08       		.uleb128 0x8
ARM GAS  C:\Users\tetsuya\AppData\Local\Temp\cciQZLcF.s 			page 22


 1100 00ad 3A       		.uleb128 0x3a
 1101 00ae 0B       		.uleb128 0xb
 1102 00af 3B       		.uleb128 0x3b
 1103 00b0 0B       		.uleb128 0xb
 1104 00b1 49       		.uleb128 0x49
 1105 00b2 13       		.uleb128 0x13
 1106 00b3 02       		.uleb128 0x2
 1107 00b4 18       		.uleb128 0x18
 1108 00b5 00       		.byte	0
 1109 00b6 00       		.byte	0
 1110 00b7 0C       		.uleb128 0xc
 1111 00b8 34       		.uleb128 0x34
 1112 00b9 00       		.byte	0
 1113 00ba 03       		.uleb128 0x3
 1114 00bb 08       		.uleb128 0x8
 1115 00bc 3A       		.uleb128 0x3a
 1116 00bd 0B       		.uleb128 0xb
 1117 00be 3B       		.uleb128 0x3b
 1118 00bf 0B       		.uleb128 0xb
 1119 00c0 49       		.uleb128 0x49
 1120 00c1 13       		.uleb128 0x13
 1121 00c2 02       		.uleb128 0x2
 1122 00c3 17       		.uleb128 0x17
 1123 00c4 00       		.byte	0
 1124 00c5 00       		.byte	0
 1125 00c6 0D       		.uleb128 0xd
 1126 00c7 34       		.uleb128 0x34
 1127 00c8 00       		.byte	0
 1128 00c9 03       		.uleb128 0x3
 1129 00ca 0E       		.uleb128 0xe
 1130 00cb 3A       		.uleb128 0x3a
 1131 00cc 0B       		.uleb128 0xb
 1132 00cd 3B       		.uleb128 0x3b
 1133 00ce 0B       		.uleb128 0xb
 1134 00cf 49       		.uleb128 0x49
 1135 00d0 13       		.uleb128 0x13
 1136 00d1 00       		.byte	0
 1137 00d2 00       		.byte	0
 1138 00d3 0E       		.uleb128 0xe
 1139 00d4 34       		.uleb128 0x34
 1140 00d5 00       		.byte	0
 1141 00d6 03       		.uleb128 0x3
 1142 00d7 0E       		.uleb128 0xe
 1143 00d8 3A       		.uleb128 0x3a
 1144 00d9 0B       		.uleb128 0xb
 1145 00da 3B       		.uleb128 0x3b
 1146 00db 0B       		.uleb128 0xb
 1147 00dc 49       		.uleb128 0x49
 1148 00dd 13       		.uleb128 0x13
 1149 00de 02       		.uleb128 0x2
 1150 00df 18       		.uleb128 0x18
 1151 00e0 00       		.byte	0
 1152 00e1 00       		.byte	0
 1153 00e2 0F       		.uleb128 0xf
 1154 00e3 898201   		.uleb128 0x4109
 1155 00e6 01       		.byte	0x1
 1156 00e7 11       		.uleb128 0x11
ARM GAS  C:\Users\tetsuya\AppData\Local\Temp\cciQZLcF.s 			page 23


 1157 00e8 01       		.uleb128 0x1
 1158 00e9 31       		.uleb128 0x31
 1159 00ea 13       		.uleb128 0x13
 1160 00eb 01       		.uleb128 0x1
 1161 00ec 13       		.uleb128 0x13
 1162 00ed 00       		.byte	0
 1163 00ee 00       		.byte	0
 1164 00ef 10       		.uleb128 0x10
 1165 00f0 8A8201   		.uleb128 0x410a
 1166 00f3 00       		.byte	0
 1167 00f4 02       		.uleb128 0x2
 1168 00f5 18       		.uleb128 0x18
 1169 00f6 9142     		.uleb128 0x2111
 1170 00f8 18       		.uleb128 0x18
 1171 00f9 00       		.byte	0
 1172 00fa 00       		.byte	0
 1173 00fb 11       		.uleb128 0x11
 1174 00fc 898201   		.uleb128 0x4109
 1175 00ff 00       		.byte	0
 1176 0100 11       		.uleb128 0x11
 1177 0101 01       		.uleb128 0x1
 1178 0102 31       		.uleb128 0x31
 1179 0103 13       		.uleb128 0x13
 1180 0104 00       		.byte	0
 1181 0105 00       		.byte	0
 1182 0106 12       		.uleb128 0x12
 1183 0107 898201   		.uleb128 0x4109
 1184 010a 01       		.byte	0x1
 1185 010b 11       		.uleb128 0x11
 1186 010c 01       		.uleb128 0x1
 1187 010d 31       		.uleb128 0x31
 1188 010e 13       		.uleb128 0x13
 1189 010f 00       		.byte	0
 1190 0110 00       		.byte	0
 1191 0111 13       		.uleb128 0x13
 1192 0112 01       		.uleb128 0x1
 1193 0113 01       		.byte	0x1
 1194 0114 49       		.uleb128 0x49
 1195 0115 13       		.uleb128 0x13
 1196 0116 01       		.uleb128 0x1
 1197 0117 13       		.uleb128 0x13
 1198 0118 00       		.byte	0
 1199 0119 00       		.byte	0
 1200 011a 14       		.uleb128 0x14
 1201 011b 21       		.uleb128 0x21
 1202 011c 00       		.byte	0
 1203 011d 49       		.uleb128 0x49
 1204 011e 13       		.uleb128 0x13
 1205 011f 2F       		.uleb128 0x2f
 1206 0120 0B       		.uleb128 0xb
 1207 0121 00       		.byte	0
 1208 0122 00       		.byte	0
 1209 0123 15       		.uleb128 0x15
 1210 0124 34       		.uleb128 0x34
 1211 0125 00       		.byte	0
 1212 0126 03       		.uleb128 0x3
 1213 0127 0E       		.uleb128 0xe
ARM GAS  C:\Users\tetsuya\AppData\Local\Temp\cciQZLcF.s 			page 24


 1214 0128 3A       		.uleb128 0x3a
 1215 0129 0B       		.uleb128 0xb
 1216 012a 3B       		.uleb128 0x3b
 1217 012b 05       		.uleb128 0x5
 1218 012c 49       		.uleb128 0x49
 1219 012d 13       		.uleb128 0x13
 1220 012e 3F       		.uleb128 0x3f
 1221 012f 19       		.uleb128 0x19
 1222 0130 3C       		.uleb128 0x3c
 1223 0131 19       		.uleb128 0x19
 1224 0132 00       		.byte	0
 1225 0133 00       		.byte	0
 1226 0134 16       		.uleb128 0x16
 1227 0135 35       		.uleb128 0x35
 1228 0136 00       		.byte	0
 1229 0137 49       		.uleb128 0x49
 1230 0138 13       		.uleb128 0x13
 1231 0139 00       		.byte	0
 1232 013a 00       		.byte	0
 1233 013b 17       		.uleb128 0x17
 1234 013c 2E       		.uleb128 0x2e
 1235 013d 00       		.byte	0
 1236 013e 3F       		.uleb128 0x3f
 1237 013f 19       		.uleb128 0x19
 1238 0140 3C       		.uleb128 0x3c
 1239 0141 19       		.uleb128 0x19
 1240 0142 6E       		.uleb128 0x6e
 1241 0143 0E       		.uleb128 0xe
 1242 0144 03       		.uleb128 0x3
 1243 0145 0E       		.uleb128 0xe
 1244 0146 00       		.byte	0
 1245 0147 00       		.byte	0
 1246 0148 18       		.uleb128 0x18
 1247 0149 2E       		.uleb128 0x2e
 1248 014a 00       		.byte	0
 1249 014b 3F       		.uleb128 0x3f
 1250 014c 19       		.uleb128 0x19
 1251 014d 3C       		.uleb128 0x3c
 1252 014e 19       		.uleb128 0x19
 1253 014f 6E       		.uleb128 0x6e
 1254 0150 0E       		.uleb128 0xe
 1255 0151 03       		.uleb128 0x3
 1256 0152 0E       		.uleb128 0xe
 1257 0153 3A       		.uleb128 0x3a
 1258 0154 0B       		.uleb128 0xb
 1259 0155 3B       		.uleb128 0x3b
 1260 0156 0B       		.uleb128 0xb
 1261 0157 00       		.byte	0
 1262 0158 00       		.byte	0
 1263 0159 00       		.byte	0
 1264              		.section	.debug_loc,"",%progbits
 1265              	.Ldebug_loc0:
 1266              	.LLST0:
 1267 0000 E0000000 		.4byte	.LVL24
 1268 0004 F0000000 		.4byte	.LVL25
 1269 0008 0100     		.2byte	0x1
 1270 000a 53       		.byte	0x53
ARM GAS  C:\Users\tetsuya\AppData\Local\Temp\cciQZLcF.s 			page 25


 1271 000b F2000000 		.4byte	.LVL26
 1272 000f FA000000 		.4byte	.LVL27
 1273 0013 0100     		.2byte	0x1
 1274 0015 53       		.byte	0x53
 1275 0016 00000000 		.4byte	0
 1276 001a 00000000 		.4byte	0
 1277              	.LLST1:
 1278 001e 92000000 		.4byte	.LVL15
 1279 0022 95000000 		.4byte	.LVL16-1
 1280 0026 0600     		.2byte	0x6
 1281 0028 50       		.byte	0x50
 1282 0029 93       		.byte	0x93
 1283 002a 04       		.uleb128 0x4
 1284 002b 51       		.byte	0x51
 1285 002c 93       		.byte	0x93
 1286 002d 04       		.uleb128 0x4
 1287 002e 00000000 		.4byte	0
 1288 0032 00000000 		.4byte	0
 1289              	.LLST2:
 1290 0036 5C000000 		.4byte	.LVL9
 1291 003a 78000000 		.4byte	.LVL13
 1292 003e 0600     		.2byte	0x6
 1293 0040 56       		.byte	0x56
 1294 0041 93       		.byte	0x93
 1295 0042 04       		.uleb128 0x4
 1296 0043 57       		.byte	0x57
 1297 0044 93       		.byte	0x93
 1298 0045 04       		.uleb128 0x4
 1299 0046 00000000 		.4byte	0
 1300 004a 00000000 		.4byte	0
 1301              	.LLST3:
 1302 004e 6A000000 		.4byte	.LVL11
 1303 0052 50010000 		.4byte	.LVL33
 1304 0056 0600     		.2byte	0x6
 1305 0058 54       		.byte	0x54
 1306 0059 93       		.byte	0x93
 1307 005a 04       		.uleb128 0x4
 1308 005b 55       		.byte	0x55
 1309 005c 93       		.byte	0x93
 1310 005d 04       		.uleb128 0x4
 1311 005e 00000000 		.4byte	0
 1312 0062 00000000 		.4byte	0
 1313              		.section	.debug_aranges,"",%progbits
 1314 0000 1C000000 		.4byte	0x1c
 1315 0004 0200     		.2byte	0x2
 1316 0006 00000000 		.4byte	.Ldebug_info0
 1317 000a 04       		.byte	0x4
 1318 000b 00       		.byte	0
 1319 000c 0000     		.2byte	0
 1320 000e 0000     		.2byte	0
 1321 0010 00000000 		.4byte	.LFB64
 1322 0014 9C010000 		.4byte	.LFE64-.LFB64
 1323 0018 00000000 		.4byte	0
 1324 001c 00000000 		.4byte	0
 1325              		.section	.debug_ranges,"",%progbits
 1326              	.Ldebug_ranges0:
 1327 0000 00000000 		.4byte	.LFB64
ARM GAS  C:\Users\tetsuya\AppData\Local\Temp\cciQZLcF.s 			page 26


 1328 0004 9C010000 		.4byte	.LFE64
 1329 0008 00000000 		.4byte	0
 1330 000c 00000000 		.4byte	0
 1331              		.section	.debug_line,"",%progbits
 1332              	.Ldebug_line0:
 1333 0000 B2020000 		.section	.debug_str,"MS",%progbits,1
 1333      02005102 
 1333      00000201 
 1333      FB0E0D00 
 1333      01010101 
 1334              	.LASF43:
 1335 0000 72657665 		.ascii	"reverse_C_Write\000"
 1335      7273655F 
 1335      435F5772 
 1335      69746500 
 1336              	.LASF23:
 1337 0010 43495243 		.ascii	"CIRCLE\000"
 1337      4C4500
 1338              	.LASF33:
 1339 0017 6D6F746F 		.ascii	"motorB_Start\000"
 1339      72425F53 
 1339      74617274 
 1339      00
 1340              	.LASF19:
 1341 0024 52494748 		.ascii	"RIGHT\000"
 1341      5400
 1342              	.LASF2:
 1343 002a 73686F72 		.ascii	"short int\000"
 1343      7420696E 
 1343      7400
 1344              	.LASF16:
 1345 0034 73697A65 		.ascii	"sizetype\000"
 1345      74797065 
 1345      00
 1346              	.LASF32:
 1347 003d 6D6F746F 		.ascii	"motorD_Start\000"
 1347      72445F53 
 1347      74617274 
 1347      00
 1348              	.LASF24:
 1349 004a 43524F53 		.ascii	"CROSS\000"
 1349      5300
 1350              	.LASF52:
 1351 0050 6D61696E 		.ascii	"main\000"
 1351      00
 1352              	.LASF45:
 1353 0055 6D6F746F 		.ascii	"motorB_WriteCompare\000"
 1353      72425F57 
 1353      72697465 
 1353      436F6D70 
 1353      61726500 
 1354              	.LASF11:
 1355 0069 75696E74 		.ascii	"uint8\000"
 1355      3800
 1356              	.LASF36:
 1357 006f 55415254 		.ascii	"UART_1_Start\000"
 1357      5F315F53 
ARM GAS  C:\Users\tetsuya\AppData\Local\Temp\cciQZLcF.s 			page 27


 1357      74617274 
 1357      00
 1358              	.LASF12:
 1359 007c 666C6F61 		.ascii	"float\000"
 1359      7400
 1360              	.LASF6:
 1361 0082 6C6F6E67 		.ascii	"long long int\000"
 1361      206C6F6E 
 1361      6720696E 
 1361      7400
 1362              	.LASF29:
 1363 0090 414E414C 		.ascii	"ANALOG_LY\000"
 1363      4F475F4C 
 1363      5900
 1364              	.LASF55:
 1365 009a 6D656D73 		.ascii	"memset\000"
 1365      657400
 1366              	.LASF44:
 1367 00a1 6D6F746F 		.ascii	"motorD_WriteCompare\000"
 1367      72445F57 
 1367      72697465 
 1367      436F6D70 
 1367      61726500 
 1368              	.LASF35:
 1369 00b5 5053335F 		.ascii	"PS3_Start\000"
 1369      53746172 
 1369      7400
 1370              	.LASF21:
 1371 00bf 4C454654 		.ascii	"LEFT\000"
 1371      00
 1372              	.LASF22:
 1373 00c4 54524941 		.ascii	"TRIANGLE\000"
 1373      4E474C45 
 1373      00
 1374              	.LASF15:
 1375 00cd 6C6F6E67 		.ascii	"long double\000"
 1375      20646F75 
 1375      626C6500 
 1376              	.LASF1:
 1377 00d9 756E7369 		.ascii	"unsigned char\000"
 1377      676E6564 
 1377      20636861 
 1377      7200
 1378              	.LASF47:
 1379 00e7 73707269 		.ascii	"sprintf\000"
 1379      6E746600 
 1380              	.LASF46:
 1381 00ef 6D6F746F 		.ascii	"motorC_WriteCompare\000"
 1381      72435F57 
 1381      72697465 
 1381      436F6D70 
 1381      61726500 
 1382              	.LASF0:
 1383 0103 7369676E 		.ascii	"signed char\000"
 1383      65642063 
 1383      68617200 
 1384              	.LASF7:
ARM GAS  C:\Users\tetsuya\AppData\Local\Temp\cciQZLcF.s 			page 28


 1385 010f 6C6F6E67 		.ascii	"long long unsigned int\000"
 1385      206C6F6E 
 1385      6720756E 
 1385      7369676E 
 1385      65642069 
 1386              	.LASF41:
 1387 0126 72657665 		.ascii	"reverse_D_Write\000"
 1387      7273655F 
 1387      445F5772 
 1387      69746500 
 1388              	.LASF8:
 1389 0136 756E7369 		.ascii	"unsigned int\000"
 1389      676E6564 
 1389      20696E74 
 1389      00
 1390              	.LASF26:
 1391 0143 414E414C 		.ascii	"ANALOG_RX\000"
 1391      4F475F52 
 1391      5800
 1392              	.LASF27:
 1393 014d 414E414C 		.ascii	"ANALOG_RY\000"
 1393      4F475F52 
 1393      5900
 1394              	.LASF34:
 1395 0157 6D6F746F 		.ascii	"motorC_Start\000"
 1395      72435F53 
 1395      74617274 
 1395      00
 1396              	.LASF30:
 1397 0164 50533343 		.ascii	"PS3Controller\000"
 1397      6F6E7472 
 1397      6F6C6C65 
 1397      7200
 1398              	.LASF3:
 1399 0172 73686F72 		.ascii	"short unsigned int\000"
 1399      7420756E 
 1399      7369676E 
 1399      65642069 
 1399      6E7400
 1400              	.LASF18:
 1401 0185 53544152 		.ascii	"START\000"
 1401      5400
 1402              	.LASF42:
 1403 018b 72657665 		.ascii	"reverse_B_Write\000"
 1403      7273655F 
 1403      425F5772 
 1403      69746500 
 1404              	.LASF14:
 1405 019b 63686172 		.ascii	"char\000"
 1405      00
 1406              	.LASF4:
 1407 01a0 6C6F6E67 		.ascii	"long int\000"
 1407      20696E74 
 1407      00
 1408              	.LASF10:
 1409 01a9 696E7433 		.ascii	"int32_t\000"
 1409      325F7400 
ARM GAS  C:\Users\tetsuya\AppData\Local\Temp\cciQZLcF.s 			page 29


 1410              	.LASF20:
 1411 01b1 444F574E 		.ascii	"DOWN\000"
 1411      00
 1412              	.LASF51:
 1413 01b6 433A5C55 		.ascii	"C:\\Users\\tetsuya\\Documents\\motor_yao\\Design01."
 1413      73657273 
 1413      5C746574 
 1413      73757961 
 1413      5C446F63 
 1414 01e4 63796473 		.ascii	"cydsn\000"
 1414      6E00
 1415              	.LASF38:
 1416 01ea 5053335F 		.ascii	"PS3_Controller_get\000"
 1416      436F6E74 
 1416      726F6C6C 
 1416      65725F67 
 1416      657400
 1417              	.LASF53:
 1418 01fd 706F7765 		.ascii	"power\000"
 1418      7200
 1419              	.LASF50:
 1420 0203 6D61696E 		.ascii	"main.c\000"
 1420      2E6300
 1421              	.LASF5:
 1422 020a 6C6F6E67 		.ascii	"long unsigned int\000"
 1422      20756E73 
 1422      69676E65 
 1422      6420696E 
 1422      7400
 1423              	.LASF28:
 1424 021c 414E414C 		.ascii	"ANALOG_LX\000"
 1424      4F475F4C 
 1424      5800
 1425              	.LASF48:
 1426 0226 55415254 		.ascii	"UART_1_PutString\000"
 1426      5F315F50 
 1426      75745374 
 1426      72696E67 
 1426      00
 1427              	.LASF39:
 1428 0237 73717274 		.ascii	"sqrt\000"
 1428      00
 1429              	.LASF25:
 1430 023c 53515541 		.ascii	"SQUARE\000"
 1430      524500
 1431              	.LASF9:
 1432 0243 5F5F696E 		.ascii	"__int32_t\000"
 1432      7433325F 
 1432      7400
 1433              	.LASF17:
 1434 024d 53454C45 		.ascii	"SELECT\000"
 1434      435400
 1435              	.LASF31:
 1436 0254 6F757470 		.ascii	"output\000"
 1436      757400
 1437              	.LASF13:
 1438 025b 646F7562 		.ascii	"double\000"
ARM GAS  C:\Users\tetsuya\AppData\Local\Temp\cciQZLcF.s 			page 30


 1438      6C6500
 1439              	.LASF40:
 1440 0262 6D617472 		.ascii	"matrix\000"
 1440      697800
 1441              	.LASF54:
 1442 0269 49544D5F 		.ascii	"ITM_RxBuffer\000"
 1442      52784275 
 1442      66666572 
 1442      00
 1443              	.LASF49:
 1444 0276 474E5520 		.ascii	"GNU C11 5.4.1 20160609 (release) [ARM/embedded-5-br"
 1444      43313120 
 1444      352E342E 
 1444      31203230 
 1444      31363036 
 1445 02a9 616E6368 		.ascii	"anch revision 237715] -mcpu=cortex-m3 -mthumb -g -O"
 1445      20726576 
 1445      6973696F 
 1445      6E203233 
 1445      37373135 
 1446 02dc 67202D66 		.ascii	"g -ffunction-sections -ffat-lto-objects\000"
 1446      66756E63 
 1446      74696F6E 
 1446      2D736563 
 1446      74696F6E 
 1447              	.LASF37:
 1448 0304 43794465 		.ascii	"CyDelay\000"
 1448      6C617900 
 1449              		.ident	"GCC: (GNU Tools for ARM Embedded Processors) 5.4.1 20160609 (release) [ARM/embedded-5-bran
