ARM GAS  C:\Users\tetsuya\AppData\Local\Temp\ccYYyeJZ.s 			page 1


   1              		.syntax unified
   2              		.cpu cortex-m3
   3              		.fpu softvfp
   4              		.eabi_attribute 20, 1
   5              		.eabi_attribute 21, 1
   6              		.eabi_attribute 23, 3
   7              		.eabi_attribute 24, 1
   8              		.eabi_attribute 25, 1
   9              		.eabi_attribute 26, 1
  10              		.eabi_attribute 30, 1
  11              		.eabi_attribute 34, 1
  12              		.eabi_attribute 18, 4
  13              		.thumb
  14              		.syntax unified
  15              		.file	"matrix.c"
  16              		.text
  17              	.Ltext0:
  18              		.cfi_sections	.debug_frame
  19              		.global	__aeabi_i2f
  20              		.global	__aeabi_f2d
  21              		.global	__aeabi_dmul
  22              		.global	__aeabi_dadd
  23              		.global	__aeabi_d2f
  24              		.global	__aeabi_fcmpge
  25              		.global	__aeabi_f2uiz
  26              		.section	.text.matrix,"ax",%progbits
  27              		.align	2
  28              		.global	matrix
  29              		.thumb
  30              		.thumb_func
  31              		.type	matrix, %function
  32              	matrix:
  33              	.LFB64:
  34              		.file 1 "matrix.c"
   1:matrix.c      **** #include "matrix.h"
   2:matrix.c      **** #include <math.h>
   3:matrix.c      **** #include <string.h>
   4:matrix.c      **** #include <stdio.h>
   5:matrix.c      **** #include "project.h"
   6:matrix.c      **** 
   7:matrix.c      **** void matrix(PS3Controller *ps3, uint8 motor[], char na[]) {
  35              		.loc 1 7 0
  36              		.cfi_startproc
  37              		@ args = 0, pretend = 0, frame = 200
  38              		@ frame_needed = 0, uses_anonymous_args = 0
  39              	.LVL0:
  40 0000 2DE9F047 		push	{r4, r5, r6, r7, r8, r9, r10, lr}
  41              		.cfi_def_cfa_offset 32
  42              		.cfi_offset 4, -32
  43              		.cfi_offset 5, -28
  44              		.cfi_offset 6, -24
  45              		.cfi_offset 7, -20
  46              		.cfi_offset 8, -16
  47              		.cfi_offset 9, -12
  48              		.cfi_offset 10, -8
  49              		.cfi_offset 14, -4
  50 0004 B4B0     		sub	sp, sp, #208
ARM GAS  C:\Users\tetsuya\AppData\Local\Temp\ccYYyeJZ.s 			page 2


  51              		.cfi_def_cfa_offset 240
  52 0006 0646     		mov	r6, r0
  53 0008 0C46     		mov	r4, r1
  54 000a 1546     		mov	r5, r2
  55              	.LVL1:
   8:matrix.c      **** 	int i, j;
   9:matrix.c      **** 	float L = 176;
  10:matrix.c      ****     char output[100] = {0};
  56              		.loc 1 10 0
  57 000c 6422     		movs	r2, #100
  58              	.LVL2:
  59 000e 0021     		movs	r1, #0
  60              	.LVL3:
  61 0010 1BA8     		add	r0, sp, #108
  62              	.LVL4:
  63 0012 FFF7FEFF 		bl	memset
  64              	.LVL5:
  11:matrix.c      **** 	//double m[3] = {0}
  12:matrix.c      ****     
  13:matrix.c      **** 	double mat[3][3] = {{1.0, 0.0, L}, 
  65              		.loc 1 13 0
  66 0016 0022     		movs	r2, #0
  67 0018 454B     		ldr	r3, .L14+16
  68 001a CDE90823 		strd	r2, [sp, #32]
  69 001e 0022     		movs	r2, #0
  70 0020 0023     		movs	r3, #0
  71 0022 CDE90A23 		strd	r2, [sp, #40]
  72 0026 0022     		movs	r2, #0
  73 0028 424B     		ldr	r3, .L14+20
  74 002a CDE90C23 		strd	r2, [sp, #48]
  75 002e 0020     		movs	r0, #0
  76 0030 4149     		ldr	r1, .L14+24
  77 0032 CDE90E01 		strd	r0, [sp, #56]
  78 0036 0FF2E809 		adr	r9, .L14
  79 003a D9E90089 		ldrd	r8, [r9]
  80 003e CDE91089 		strd	r8, [sp, #64]
  81 0042 CDE91223 		strd	r2, [sp, #72]
  82 0046 CDE91401 		strd	r0, [sp, #80]
  83 004a 37A1     		adr	r1, .L14+8
  84 004c D1E90001 		ldrd	r0, [r1]
  85 0050 CDE91601 		strd	r0, [sp, #88]
  86 0054 CDE91823 		strd	r2, [sp, #96]
  14:matrix.c      **** 					  {-1.0/2, sqrt(3.0/2), L}, 
  15:matrix.c      **** 					  {-1.0/2, -sqrt(3.0/2), L}};
  16:matrix.c      ****     
  17:matrix.c      **** 	float x = ps3->ANALOG_LX - 64;
  87              		.loc 1 17 0
  88 0058 3079     		ldrb	r0, [r6, #4]	@ zero_extendqisi2
  89 005a 4038     		subs	r0, r0, #64
  90 005c FFF7FEFF 		bl	__aeabi_i2f
  91              	.LVL6:
  92 0060 0746     		mov	r7, r0
  93              	.LVL7:
  18:matrix.c      **** 	float y = ps3->ANALOG_LY - 64;
  94              		.loc 1 18 0
  95 0062 7079     		ldrb	r0, [r6, #5]	@ zero_extendqisi2
  96              	.LVL8:
ARM GAS  C:\Users\tetsuya\AppData\Local\Temp\ccYYyeJZ.s 			page 3


  97 0064 4038     		subs	r0, r0, #64
  98 0066 FFF7FEFF 		bl	__aeabi_i2f
  99              	.LVL9:
  19:matrix.c      ****     float max = fmaxf(fabsf(x), fabsf(y));
  20:matrix.c      ****     if (max == 0)
  21:matrix.c      ****         max = 1;
  22:matrix.c      **** 	float col[3] = {x, y, 0};
 100              		.loc 1 22 0
 101 006a 0597     		str	r7, [sp, #20]	@ float
 102 006c 0690     		str	r0, [sp, #24]	@ float
 103 006e 0023     		movs	r3, #0
 104 0070 0793     		str	r3, [sp, #28]	@ float
  23:matrix.c      ****    
  24:matrix.c      **** 	float re[3] = {0};
 105              		.loc 1 24 0
 106 0072 0027     		movs	r7, #0
 107              	.LVL10:
 108 0074 0297     		str	r7, [sp, #8]
 109 0076 0397     		str	r7, [sp, #12]
 110 0078 0497     		str	r7, [sp, #16]
 111              	.LVL11:
  25:matrix.c      **** 	for (i = 0; i < 3; i++) {
 112              		.loc 1 25 0
 113 007a 28E0     		b	.L2
 114              	.LVL12:
 115              	.L3:
  26:matrix.c      **** 		for (j = 0; j < 3; j++) {
  27:matrix.c      **** 			re[i] += mat[i][j] * col[j];
 116              		.loc 1 27 0 discriminator 3
 117 007c 07EB4703 		add	r3, r7, r7, lsl #1
 118 0080 3344     		add	r3, r3, r6
 119 0082 34AA     		add	r2, sp, #208
 120 0084 02EBC303 		add	r3, r2, r3, lsl #3
 121 0088 53E92C89 		ldrd	r8, [r3, #-176]
 122 008c 02EB8603 		add	r3, r2, r6, lsl #2
 123 0090 53F8BC0C 		ldr	r0, [r3, #-188]	@ float
 124 0094 FFF7FEFF 		bl	__aeabi_f2d
 125              	.LVL13:
 126 0098 4246     		mov	r2, r8
 127 009a 4B46     		mov	r3, r9
 128 009c FFF7FEFF 		bl	__aeabi_dmul
 129              	.LVL14:
 130 00a0 8046     		mov	r8, r0
 131 00a2 8946     		mov	r9, r1
 132 00a4 34AB     		add	r3, sp, #208
 133 00a6 03EB870A 		add	r10, r3, r7, lsl #2
 134 00aa 5AF8C80C 		ldr	r0, [r10, #-200]	@ float
 135 00ae FFF7FEFF 		bl	__aeabi_f2d
 136              	.LVL15:
 137 00b2 4246     		mov	r2, r8
 138 00b4 4B46     		mov	r3, r9
 139 00b6 FFF7FEFF 		bl	__aeabi_dadd
 140              	.LVL16:
 141 00ba FFF7FEFF 		bl	__aeabi_d2f
 142              	.LVL17:
 143 00be 4AF8C80C 		str	r0, [r10, #-200]	@ float
  26:matrix.c      **** 		for (j = 0; j < 3; j++) {
ARM GAS  C:\Users\tetsuya\AppData\Local\Temp\ccYYyeJZ.s 			page 4


 144              		.loc 1 26 0 discriminator 3
 145 00c2 0136     		adds	r6, r6, #1
 146              	.LVL18:
 147 00c4 00E0     		b	.L4
 148              	.LVL19:
 149              	.L10:
 150 00c6 0026     		movs	r6, #0
 151              	.L4:
 152              	.LVL20:
  26:matrix.c      **** 		for (j = 0; j < 3; j++) {
 153              		.loc 1 26 0 is_stmt 0 discriminator 1
 154 00c8 022E     		cmp	r6, #2
 155 00ca D7DD     		ble	.L3
  25:matrix.c      **** 	for (i = 0; i < 3; i++) {
 156              		.loc 1 25 0 is_stmt 1 discriminator 2
 157 00cc 0137     		adds	r7, r7, #1
 158              	.LVL21:
 159              	.L2:
  25:matrix.c      **** 	for (i = 0; i < 3; i++) {
 160              		.loc 1 25 0 is_stmt 0 discriminator 1
 161 00ce 022F     		cmp	r7, #2
 162 00d0 F9DD     		ble	.L10
 163 00d2 0026     		movs	r6, #0
 164 00d4 14E0     		b	.L5
 165              	.LVL22:
 166              	.L9:
  28:matrix.c      **** 		}
  29:matrix.c      ****         
  30:matrix.c      **** 	}
  31:matrix.c      ****     //sprintf(output, "%s ", "\n\n");
  32:matrix.c      ****     //sprintf(output, "%f %f %f\n", re[0], re[1], re[2]);
  33:matrix.c      ****     //UART_1_PutString(output);
  34:matrix.c      ****     
  35:matrix.c      **** 	for (i = 0; i < 3; i++) {
  36:matrix.c      ****         if (re[i] >=0)
 167              		.loc 1 36 0 is_stmt 1
 168 00d6 34AB     		add	r3, sp, #208
 169 00d8 03EB8603 		add	r3, r3, r6, lsl #2
 170 00dc 53F8C87C 		ldr	r7, [r3, #-200]	@ float
 171 00e0 0021     		movs	r1, #0
 172 00e2 3846     		mov	r0, r7
 173 00e4 FFF7FEFF 		bl	__aeabi_fcmpge
 174              	.LVL23:
 175 00e8 10B1     		cbz	r0, .L12
  37:matrix.c      ****             na[i] = 1;
 176              		.loc 1 37 0
 177 00ea 0123     		movs	r3, #1
 178 00ec AB55     		strb	r3, [r5, r6]
 179 00ee 01E0     		b	.L8
 180              	.L12:
  38:matrix.c      ****         else
  39:matrix.c      ****             na[i] = 0;
 181              		.loc 1 39 0
 182 00f0 0023     		movs	r3, #0
 183 00f2 AB55     		strb	r3, [r5, r6]
 184              	.L8:
  40:matrix.c      **** 		motor[i] = fabsf(re[i]);
ARM GAS  C:\Users\tetsuya\AppData\Local\Temp\ccYYyeJZ.s 			page 5


 185              		.loc 1 40 0 discriminator 2
 186 00f4 27F00040 		bic	r0, r7, #-2147483648
 187 00f8 FFF7FEFF 		bl	__aeabi_f2uiz
 188              	.LVL24:
 189 00fc A055     		strb	r0, [r4, r6]
  35:matrix.c      ****         if (re[i] >=0)
 190              		.loc 1 35 0 discriminator 2
 191 00fe 0136     		adds	r6, r6, #1
 192              	.LVL25:
 193              	.L5:
  35:matrix.c      ****         if (re[i] >=0)
 194              		.loc 1 35 0 is_stmt 0 discriminator 1
 195 0100 022E     		cmp	r6, #2
 196 0102 E8DD     		ble	.L9
  41:matrix.c      **** 	}
  42:matrix.c      ****    
  43:matrix.c      ****     sprintf(output, "%d %d %d\n", motor[0], motor[1], motor[2]);
 197              		.loc 1 43 0 is_stmt 1
 198 0104 2278     		ldrb	r2, [r4]	@ zero_extendqisi2
 199 0106 6378     		ldrb	r3, [r4, #1]	@ zero_extendqisi2
 200 0108 A178     		ldrb	r1, [r4, #2]	@ zero_extendqisi2
 201 010a 0091     		str	r1, [sp]
 202 010c 0B49     		ldr	r1, .L14+28
 203 010e 1BA8     		add	r0, sp, #108
 204 0110 FFF7FEFF 		bl	sprintf
 205              	.LVL26:
  44:matrix.c      ****     UART_1_PutString(output);
 206              		.loc 1 44 0
 207 0114 1BA8     		add	r0, sp, #108
 208 0116 FFF7FEFF 		bl	UART_1_PutString
 209              	.LVL27:
  45:matrix.c      **** }
 210              		.loc 1 45 0
 211 011a 34B0     		add	sp, sp, #208
 212              		.cfi_def_cfa_offset 32
 213              		@ sp needed
 214 011c BDE8F087 		pop	{r4, r5, r6, r7, r8, r9, r10, pc}
 215              	.LVL28:
 216              	.L15:
 217              		.align	3
 218              	.L14:
 219 0120 2E210914 		.word	336142638
 220 0124 8E98F33F 		.word	1072928910
 221 0128 2E210914 		.word	336142638
 222 012c 8E98F3BF 		.word	-1074554738
 223 0130 0000F03F 		.word	1072693248
 224 0134 00006640 		.word	1080426496
 225 0138 0000E0BF 		.word	-1075838976
 226 013c 00000000 		.word	.LC0
 227              		.cfi_endproc
 228              	.LFE64:
 229              		.size	matrix, .-matrix
 230              		.section	.rodata.str1.4,"aMS",%progbits,1
 231              		.align	2
 232              	.LC0:
 233 0000 25642025 		.ascii	"%d %d %d\012\000"
 233      64202564 
ARM GAS  C:\Users\tetsuya\AppData\Local\Temp\ccYYyeJZ.s 			page 6


 233      0A00
 234              		.text
 235              	.Letext0:
 236              		.file 2 "c:\\program files (x86)\\cypress\\psoc creator\\4.1\\psoc creator\\import\\gnu\\arm\\5.4.
 237              		.file 3 "c:\\program files (x86)\\cypress\\psoc creator\\4.1\\psoc creator\\import\\gnu\\arm\\5.4.
 238              		.file 4 "Generated_Source\\PSoC5/cytypes.h"
 239              		.file 5 "PS3_Controller.h"
 240              		.file 6 "c:\\program files (x86)\\cypress\\psoc creator\\4.1\\psoc creator\\import\\gnu\\arm\\5.4.
 241              		.file 7 "Generated_Source\\PSoC5/UART_1.h"
 242              		.file 8 "Generated_Source\\PSoC5/core_cm3.h"
 243              		.section	.debug_info,"",%progbits
 244              	.Ldebug_info0:
 245 0000 4F030000 		.4byte	0x34f
 246 0004 0400     		.2byte	0x4
 247 0006 00000000 		.4byte	.Ldebug_abbrev0
 248 000a 04       		.byte	0x4
 249 000b 01       		.uleb128 0x1
 250 000c 51000000 		.4byte	.LASF35
 251 0010 0C       		.byte	0xc
 252 0011 F4010000 		.4byte	.LASF36
 253 0015 26010000 		.4byte	.LASF37
 254 0019 00000000 		.4byte	.Ldebug_ranges0+0
 255 001d 00000000 		.4byte	0
 256 0021 00000000 		.4byte	.Ldebug_line0
 257 0025 02       		.uleb128 0x2
 258 0026 01       		.byte	0x1
 259 0027 06       		.byte	0x6
 260 0028 06020000 		.4byte	.LASF0
 261 002c 02       		.uleb128 0x2
 262 002d 01       		.byte	0x1
 263 002e 08       		.byte	0x8
 264 002f 43000000 		.4byte	.LASF1
 265 0033 02       		.uleb128 0x2
 266 0034 02       		.byte	0x2
 267 0035 05       		.byte	0x5
 268 0036 D4010000 		.4byte	.LASF2
 269 003a 02       		.uleb128 0x2
 270 003b 02       		.byte	0x2
 271 003c 07       		.byte	0x7
 272 003d A0010000 		.4byte	.LASF3
 273 0041 03       		.uleb128 0x3
 274 0042 19000000 		.4byte	.LASF9
 275 0046 02       		.byte	0x2
 276 0047 3F       		.byte	0x3f
 277 0048 4C000000 		.4byte	0x4c
 278 004c 02       		.uleb128 0x2
 279 004d 04       		.byte	0x4
 280 004e 05       		.byte	0x5
 281 004f EB010000 		.4byte	.LASF4
 282 0053 02       		.uleb128 0x2
 283 0054 04       		.byte	0x4
 284 0055 07       		.byte	0x7
 285 0056 F9000000 		.4byte	.LASF5
 286 005a 02       		.uleb128 0x2
 287 005b 08       		.byte	0x8
 288 005c 05       		.byte	0x5
 289 005d 00000000 		.4byte	.LASF6
ARM GAS  C:\Users\tetsuya\AppData\Local\Temp\ccYYyeJZ.s 			page 7


 290 0061 02       		.uleb128 0x2
 291 0062 08       		.byte	0x8
 292 0063 07       		.byte	0x7
 293 0064 6E010000 		.4byte	.LASF7
 294 0068 04       		.uleb128 0x4
 295 0069 04       		.byte	0x4
 296 006a 05       		.byte	0x5
 297 006b 696E7400 		.ascii	"int\000"
 298 006f 02       		.uleb128 0x2
 299 0070 04       		.byte	0x4
 300 0071 07       		.byte	0x7
 301 0072 61010000 		.4byte	.LASF8
 302 0076 03       		.uleb128 0x3
 303 0077 34000000 		.4byte	.LASF10
 304 007b 03       		.byte	0x3
 305 007c 2C       		.byte	0x2c
 306 007d 41000000 		.4byte	0x41
 307 0081 05       		.uleb128 0x5
 308 0082 E5010000 		.4byte	.LASF11
 309 0086 04       		.byte	0x4
 310 0087 9201     		.2byte	0x192
 311 0089 2C000000 		.4byte	0x2c
 312 008d 02       		.uleb128 0x2
 313 008e 04       		.byte	0x4
 314 008f 04       		.byte	0x4
 315 0090 0E000000 		.4byte	.LASF12
 316 0094 02       		.uleb128 0x2
 317 0095 08       		.byte	0x8
 318 0096 04       		.byte	0x4
 319 0097 2D000000 		.4byte	.LASF13
 320 009b 02       		.uleb128 0x2
 321 009c 01       		.byte	0x1
 322 009d 08       		.byte	0x8
 323 009e C3010000 		.4byte	.LASF14
 324 00a2 02       		.uleb128 0x2
 325 00a3 08       		.byte	0x8
 326 00a4 04       		.byte	0x4
 327 00a5 8B010000 		.4byte	.LASF15
 328 00a9 02       		.uleb128 0x2
 329 00aa 04       		.byte	0x4
 330 00ab 07       		.byte	0x7
 331 00ac 97010000 		.4byte	.LASF16
 332 00b0 06       		.uleb128 0x6
 333 00b1 04       		.byte	0x4
 334 00b2 9B000000 		.4byte	0x9b
 335 00b6 07       		.uleb128 0x7
 336 00b7 06       		.byte	0x6
 337 00b8 05       		.byte	0x5
 338 00b9 08       		.byte	0x8
 339 00ba BC010000 		.4byte	0x1bc
 340 00be 08       		.uleb128 0x8
 341 00bf 3C000000 		.4byte	.LASF17
 342 00c3 05       		.byte	0x5
 343 00c4 0A       		.byte	0xa
 344 00c5 81000000 		.4byte	0x81
 345 00c9 01       		.byte	0x1
 346 00ca 01       		.byte	0x1
ARM GAS  C:\Users\tetsuya\AppData\Local\Temp\ccYYyeJZ.s 			page 8


 347 00cb 07       		.byte	0x7
 348 00cc 00       		.byte	0
 349 00cd 08       		.uleb128 0x8
 350 00ce EC000000 		.4byte	.LASF18
 351 00d2 05       		.byte	0x5
 352 00d3 0B       		.byte	0xb
 353 00d4 81000000 		.4byte	0x81
 354 00d8 01       		.byte	0x1
 355 00d9 01       		.byte	0x1
 356 00da 06       		.byte	0x6
 357 00db 00       		.byte	0
 358 00dc 09       		.uleb128 0x9
 359 00dd 555000   		.ascii	"UP\000"
 360 00e0 05       		.byte	0x5
 361 00e1 0C       		.byte	0xc
 362 00e2 81000000 		.4byte	0x81
 363 00e6 01       		.byte	0x1
 364 00e7 01       		.byte	0x1
 365 00e8 05       		.byte	0x5
 366 00e9 00       		.byte	0
 367 00ea 08       		.uleb128 0x8
 368 00eb 85010000 		.4byte	.LASF19
 369 00ef 05       		.byte	0x5
 370 00f0 0D       		.byte	0xd
 371 00f1 81000000 		.4byte	0x81
 372 00f5 01       		.byte	0x1
 373 00f6 01       		.byte	0x1
 374 00f7 04       		.byte	0x4
 375 00f8 00       		.byte	0
 376 00f9 08       		.uleb128 0x8
 377 00fa CF010000 		.4byte	.LASF20
 378 00fe 05       		.byte	0x5
 379 00ff 0E       		.byte	0xe
 380 0100 81000000 		.4byte	0x81
 381 0104 01       		.byte	0x1
 382 0105 01       		.byte	0x1
 383 0106 03       		.byte	0x3
 384 0107 00       		.byte	0
 385 0108 08       		.uleb128 0x8
 386 0109 14000000 		.4byte	.LASF21
 387 010d 05       		.byte	0x5
 388 010e 0F       		.byte	0xf
 389 010f 81000000 		.4byte	0x81
 390 0113 01       		.byte	0x1
 391 0114 01       		.byte	0x1
 392 0115 02       		.byte	0x2
 393 0116 00       		.byte	0
 394 0117 09       		.uleb128 0x9
 395 0118 4C3200   		.ascii	"L2\000"
 396 011b 05       		.byte	0x5
 397 011c 10       		.byte	0x10
 398 011d 81000000 		.4byte	0x81
 399 0121 01       		.byte	0x1
 400 0122 01       		.byte	0x1
 401 0123 01       		.byte	0x1
 402 0124 00       		.byte	0
 403 0125 09       		.uleb128 0x9
ARM GAS  C:\Users\tetsuya\AppData\Local\Temp\ccYYyeJZ.s 			page 9


 404 0126 523200   		.ascii	"R2\000"
 405 0129 05       		.byte	0x5
 406 012a 11       		.byte	0x11
 407 012b 81000000 		.4byte	0x81
 408 012f 01       		.byte	0x1
 409 0130 01       		.byte	0x1
 410 0131 00       		.byte	0
 411 0132 00       		.byte	0
 412 0133 09       		.uleb128 0x9
 413 0134 4C3100   		.ascii	"L1\000"
 414 0137 05       		.byte	0x5
 415 0138 12       		.byte	0x12
 416 0139 81000000 		.4byte	0x81
 417 013d 01       		.byte	0x1
 418 013e 01       		.byte	0x1
 419 013f 07       		.byte	0x7
 420 0140 01       		.byte	0x1
 421 0141 09       		.uleb128 0x9
 422 0142 523100   		.ascii	"R1\000"
 423 0145 05       		.byte	0x5
 424 0146 13       		.byte	0x13
 425 0147 81000000 		.4byte	0x81
 426 014b 01       		.byte	0x1
 427 014c 01       		.byte	0x1
 428 014d 06       		.byte	0x6
 429 014e 01       		.byte	0x1
 430 014f 08       		.uleb128 0x8
 431 0150 FD010000 		.4byte	.LASF22
 432 0154 05       		.byte	0x5
 433 0155 14       		.byte	0x14
 434 0156 81000000 		.4byte	0x81
 435 015a 01       		.byte	0x1
 436 015b 01       		.byte	0x1
 437 015c 05       		.byte	0x5
 438 015d 01       		.byte	0x1
 439 015e 08       		.uleb128 0x8
 440 015f 1F010000 		.4byte	.LASF23
 441 0163 05       		.byte	0x5
 442 0164 15       		.byte	0x15
 443 0165 81000000 		.4byte	0x81
 444 0169 01       		.byte	0x1
 445 016a 01       		.byte	0x1
 446 016b 04       		.byte	0x4
 447 016c 01       		.byte	0x1
 448 016d 08       		.uleb128 0x8
 449 016e 0B010000 		.4byte	.LASF24
 450 0172 05       		.byte	0x5
 451 0173 16       		.byte	0x16
 452 0174 81000000 		.4byte	0x81
 453 0178 01       		.byte	0x1
 454 0179 01       		.byte	0x1
 455 017a 03       		.byte	0x3
 456 017b 01       		.byte	0x1
 457 017c 08       		.uleb128 0x8
 458 017d 5A010000 		.4byte	.LASF25
 459 0181 05       		.byte	0x5
 460 0182 17       		.byte	0x17
ARM GAS  C:\Users\tetsuya\AppData\Local\Temp\ccYYyeJZ.s 			page 10


 461 0183 81000000 		.4byte	0x81
 462 0187 01       		.byte	0x1
 463 0188 01       		.byte	0x1
 464 0189 02       		.byte	0x2
 465 018a 01       		.byte	0x1
 466 018b 0A       		.uleb128 0xa
 467 018c 12020000 		.4byte	.LASF26
 468 0190 05       		.byte	0x5
 469 0191 18       		.byte	0x18
 470 0192 81000000 		.4byte	0x81
 471 0196 02       		.byte	0x2
 472 0197 0A       		.uleb128 0xa
 473 0198 2D020000 		.4byte	.LASF27
 474 019c 05       		.byte	0x5
 475 019d 19       		.byte	0x19
 476 019e 81000000 		.4byte	0x81
 477 01a2 03       		.byte	0x3
 478 01a3 0A       		.uleb128 0xa
 479 01a4 B9010000 		.4byte	.LASF28
 480 01a8 05       		.byte	0x5
 481 01a9 1A       		.byte	0x1a
 482 01aa 81000000 		.4byte	0x81
 483 01ae 04       		.byte	0x4
 484 01af 0A       		.uleb128 0xa
 485 01b0 23000000 		.4byte	.LASF29
 486 01b4 05       		.byte	0x5
 487 01b5 1B       		.byte	0x1b
 488 01b6 81000000 		.4byte	0x81
 489 01ba 05       		.byte	0x5
 490 01bb 00       		.byte	0
 491 01bc 03       		.uleb128 0x3
 492 01bd 11010000 		.4byte	.LASF30
 493 01c1 05       		.byte	0x5
 494 01c2 1C       		.byte	0x1c
 495 01c3 B6000000 		.4byte	0xb6
 496 01c7 0B       		.uleb128 0xb
 497 01c8 C8010000 		.4byte	.LASF38
 498 01cc 01       		.byte	0x1
 499 01cd 07       		.byte	0x7
 500 01ce 00000000 		.4byte	.LFB64
 501 01d2 40010000 		.4byte	.LFE64-.LFB64
 502 01d6 01       		.uleb128 0x1
 503 01d7 9C       		.byte	0x9c
 504 01d8 E0020000 		.4byte	0x2e0
 505 01dc 0C       		.uleb128 0xc
 506 01dd 70733300 		.ascii	"ps3\000"
 507 01e1 01       		.byte	0x1
 508 01e2 07       		.byte	0x7
 509 01e3 E0020000 		.4byte	0x2e0
 510 01e7 00000000 		.4byte	.LLST0
 511 01eb 0D       		.uleb128 0xd
 512 01ec B3010000 		.4byte	.LASF31
 513 01f0 01       		.byte	0x1
 514 01f1 07       		.byte	0x7
 515 01f2 E6020000 		.4byte	0x2e6
 516 01f6 2C000000 		.4byte	.LLST1
 517 01fa 0C       		.uleb128 0xc
ARM GAS  C:\Users\tetsuya\AppData\Local\Temp\ccYYyeJZ.s 			page 11


 518 01fb 6E6100   		.ascii	"na\000"
 519 01fe 01       		.byte	0x1
 520 01ff 07       		.byte	0x7
 521 0200 B0000000 		.4byte	0xb0
 522 0204 58000000 		.4byte	.LLST2
 523 0208 0E       		.uleb128 0xe
 524 0209 6900     		.ascii	"i\000"
 525 020b 01       		.byte	0x1
 526 020c 08       		.byte	0x8
 527 020d 68000000 		.4byte	0x68
 528 0211 84000000 		.4byte	.LLST3
 529 0215 0E       		.uleb128 0xe
 530 0216 6A00     		.ascii	"j\000"
 531 0218 01       		.byte	0x1
 532 0219 08       		.byte	0x8
 533 021a 68000000 		.4byte	0x68
 534 021e AE000000 		.4byte	.LLST4
 535 0222 0F       		.uleb128 0xf
 536 0223 4C00     		.ascii	"L\000"
 537 0225 01       		.byte	0x1
 538 0226 09       		.byte	0x9
 539 0227 8D000000 		.4byte	0x8d
 540 022b 04       		.byte	0x4
 541 022c 00003043 		.4byte	0x43300000
 542 0230 10       		.uleb128 0x10
 543 0231 DE010000 		.4byte	.LASF32
 544 0235 01       		.byte	0x1
 545 0236 0A       		.byte	0xa
 546 0237 EC020000 		.4byte	0x2ec
 547 023b 03       		.uleb128 0x3
 548 023c 91       		.byte	0x91
 549 023d FC7E     		.sleb128 -132
 550 023f 11       		.uleb128 0x11
 551 0240 6D617400 		.ascii	"mat\000"
 552 0244 01       		.byte	0x1
 553 0245 0D       		.byte	0xd
 554 0246 FC020000 		.4byte	0x2fc
 555 024a 03       		.uleb128 0x3
 556 024b 91       		.byte	0x91
 557 024c B07E     		.sleb128 -208
 558 024e 0E       		.uleb128 0xe
 559 024f 7800     		.ascii	"x\000"
 560 0251 01       		.byte	0x1
 561 0252 11       		.byte	0x11
 562 0253 8D000000 		.4byte	0x8d
 563 0257 CC000000 		.4byte	.LLST5
 564 025b 0E       		.uleb128 0xe
 565 025c 7900     		.ascii	"y\000"
 566 025e 01       		.byte	0x1
 567 025f 12       		.byte	0x12
 568 0260 8D000000 		.4byte	0x8d
 569 0264 04010000 		.4byte	.LLST6
 570 0268 12       		.uleb128 0x12
 571 0269 6D617800 		.ascii	"max\000"
 572 026d 01       		.byte	0x1
 573 026e 13       		.byte	0x13
 574 026f 8D000000 		.4byte	0x8d
ARM GAS  C:\Users\tetsuya\AppData\Local\Temp\ccYYyeJZ.s 			page 12


 575 0273 11       		.uleb128 0x11
 576 0274 636F6C00 		.ascii	"col\000"
 577 0278 01       		.byte	0x1
 578 0279 16       		.byte	0x16
 579 027a 12030000 		.4byte	0x312
 580 027e 03       		.uleb128 0x3
 581 027f 91       		.byte	0x91
 582 0280 A47E     		.sleb128 -220
 583 0282 11       		.uleb128 0x11
 584 0283 726500   		.ascii	"re\000"
 585 0286 01       		.byte	0x1
 586 0287 18       		.byte	0x18
 587 0288 12030000 		.4byte	0x312
 588 028c 03       		.uleb128 0x3
 589 028d 91       		.byte	0x91
 590 028e 987E     		.sleb128 -232
 591 0290 13       		.uleb128 0x13
 592 0291 16000000 		.4byte	.LVL5
 593 0295 33030000 		.4byte	0x333
 594 0299 B0020000 		.4byte	0x2b0
 595 029d 14       		.uleb128 0x14
 596 029e 01       		.uleb128 0x1
 597 029f 50       		.byte	0x50
 598 02a0 03       		.uleb128 0x3
 599 02a1 91       		.byte	0x91
 600 02a2 FC7E     		.sleb128 -132
 601 02a4 14       		.uleb128 0x14
 602 02a5 01       		.uleb128 0x1
 603 02a6 51       		.byte	0x51
 604 02a7 01       		.uleb128 0x1
 605 02a8 30       		.byte	0x30
 606 02a9 14       		.uleb128 0x14
 607 02aa 01       		.uleb128 0x1
 608 02ab 52       		.byte	0x52
 609 02ac 02       		.uleb128 0x2
 610 02ad 08       		.byte	0x8
 611 02ae 64       		.byte	0x64
 612 02af 00       		.byte	0
 613 02b0 13       		.uleb128 0x13
 614 02b1 14010000 		.4byte	.LVL26
 615 02b5 3C030000 		.4byte	0x33c
 616 02b9 CE020000 		.4byte	0x2ce
 617 02bd 14       		.uleb128 0x14
 618 02be 01       		.uleb128 0x1
 619 02bf 50       		.byte	0x50
 620 02c0 03       		.uleb128 0x3
 621 02c1 91       		.byte	0x91
 622 02c2 FC7E     		.sleb128 -132
 623 02c4 14       		.uleb128 0x14
 624 02c5 01       		.uleb128 0x1
 625 02c6 51       		.byte	0x51
 626 02c7 05       		.uleb128 0x5
 627 02c8 03       		.byte	0x3
 628 02c9 00000000 		.4byte	.LC0
 629 02cd 00       		.byte	0
 630 02ce 15       		.uleb128 0x15
 631 02cf 1A010000 		.4byte	.LVL27
ARM GAS  C:\Users\tetsuya\AppData\Local\Temp\ccYYyeJZ.s 			page 13


 632 02d3 47030000 		.4byte	0x347
 633 02d7 14       		.uleb128 0x14
 634 02d8 01       		.uleb128 0x1
 635 02d9 50       		.byte	0x50
 636 02da 03       		.uleb128 0x3
 637 02db 91       		.byte	0x91
 638 02dc FC7E     		.sleb128 -132
 639 02de 00       		.byte	0
 640 02df 00       		.byte	0
 641 02e0 06       		.uleb128 0x6
 642 02e1 04       		.byte	0x4
 643 02e2 BC010000 		.4byte	0x1bc
 644 02e6 06       		.uleb128 0x6
 645 02e7 04       		.byte	0x4
 646 02e8 81000000 		.4byte	0x81
 647 02ec 16       		.uleb128 0x16
 648 02ed 9B000000 		.4byte	0x9b
 649 02f1 FC020000 		.4byte	0x2fc
 650 02f5 17       		.uleb128 0x17
 651 02f6 A9000000 		.4byte	0xa9
 652 02fa 63       		.byte	0x63
 653 02fb 00       		.byte	0
 654 02fc 16       		.uleb128 0x16
 655 02fd 94000000 		.4byte	0x94
 656 0301 12030000 		.4byte	0x312
 657 0305 17       		.uleb128 0x17
 658 0306 A9000000 		.4byte	0xa9
 659 030a 02       		.byte	0x2
 660 030b 17       		.uleb128 0x17
 661 030c A9000000 		.4byte	0xa9
 662 0310 02       		.byte	0x2
 663 0311 00       		.byte	0
 664 0312 16       		.uleb128 0x16
 665 0313 8D000000 		.4byte	0x8d
 666 0317 22030000 		.4byte	0x322
 667 031b 17       		.uleb128 0x17
 668 031c A9000000 		.4byte	0xa9
 669 0320 02       		.byte	0x2
 670 0321 00       		.byte	0
 671 0322 18       		.uleb128 0x18
 672 0323 DF000000 		.4byte	.LASF39
 673 0327 08       		.byte	0x8
 674 0328 1207     		.2byte	0x712
 675 032a 2E030000 		.4byte	0x32e
 676 032e 19       		.uleb128 0x19
 677 032f 76000000 		.4byte	0x76
 678 0333 1A       		.uleb128 0x1a
 679 0334 F2000000 		.4byte	.LASF40
 680 0338 F2000000 		.4byte	.LASF40
 681 033c 1B       		.uleb128 0x1b
 682 033d 37020000 		.4byte	.LASF33
 683 0341 37020000 		.4byte	.LASF33
 684 0345 06       		.byte	0x6
 685 0346 E7       		.byte	0xe7
 686 0347 1B       		.uleb128 0x1b
 687 0348 1C020000 		.4byte	.LASF34
 688 034c 1C020000 		.4byte	.LASF34
ARM GAS  C:\Users\tetsuya\AppData\Local\Temp\ccYYyeJZ.s 			page 14


 689 0350 07       		.byte	0x7
 690 0351 8B       		.byte	0x8b
 691 0352 00       		.byte	0
 692              		.section	.debug_abbrev,"",%progbits
 693              	.Ldebug_abbrev0:
 694 0000 01       		.uleb128 0x1
 695 0001 11       		.uleb128 0x11
 696 0002 01       		.byte	0x1
 697 0003 25       		.uleb128 0x25
 698 0004 0E       		.uleb128 0xe
 699 0005 13       		.uleb128 0x13
 700 0006 0B       		.uleb128 0xb
 701 0007 03       		.uleb128 0x3
 702 0008 0E       		.uleb128 0xe
 703 0009 1B       		.uleb128 0x1b
 704 000a 0E       		.uleb128 0xe
 705 000b 55       		.uleb128 0x55
 706 000c 17       		.uleb128 0x17
 707 000d 11       		.uleb128 0x11
 708 000e 01       		.uleb128 0x1
 709 000f 10       		.uleb128 0x10
 710 0010 17       		.uleb128 0x17
 711 0011 00       		.byte	0
 712 0012 00       		.byte	0
 713 0013 02       		.uleb128 0x2
 714 0014 24       		.uleb128 0x24
 715 0015 00       		.byte	0
 716 0016 0B       		.uleb128 0xb
 717 0017 0B       		.uleb128 0xb
 718 0018 3E       		.uleb128 0x3e
 719 0019 0B       		.uleb128 0xb
 720 001a 03       		.uleb128 0x3
 721 001b 0E       		.uleb128 0xe
 722 001c 00       		.byte	0
 723 001d 00       		.byte	0
 724 001e 03       		.uleb128 0x3
 725 001f 16       		.uleb128 0x16
 726 0020 00       		.byte	0
 727 0021 03       		.uleb128 0x3
 728 0022 0E       		.uleb128 0xe
 729 0023 3A       		.uleb128 0x3a
 730 0024 0B       		.uleb128 0xb
 731 0025 3B       		.uleb128 0x3b
 732 0026 0B       		.uleb128 0xb
 733 0027 49       		.uleb128 0x49
 734 0028 13       		.uleb128 0x13
 735 0029 00       		.byte	0
 736 002a 00       		.byte	0
 737 002b 04       		.uleb128 0x4
 738 002c 24       		.uleb128 0x24
 739 002d 00       		.byte	0
 740 002e 0B       		.uleb128 0xb
 741 002f 0B       		.uleb128 0xb
 742 0030 3E       		.uleb128 0x3e
 743 0031 0B       		.uleb128 0xb
 744 0032 03       		.uleb128 0x3
 745 0033 08       		.uleb128 0x8
ARM GAS  C:\Users\tetsuya\AppData\Local\Temp\ccYYyeJZ.s 			page 15


 746 0034 00       		.byte	0
 747 0035 00       		.byte	0
 748 0036 05       		.uleb128 0x5
 749 0037 16       		.uleb128 0x16
 750 0038 00       		.byte	0
 751 0039 03       		.uleb128 0x3
 752 003a 0E       		.uleb128 0xe
 753 003b 3A       		.uleb128 0x3a
 754 003c 0B       		.uleb128 0xb
 755 003d 3B       		.uleb128 0x3b
 756 003e 05       		.uleb128 0x5
 757 003f 49       		.uleb128 0x49
 758 0040 13       		.uleb128 0x13
 759 0041 00       		.byte	0
 760 0042 00       		.byte	0
 761 0043 06       		.uleb128 0x6
 762 0044 0F       		.uleb128 0xf
 763 0045 00       		.byte	0
 764 0046 0B       		.uleb128 0xb
 765 0047 0B       		.uleb128 0xb
 766 0048 49       		.uleb128 0x49
 767 0049 13       		.uleb128 0x13
 768 004a 00       		.byte	0
 769 004b 00       		.byte	0
 770 004c 07       		.uleb128 0x7
 771 004d 13       		.uleb128 0x13
 772 004e 01       		.byte	0x1
 773 004f 0B       		.uleb128 0xb
 774 0050 0B       		.uleb128 0xb
 775 0051 3A       		.uleb128 0x3a
 776 0052 0B       		.uleb128 0xb
 777 0053 3B       		.uleb128 0x3b
 778 0054 0B       		.uleb128 0xb
 779 0055 01       		.uleb128 0x1
 780 0056 13       		.uleb128 0x13
 781 0057 00       		.byte	0
 782 0058 00       		.byte	0
 783 0059 08       		.uleb128 0x8
 784 005a 0D       		.uleb128 0xd
 785 005b 00       		.byte	0
 786 005c 03       		.uleb128 0x3
 787 005d 0E       		.uleb128 0xe
 788 005e 3A       		.uleb128 0x3a
 789 005f 0B       		.uleb128 0xb
 790 0060 3B       		.uleb128 0x3b
 791 0061 0B       		.uleb128 0xb
 792 0062 49       		.uleb128 0x49
 793 0063 13       		.uleb128 0x13
 794 0064 0B       		.uleb128 0xb
 795 0065 0B       		.uleb128 0xb
 796 0066 0D       		.uleb128 0xd
 797 0067 0B       		.uleb128 0xb
 798 0068 0C       		.uleb128 0xc
 799 0069 0B       		.uleb128 0xb
 800 006a 38       		.uleb128 0x38
 801 006b 0B       		.uleb128 0xb
 802 006c 00       		.byte	0
ARM GAS  C:\Users\tetsuya\AppData\Local\Temp\ccYYyeJZ.s 			page 16


 803 006d 00       		.byte	0
 804 006e 09       		.uleb128 0x9
 805 006f 0D       		.uleb128 0xd
 806 0070 00       		.byte	0
 807 0071 03       		.uleb128 0x3
 808 0072 08       		.uleb128 0x8
 809 0073 3A       		.uleb128 0x3a
 810 0074 0B       		.uleb128 0xb
 811 0075 3B       		.uleb128 0x3b
 812 0076 0B       		.uleb128 0xb
 813 0077 49       		.uleb128 0x49
 814 0078 13       		.uleb128 0x13
 815 0079 0B       		.uleb128 0xb
 816 007a 0B       		.uleb128 0xb
 817 007b 0D       		.uleb128 0xd
 818 007c 0B       		.uleb128 0xb
 819 007d 0C       		.uleb128 0xc
 820 007e 0B       		.uleb128 0xb
 821 007f 38       		.uleb128 0x38
 822 0080 0B       		.uleb128 0xb
 823 0081 00       		.byte	0
 824 0082 00       		.byte	0
 825 0083 0A       		.uleb128 0xa
 826 0084 0D       		.uleb128 0xd
 827 0085 00       		.byte	0
 828 0086 03       		.uleb128 0x3
 829 0087 0E       		.uleb128 0xe
 830 0088 3A       		.uleb128 0x3a
 831 0089 0B       		.uleb128 0xb
 832 008a 3B       		.uleb128 0x3b
 833 008b 0B       		.uleb128 0xb
 834 008c 49       		.uleb128 0x49
 835 008d 13       		.uleb128 0x13
 836 008e 38       		.uleb128 0x38
 837 008f 0B       		.uleb128 0xb
 838 0090 00       		.byte	0
 839 0091 00       		.byte	0
 840 0092 0B       		.uleb128 0xb
 841 0093 2E       		.uleb128 0x2e
 842 0094 01       		.byte	0x1
 843 0095 3F       		.uleb128 0x3f
 844 0096 19       		.uleb128 0x19
 845 0097 03       		.uleb128 0x3
 846 0098 0E       		.uleb128 0xe
 847 0099 3A       		.uleb128 0x3a
 848 009a 0B       		.uleb128 0xb
 849 009b 3B       		.uleb128 0x3b
 850 009c 0B       		.uleb128 0xb
 851 009d 27       		.uleb128 0x27
 852 009e 19       		.uleb128 0x19
 853 009f 11       		.uleb128 0x11
 854 00a0 01       		.uleb128 0x1
 855 00a1 12       		.uleb128 0x12
 856 00a2 06       		.uleb128 0x6
 857 00a3 40       		.uleb128 0x40
 858 00a4 18       		.uleb128 0x18
 859 00a5 9642     		.uleb128 0x2116
ARM GAS  C:\Users\tetsuya\AppData\Local\Temp\ccYYyeJZ.s 			page 17


 860 00a7 19       		.uleb128 0x19
 861 00a8 01       		.uleb128 0x1
 862 00a9 13       		.uleb128 0x13
 863 00aa 00       		.byte	0
 864 00ab 00       		.byte	0
 865 00ac 0C       		.uleb128 0xc
 866 00ad 05       		.uleb128 0x5
 867 00ae 00       		.byte	0
 868 00af 03       		.uleb128 0x3
 869 00b0 08       		.uleb128 0x8
 870 00b1 3A       		.uleb128 0x3a
 871 00b2 0B       		.uleb128 0xb
 872 00b3 3B       		.uleb128 0x3b
 873 00b4 0B       		.uleb128 0xb
 874 00b5 49       		.uleb128 0x49
 875 00b6 13       		.uleb128 0x13
 876 00b7 02       		.uleb128 0x2
 877 00b8 17       		.uleb128 0x17
 878 00b9 00       		.byte	0
 879 00ba 00       		.byte	0
 880 00bb 0D       		.uleb128 0xd
 881 00bc 05       		.uleb128 0x5
 882 00bd 00       		.byte	0
 883 00be 03       		.uleb128 0x3
 884 00bf 0E       		.uleb128 0xe
 885 00c0 3A       		.uleb128 0x3a
 886 00c1 0B       		.uleb128 0xb
 887 00c2 3B       		.uleb128 0x3b
 888 00c3 0B       		.uleb128 0xb
 889 00c4 49       		.uleb128 0x49
 890 00c5 13       		.uleb128 0x13
 891 00c6 02       		.uleb128 0x2
 892 00c7 17       		.uleb128 0x17
 893 00c8 00       		.byte	0
 894 00c9 00       		.byte	0
 895 00ca 0E       		.uleb128 0xe
 896 00cb 34       		.uleb128 0x34
 897 00cc 00       		.byte	0
 898 00cd 03       		.uleb128 0x3
 899 00ce 08       		.uleb128 0x8
 900 00cf 3A       		.uleb128 0x3a
 901 00d0 0B       		.uleb128 0xb
 902 00d1 3B       		.uleb128 0x3b
 903 00d2 0B       		.uleb128 0xb
 904 00d3 49       		.uleb128 0x49
 905 00d4 13       		.uleb128 0x13
 906 00d5 02       		.uleb128 0x2
 907 00d6 17       		.uleb128 0x17
 908 00d7 00       		.byte	0
 909 00d8 00       		.byte	0
 910 00d9 0F       		.uleb128 0xf
 911 00da 34       		.uleb128 0x34
 912 00db 00       		.byte	0
 913 00dc 03       		.uleb128 0x3
 914 00dd 08       		.uleb128 0x8
 915 00de 3A       		.uleb128 0x3a
 916 00df 0B       		.uleb128 0xb
ARM GAS  C:\Users\tetsuya\AppData\Local\Temp\ccYYyeJZ.s 			page 18


 917 00e0 3B       		.uleb128 0x3b
 918 00e1 0B       		.uleb128 0xb
 919 00e2 49       		.uleb128 0x49
 920 00e3 13       		.uleb128 0x13
 921 00e4 1C       		.uleb128 0x1c
 922 00e5 0A       		.uleb128 0xa
 923 00e6 00       		.byte	0
 924 00e7 00       		.byte	0
 925 00e8 10       		.uleb128 0x10
 926 00e9 34       		.uleb128 0x34
 927 00ea 00       		.byte	0
 928 00eb 03       		.uleb128 0x3
 929 00ec 0E       		.uleb128 0xe
 930 00ed 3A       		.uleb128 0x3a
 931 00ee 0B       		.uleb128 0xb
 932 00ef 3B       		.uleb128 0x3b
 933 00f0 0B       		.uleb128 0xb
 934 00f1 49       		.uleb128 0x49
 935 00f2 13       		.uleb128 0x13
 936 00f3 02       		.uleb128 0x2
 937 00f4 18       		.uleb128 0x18
 938 00f5 00       		.byte	0
 939 00f6 00       		.byte	0
 940 00f7 11       		.uleb128 0x11
 941 00f8 34       		.uleb128 0x34
 942 00f9 00       		.byte	0
 943 00fa 03       		.uleb128 0x3
 944 00fb 08       		.uleb128 0x8
 945 00fc 3A       		.uleb128 0x3a
 946 00fd 0B       		.uleb128 0xb
 947 00fe 3B       		.uleb128 0x3b
 948 00ff 0B       		.uleb128 0xb
 949 0100 49       		.uleb128 0x49
 950 0101 13       		.uleb128 0x13
 951 0102 02       		.uleb128 0x2
 952 0103 18       		.uleb128 0x18
 953 0104 00       		.byte	0
 954 0105 00       		.byte	0
 955 0106 12       		.uleb128 0x12
 956 0107 34       		.uleb128 0x34
 957 0108 00       		.byte	0
 958 0109 03       		.uleb128 0x3
 959 010a 08       		.uleb128 0x8
 960 010b 3A       		.uleb128 0x3a
 961 010c 0B       		.uleb128 0xb
 962 010d 3B       		.uleb128 0x3b
 963 010e 0B       		.uleb128 0xb
 964 010f 49       		.uleb128 0x49
 965 0110 13       		.uleb128 0x13
 966 0111 00       		.byte	0
 967 0112 00       		.byte	0
 968 0113 13       		.uleb128 0x13
 969 0114 898201   		.uleb128 0x4109
 970 0117 01       		.byte	0x1
 971 0118 11       		.uleb128 0x11
 972 0119 01       		.uleb128 0x1
 973 011a 31       		.uleb128 0x31
ARM GAS  C:\Users\tetsuya\AppData\Local\Temp\ccYYyeJZ.s 			page 19


 974 011b 13       		.uleb128 0x13
 975 011c 01       		.uleb128 0x1
 976 011d 13       		.uleb128 0x13
 977 011e 00       		.byte	0
 978 011f 00       		.byte	0
 979 0120 14       		.uleb128 0x14
 980 0121 8A8201   		.uleb128 0x410a
 981 0124 00       		.byte	0
 982 0125 02       		.uleb128 0x2
 983 0126 18       		.uleb128 0x18
 984 0127 9142     		.uleb128 0x2111
 985 0129 18       		.uleb128 0x18
 986 012a 00       		.byte	0
 987 012b 00       		.byte	0
 988 012c 15       		.uleb128 0x15
 989 012d 898201   		.uleb128 0x4109
 990 0130 01       		.byte	0x1
 991 0131 11       		.uleb128 0x11
 992 0132 01       		.uleb128 0x1
 993 0133 31       		.uleb128 0x31
 994 0134 13       		.uleb128 0x13
 995 0135 00       		.byte	0
 996 0136 00       		.byte	0
 997 0137 16       		.uleb128 0x16
 998 0138 01       		.uleb128 0x1
 999 0139 01       		.byte	0x1
 1000 013a 49       		.uleb128 0x49
 1001 013b 13       		.uleb128 0x13
 1002 013c 01       		.uleb128 0x1
 1003 013d 13       		.uleb128 0x13
 1004 013e 00       		.byte	0
 1005 013f 00       		.byte	0
 1006 0140 17       		.uleb128 0x17
 1007 0141 21       		.uleb128 0x21
 1008 0142 00       		.byte	0
 1009 0143 49       		.uleb128 0x49
 1010 0144 13       		.uleb128 0x13
 1011 0145 2F       		.uleb128 0x2f
 1012 0146 0B       		.uleb128 0xb
 1013 0147 00       		.byte	0
 1014 0148 00       		.byte	0
 1015 0149 18       		.uleb128 0x18
 1016 014a 34       		.uleb128 0x34
 1017 014b 00       		.byte	0
 1018 014c 03       		.uleb128 0x3
 1019 014d 0E       		.uleb128 0xe
 1020 014e 3A       		.uleb128 0x3a
 1021 014f 0B       		.uleb128 0xb
 1022 0150 3B       		.uleb128 0x3b
 1023 0151 05       		.uleb128 0x5
 1024 0152 49       		.uleb128 0x49
 1025 0153 13       		.uleb128 0x13
 1026 0154 3F       		.uleb128 0x3f
 1027 0155 19       		.uleb128 0x19
 1028 0156 3C       		.uleb128 0x3c
 1029 0157 19       		.uleb128 0x19
 1030 0158 00       		.byte	0
ARM GAS  C:\Users\tetsuya\AppData\Local\Temp\ccYYyeJZ.s 			page 20


 1031 0159 00       		.byte	0
 1032 015a 19       		.uleb128 0x19
 1033 015b 35       		.uleb128 0x35
 1034 015c 00       		.byte	0
 1035 015d 49       		.uleb128 0x49
 1036 015e 13       		.uleb128 0x13
 1037 015f 00       		.byte	0
 1038 0160 00       		.byte	0
 1039 0161 1A       		.uleb128 0x1a
 1040 0162 2E       		.uleb128 0x2e
 1041 0163 00       		.byte	0
 1042 0164 3F       		.uleb128 0x3f
 1043 0165 19       		.uleb128 0x19
 1044 0166 3C       		.uleb128 0x3c
 1045 0167 19       		.uleb128 0x19
 1046 0168 6E       		.uleb128 0x6e
 1047 0169 0E       		.uleb128 0xe
 1048 016a 03       		.uleb128 0x3
 1049 016b 0E       		.uleb128 0xe
 1050 016c 00       		.byte	0
 1051 016d 00       		.byte	0
 1052 016e 1B       		.uleb128 0x1b
 1053 016f 2E       		.uleb128 0x2e
 1054 0170 00       		.byte	0
 1055 0171 3F       		.uleb128 0x3f
 1056 0172 19       		.uleb128 0x19
 1057 0173 3C       		.uleb128 0x3c
 1058 0174 19       		.uleb128 0x19
 1059 0175 6E       		.uleb128 0x6e
 1060 0176 0E       		.uleb128 0xe
 1061 0177 03       		.uleb128 0x3
 1062 0178 0E       		.uleb128 0xe
 1063 0179 3A       		.uleb128 0x3a
 1064 017a 0B       		.uleb128 0xb
 1065 017b 3B       		.uleb128 0x3b
 1066 017c 0B       		.uleb128 0xb
 1067 017d 00       		.byte	0
 1068 017e 00       		.byte	0
 1069 017f 00       		.byte	0
 1070              		.section	.debug_loc,"",%progbits
 1071              	.Ldebug_loc0:
 1072              	.LLST0:
 1073 0000 00000000 		.4byte	.LVL0
 1074 0004 12000000 		.4byte	.LVL4
 1075 0008 0100     		.2byte	0x1
 1076 000a 50       		.byte	0x50
 1077 000b 12000000 		.4byte	.LVL4
 1078 000f 7C000000 		.4byte	.LVL12
 1079 0013 0100     		.2byte	0x1
 1080 0015 56       		.byte	0x56
 1081 0016 7C000000 		.4byte	.LVL12
 1082 001a 40010000 		.4byte	.LFE64
 1083 001e 0400     		.2byte	0x4
 1084 0020 F3       		.byte	0xf3
 1085 0021 01       		.uleb128 0x1
 1086 0022 50       		.byte	0x50
 1087 0023 9F       		.byte	0x9f
ARM GAS  C:\Users\tetsuya\AppData\Local\Temp\ccYYyeJZ.s 			page 21


 1088 0024 00000000 		.4byte	0
 1089 0028 00000000 		.4byte	0
 1090              	.LLST1:
 1091 002c 00000000 		.4byte	.LVL0
 1092 0030 10000000 		.4byte	.LVL3
 1093 0034 0100     		.2byte	0x1
 1094 0036 51       		.byte	0x51
 1095 0037 10000000 		.4byte	.LVL3
 1096 003b 20010000 		.4byte	.LVL28
 1097 003f 0100     		.2byte	0x1
 1098 0041 54       		.byte	0x54
 1099 0042 20010000 		.4byte	.LVL28
 1100 0046 40010000 		.4byte	.LFE64
 1101 004a 0400     		.2byte	0x4
 1102 004c F3       		.byte	0xf3
 1103 004d 01       		.uleb128 0x1
 1104 004e 51       		.byte	0x51
 1105 004f 9F       		.byte	0x9f
 1106 0050 00000000 		.4byte	0
 1107 0054 00000000 		.4byte	0
 1108              	.LLST2:
 1109 0058 00000000 		.4byte	.LVL0
 1110 005c 0E000000 		.4byte	.LVL2
 1111 0060 0100     		.2byte	0x1
 1112 0062 52       		.byte	0x52
 1113 0063 0E000000 		.4byte	.LVL2
 1114 0067 20010000 		.4byte	.LVL28
 1115 006b 0100     		.2byte	0x1
 1116 006d 55       		.byte	0x55
 1117 006e 20010000 		.4byte	.LVL28
 1118 0072 40010000 		.4byte	.LFE64
 1119 0076 0400     		.2byte	0x4
 1120 0078 F3       		.byte	0xf3
 1121 0079 01       		.uleb128 0x1
 1122 007a 52       		.byte	0x52
 1123 007b 9F       		.byte	0x9f
 1124 007c 00000000 		.4byte	0
 1125 0080 00000000 		.4byte	0
 1126              	.LLST3:
 1127 0084 7A000000 		.4byte	.LVL11
 1128 0088 7C000000 		.4byte	.LVL12
 1129 008c 0200     		.2byte	0x2
 1130 008e 30       		.byte	0x30
 1131 008f 9F       		.byte	0x9f
 1132 0090 7C000000 		.4byte	.LVL12
 1133 0094 D6000000 		.4byte	.LVL22
 1134 0098 0100     		.2byte	0x1
 1135 009a 57       		.byte	0x57
 1136 009b D6000000 		.4byte	.LVL22
 1137 009f 20010000 		.4byte	.LVL28
 1138 00a3 0100     		.2byte	0x1
 1139 00a5 56       		.byte	0x56
 1140 00a6 00000000 		.4byte	0
 1141 00aa 00000000 		.4byte	0
 1142              	.LLST4:
 1143 00ae 7C000000 		.4byte	.LVL12
 1144 00b2 C6000000 		.4byte	.LVL19
ARM GAS  C:\Users\tetsuya\AppData\Local\Temp\ccYYyeJZ.s 			page 22


 1145 00b6 0100     		.2byte	0x1
 1146 00b8 56       		.byte	0x56
 1147 00b9 C8000000 		.4byte	.LVL20
 1148 00bd CE000000 		.4byte	.LVL21
 1149 00c1 0100     		.2byte	0x1
 1150 00c3 56       		.byte	0x56
 1151 00c4 00000000 		.4byte	0
 1152 00c8 00000000 		.4byte	0
 1153              	.LLST5:
 1154 00cc 62000000 		.4byte	.LVL7
 1155 00d0 64000000 		.4byte	.LVL8
 1156 00d4 0100     		.2byte	0x1
 1157 00d6 50       		.byte	0x50
 1158 00d7 64000000 		.4byte	.LVL8
 1159 00db 74000000 		.4byte	.LVL10
 1160 00df 0100     		.2byte	0x1
 1161 00e1 57       		.byte	0x57
 1162 00e2 74000000 		.4byte	.LVL10
 1163 00e6 20010000 		.4byte	.LVL28
 1164 00ea 0300     		.2byte	0x3
 1165 00ec 91       		.byte	0x91
 1166 00ed A47E     		.sleb128 -220
 1167 00ef 20010000 		.4byte	.LVL28
 1168 00f3 40010000 		.4byte	.LFE64
 1169 00f7 0300     		.2byte	0x3
 1170 00f9 7D       		.byte	0x7d
 1171 00fa A47E     		.sleb128 -220
 1172 00fc 00000000 		.4byte	0
 1173 0100 00000000 		.4byte	0
 1174              	.LLST6:
 1175 0104 6A000000 		.4byte	.LVL9
 1176 0108 7C000000 		.4byte	.LVL12
 1177 010c 0100     		.2byte	0x1
 1178 010e 50       		.byte	0x50
 1179 010f 7C000000 		.4byte	.LVL12
 1180 0113 20010000 		.4byte	.LVL28
 1181 0117 0300     		.2byte	0x3
 1182 0119 91       		.byte	0x91
 1183 011a A87E     		.sleb128 -216
 1184 011c 20010000 		.4byte	.LVL28
 1185 0120 40010000 		.4byte	.LFE64
 1186 0124 0300     		.2byte	0x3
 1187 0126 7D       		.byte	0x7d
 1188 0127 A87E     		.sleb128 -216
 1189 0129 00000000 		.4byte	0
 1190 012d 00000000 		.4byte	0
 1191              		.section	.debug_aranges,"",%progbits
 1192 0000 1C000000 		.4byte	0x1c
 1193 0004 0200     		.2byte	0x2
 1194 0006 00000000 		.4byte	.Ldebug_info0
 1195 000a 04       		.byte	0x4
 1196 000b 00       		.byte	0
 1197 000c 0000     		.2byte	0
 1198 000e 0000     		.2byte	0
 1199 0010 00000000 		.4byte	.LFB64
 1200 0014 40010000 		.4byte	.LFE64-.LFB64
 1201 0018 00000000 		.4byte	0
ARM GAS  C:\Users\tetsuya\AppData\Local\Temp\ccYYyeJZ.s 			page 23


 1202 001c 00000000 		.4byte	0
 1203              		.section	.debug_ranges,"",%progbits
 1204              	.Ldebug_ranges0:
 1205 0000 00000000 		.4byte	.LFB64
 1206 0004 40010000 		.4byte	.LFE64
 1207 0008 00000000 		.4byte	0
 1208 000c 00000000 		.4byte	0
 1209              		.section	.debug_line,"",%progbits
 1210              	.Ldebug_line0:
 1211 0000 34020000 		.section	.debug_str,"MS",%progbits,1
 1211      0200E101 
 1211      00000201 
 1211      FB0E0D00 
 1211      01010101 
 1212              	.LASF6:
 1213 0000 6C6F6E67 		.ascii	"long long int\000"
 1213      206C6F6E 
 1213      6720696E 
 1213      7400
 1214              	.LASF12:
 1215 000e 666C6F61 		.ascii	"float\000"
 1215      7400
 1216              	.LASF21:
 1217 0014 4C454654 		.ascii	"LEFT\000"
 1217      00
 1218              	.LASF9:
 1219 0019 5F5F696E 		.ascii	"__int32_t\000"
 1219      7433325F 
 1219      7400
 1220              	.LASF29:
 1221 0023 414E414C 		.ascii	"ANALOG_LY\000"
 1221      4F475F4C 
 1221      5900
 1222              	.LASF13:
 1223 002d 646F7562 		.ascii	"double\000"
 1223      6C6500
 1224              	.LASF10:
 1225 0034 696E7433 		.ascii	"int32_t\000"
 1225      325F7400 
 1226              	.LASF17:
 1227 003c 53454C45 		.ascii	"SELECT\000"
 1227      435400
 1228              	.LASF1:
 1229 0043 756E7369 		.ascii	"unsigned char\000"
 1229      676E6564 
 1229      20636861 
 1229      7200
 1230              	.LASF35:
 1231 0051 474E5520 		.ascii	"GNU C11 5.4.1 20160609 (release) [ARM/embedded-5-br"
 1231      43313120 
 1231      352E342E 
 1231      31203230 
 1231      31363036 
 1232 0084 616E6368 		.ascii	"anch revision 237715] -mcpu=cortex-m3 -mthumb -g -O"
 1232      20726576 
 1232      6973696F 
 1232      6E203233 
ARM GAS  C:\Users\tetsuya\AppData\Local\Temp\ccYYyeJZ.s 			page 24


 1232      37373135 
 1233 00b7 67202D66 		.ascii	"g -ffunction-sections -ffat-lto-objects\000"
 1233      66756E63 
 1233      74696F6E 
 1233      2D736563 
 1233      74696F6E 
 1234              	.LASF39:
 1235 00df 49544D5F 		.ascii	"ITM_RxBuffer\000"
 1235      52784275 
 1235      66666572 
 1235      00
 1236              	.LASF18:
 1237 00ec 53544152 		.ascii	"START\000"
 1237      5400
 1238              	.LASF40:
 1239 00f2 6D656D73 		.ascii	"memset\000"
 1239      657400
 1240              	.LASF5:
 1241 00f9 6C6F6E67 		.ascii	"long unsigned int\000"
 1241      20756E73 
 1241      69676E65 
 1241      6420696E 
 1241      7400
 1242              	.LASF24:
 1243 010b 43524F53 		.ascii	"CROSS\000"
 1243      5300
 1244              	.LASF30:
 1245 0111 50533343 		.ascii	"PS3Controller\000"
 1245      6F6E7472 
 1245      6F6C6C65 
 1245      7200
 1246              	.LASF23:
 1247 011f 43495243 		.ascii	"CIRCLE\000"
 1247      4C4500
 1248              	.LASF37:
 1249 0126 433A5C55 		.ascii	"C:\\Users\\tetsuya\\Documents\\motor_yao\\Design01."
 1249      73657273 
 1249      5C746574 
 1249      73757961 
 1249      5C446F63 
 1250 0154 63796473 		.ascii	"cydsn\000"
 1250      6E00
 1251              	.LASF25:
 1252 015a 53515541 		.ascii	"SQUARE\000"
 1252      524500
 1253              	.LASF8:
 1254 0161 756E7369 		.ascii	"unsigned int\000"
 1254      676E6564 
 1254      20696E74 
 1254      00
 1255              	.LASF7:
 1256 016e 6C6F6E67 		.ascii	"long long unsigned int\000"
 1256      206C6F6E 
 1256      6720756E 
 1256      7369676E 
 1256      65642069 
 1257              	.LASF19:
ARM GAS  C:\Users\tetsuya\AppData\Local\Temp\ccYYyeJZ.s 			page 25


 1258 0185 52494748 		.ascii	"RIGHT\000"
 1258      5400
 1259              	.LASF15:
 1260 018b 6C6F6E67 		.ascii	"long double\000"
 1260      20646F75 
 1260      626C6500 
 1261              	.LASF16:
 1262 0197 73697A65 		.ascii	"sizetype\000"
 1262      74797065 
 1262      00
 1263              	.LASF3:
 1264 01a0 73686F72 		.ascii	"short unsigned int\000"
 1264      7420756E 
 1264      7369676E 
 1264      65642069 
 1264      6E7400
 1265              	.LASF31:
 1266 01b3 6D6F746F 		.ascii	"motor\000"
 1266      7200
 1267              	.LASF28:
 1268 01b9 414E414C 		.ascii	"ANALOG_LX\000"
 1268      4F475F4C 
 1268      5800
 1269              	.LASF14:
 1270 01c3 63686172 		.ascii	"char\000"
 1270      00
 1271              	.LASF38:
 1272 01c8 6D617472 		.ascii	"matrix\000"
 1272      697800
 1273              	.LASF20:
 1274 01cf 444F574E 		.ascii	"DOWN\000"
 1274      00
 1275              	.LASF2:
 1276 01d4 73686F72 		.ascii	"short int\000"
 1276      7420696E 
 1276      7400
 1277              	.LASF32:
 1278 01de 6F757470 		.ascii	"output\000"
 1278      757400
 1279              	.LASF11:
 1280 01e5 75696E74 		.ascii	"uint8\000"
 1280      3800
 1281              	.LASF4:
 1282 01eb 6C6F6E67 		.ascii	"long int\000"
 1282      20696E74 
 1282      00
 1283              	.LASF36:
 1284 01f4 6D617472 		.ascii	"matrix.c\000"
 1284      69782E63 
 1284      00
 1285              	.LASF22:
 1286 01fd 54524941 		.ascii	"TRIANGLE\000"
 1286      4E474C45 
 1286      00
 1287              	.LASF0:
 1288 0206 7369676E 		.ascii	"signed char\000"
 1288      65642063 
ARM GAS  C:\Users\tetsuya\AppData\Local\Temp\ccYYyeJZ.s 			page 26


 1288      68617200 
 1289              	.LASF26:
 1290 0212 414E414C 		.ascii	"ANALOG_RX\000"
 1290      4F475F52 
 1290      5800
 1291              	.LASF34:
 1292 021c 55415254 		.ascii	"UART_1_PutString\000"
 1292      5F315F50 
 1292      75745374 
 1292      72696E67 
 1292      00
 1293              	.LASF27:
 1294 022d 414E414C 		.ascii	"ANALOG_RY\000"
 1294      4F475F52 
 1294      5900
 1295              	.LASF33:
 1296 0237 73707269 		.ascii	"sprintf\000"
 1296      6E746600 
 1297              		.ident	"GCC: (GNU Tools for ARM Embedded Processors) 5.4.1 20160609 (release) [ARM/embedded-5-bran
