ARM GAS  C:\Users\tetsuya\AppData\Local\Temp\ccZMkVXR.s 			page 1


   1              		.syntax unified
   2              		.cpu cortex-m3
   3              		.fpu softvfp
   4              		.eabi_attribute 20, 1
   5              		.eabi_attribute 21, 1
   6              		.eabi_attribute 23, 3
   7              		.eabi_attribute 24, 1
   8              		.eabi_attribute 25, 1
   9              		.eabi_attribute 26, 1
  10              		.eabi_attribute 30, 1
  11              		.eabi_attribute 34, 1
  12              		.eabi_attribute 18, 4
  13              		.thumb
  14              		.syntax unified
  15              		.file	"motorC_PM.c"
  16              		.text
  17              	.Ltext0:
  18              		.cfi_sections	.debug_frame
  19              		.section	.text.motorC_SaveConfig,"ax",%progbits
  20              		.align	2
  21              		.global	motorC_SaveConfig
  22              		.thumb
  23              		.thumb_func
  24              		.type	motorC_SaveConfig, %function
  25              	motorC_SaveConfig:
  26              	.LFB0:
  27              		.file 1 "Generated_Source\\PSoC5\\motorC_PM.c"
   1:Generated_Source\PSoC5/motorC_PM.c **** /*******************************************************************************
   2:Generated_Source\PSoC5/motorC_PM.c **** * File Name: motorC_PM.c
   3:Generated_Source\PSoC5/motorC_PM.c **** * Version 3.30
   4:Generated_Source\PSoC5/motorC_PM.c **** *
   5:Generated_Source\PSoC5/motorC_PM.c **** * Description:
   6:Generated_Source\PSoC5/motorC_PM.c **** *  This file provides the power management source code to API for the
   7:Generated_Source\PSoC5/motorC_PM.c **** *  PWM.
   8:Generated_Source\PSoC5/motorC_PM.c **** *
   9:Generated_Source\PSoC5/motorC_PM.c **** * Note:
  10:Generated_Source\PSoC5/motorC_PM.c **** *
  11:Generated_Source\PSoC5/motorC_PM.c **** ********************************************************************************
  12:Generated_Source\PSoC5/motorC_PM.c **** * Copyright 2008-2014, Cypress Semiconductor Corporation.  All rights reserved.
  13:Generated_Source\PSoC5/motorC_PM.c **** * You may use this file only in accordance with the license, terms, conditions,
  14:Generated_Source\PSoC5/motorC_PM.c **** * disclaimers, and limitations in the end user license agreement accompanying
  15:Generated_Source\PSoC5/motorC_PM.c **** * the software package with which this file was provided.
  16:Generated_Source\PSoC5/motorC_PM.c **** *******************************************************************************/
  17:Generated_Source\PSoC5/motorC_PM.c **** 
  18:Generated_Source\PSoC5/motorC_PM.c **** #include "motorC.h"
  19:Generated_Source\PSoC5/motorC_PM.c **** 
  20:Generated_Source\PSoC5/motorC_PM.c **** static motorC_backupStruct motorC_backup;
  21:Generated_Source\PSoC5/motorC_PM.c **** 
  22:Generated_Source\PSoC5/motorC_PM.c **** 
  23:Generated_Source\PSoC5/motorC_PM.c **** /*******************************************************************************
  24:Generated_Source\PSoC5/motorC_PM.c **** * Function Name: motorC_SaveConfig
  25:Generated_Source\PSoC5/motorC_PM.c **** ********************************************************************************
  26:Generated_Source\PSoC5/motorC_PM.c **** *
  27:Generated_Source\PSoC5/motorC_PM.c **** * Summary:
  28:Generated_Source\PSoC5/motorC_PM.c **** *  Saves the current user configuration of the component.
  29:Generated_Source\PSoC5/motorC_PM.c **** *
  30:Generated_Source\PSoC5/motorC_PM.c **** * Parameters:
ARM GAS  C:\Users\tetsuya\AppData\Local\Temp\ccZMkVXR.s 			page 2


  31:Generated_Source\PSoC5/motorC_PM.c **** *  None
  32:Generated_Source\PSoC5/motorC_PM.c **** *
  33:Generated_Source\PSoC5/motorC_PM.c **** * Return:
  34:Generated_Source\PSoC5/motorC_PM.c **** *  None
  35:Generated_Source\PSoC5/motorC_PM.c **** *
  36:Generated_Source\PSoC5/motorC_PM.c **** * Global variables:
  37:Generated_Source\PSoC5/motorC_PM.c **** *  motorC_backup:  Variables of this global structure are modified to
  38:Generated_Source\PSoC5/motorC_PM.c **** *  store the values of non retention configuration registers when Sleep() API is
  39:Generated_Source\PSoC5/motorC_PM.c **** *  called.
  40:Generated_Source\PSoC5/motorC_PM.c **** *
  41:Generated_Source\PSoC5/motorC_PM.c **** *******************************************************************************/
  42:Generated_Source\PSoC5/motorC_PM.c **** void motorC_SaveConfig(void) 
  43:Generated_Source\PSoC5/motorC_PM.c **** {
  28              		.loc 1 43 0
  29              		.cfi_startproc
  30              		@ args = 0, pretend = 0, frame = 0
  31              		@ frame_needed = 0, uses_anonymous_args = 0
  32 0000 10B5     		push	{r4, lr}
  33              		.cfi_def_cfa_offset 8
  34              		.cfi_offset 4, -8
  35              		.cfi_offset 14, -4
  44:Generated_Source\PSoC5/motorC_PM.c **** 
  45:Generated_Source\PSoC5/motorC_PM.c ****     #if(!motorC_UsingFixedFunction)
  46:Generated_Source\PSoC5/motorC_PM.c ****         #if(!motorC_PWMModeIsCenterAligned)
  47:Generated_Source\PSoC5/motorC_PM.c ****             motorC_backup.PWMPeriod = motorC_ReadPeriod();
  36              		.loc 1 47 0
  37 0002 FFF7FEFF 		bl	motorC_ReadPeriod
  38              	.LVL0:
  39 0006 074C     		ldr	r4, .L3
  40 0008 A070     		strb	r0, [r4, #2]
  48:Generated_Source\PSoC5/motorC_PM.c ****         #endif /* (!motorC_PWMModeIsCenterAligned) */
  49:Generated_Source\PSoC5/motorC_PM.c ****         motorC_backup.PWMUdb = motorC_ReadCounter();
  41              		.loc 1 49 0
  42 000a FFF7FEFF 		bl	motorC_ReadCounter
  43              	.LVL1:
  44 000e 6070     		strb	r0, [r4, #1]
  50:Generated_Source\PSoC5/motorC_PM.c ****         #if (motorC_UseStatus)
  51:Generated_Source\PSoC5/motorC_PM.c ****             motorC_backup.InterruptMaskValue = motorC_STATUS_MASK;
  45              		.loc 1 51 0
  46 0010 054B     		ldr	r3, .L3+4
  47 0012 1B78     		ldrb	r3, [r3]	@ zero_extendqisi2
  48 0014 E370     		strb	r3, [r4, #3]
  52:Generated_Source\PSoC5/motorC_PM.c ****         #endif /* (motorC_UseStatus) */
  53:Generated_Source\PSoC5/motorC_PM.c **** 
  54:Generated_Source\PSoC5/motorC_PM.c ****         #if(motorC_DeadBandMode == motorC__B_PWM__DBM_256_CLOCKS || \
  55:Generated_Source\PSoC5/motorC_PM.c ****             motorC_DeadBandMode == motorC__B_PWM__DBM_2_4_CLOCKS)
  56:Generated_Source\PSoC5/motorC_PM.c ****             motorC_backup.PWMdeadBandValue = motorC_ReadDeadTime();
  49              		.loc 1 56 0
  50 0016 FFF7FEFF 		bl	motorC_ReadDeadTime
  51              	.LVL2:
  52 001a 2071     		strb	r0, [r4, #4]
  57:Generated_Source\PSoC5/motorC_PM.c ****         #endif /*  deadband count is either 2-4 clocks or 256 clocks */
  58:Generated_Source\PSoC5/motorC_PM.c **** 
  59:Generated_Source\PSoC5/motorC_PM.c ****         #if(motorC_KillModeMinTime)
  60:Generated_Source\PSoC5/motorC_PM.c ****              motorC_backup.PWMKillCounterPeriod = motorC_ReadKillTime();
  61:Generated_Source\PSoC5/motorC_PM.c ****         #endif /* (motorC_KillModeMinTime) */
  62:Generated_Source\PSoC5/motorC_PM.c **** 
ARM GAS  C:\Users\tetsuya\AppData\Local\Temp\ccZMkVXR.s 			page 3


  63:Generated_Source\PSoC5/motorC_PM.c ****         #if(motorC_UseControl)
  64:Generated_Source\PSoC5/motorC_PM.c ****             motorC_backup.PWMControlRegister = motorC_ReadControlRegister();
  53              		.loc 1 64 0
  54 001c FFF7FEFF 		bl	motorC_ReadControlRegister
  55              	.LVL3:
  56 0020 6071     		strb	r0, [r4, #5]
  57 0022 10BD     		pop	{r4, pc}
  58              	.L4:
  59              		.align	2
  60              	.L3:
  61 0024 00000000 		.word	.LANCHOR0
  62 0028 87640040 		.word	1073767559
  63              		.cfi_endproc
  64              	.LFE0:
  65              		.size	motorC_SaveConfig, .-motorC_SaveConfig
  66              		.section	.text.motorC_RestoreConfig,"ax",%progbits
  67              		.align	2
  68              		.global	motorC_RestoreConfig
  69              		.thumb
  70              		.thumb_func
  71              		.type	motorC_RestoreConfig, %function
  72              	motorC_RestoreConfig:
  73              	.LFB1:
  65:Generated_Source\PSoC5/motorC_PM.c ****         #endif /* (motorC_UseControl) */
  66:Generated_Source\PSoC5/motorC_PM.c ****     #endif  /* (!motorC_UsingFixedFunction) */
  67:Generated_Source\PSoC5/motorC_PM.c **** }
  68:Generated_Source\PSoC5/motorC_PM.c **** 
  69:Generated_Source\PSoC5/motorC_PM.c **** 
  70:Generated_Source\PSoC5/motorC_PM.c **** /*******************************************************************************
  71:Generated_Source\PSoC5/motorC_PM.c **** * Function Name: motorC_RestoreConfig
  72:Generated_Source\PSoC5/motorC_PM.c **** ********************************************************************************
  73:Generated_Source\PSoC5/motorC_PM.c **** *
  74:Generated_Source\PSoC5/motorC_PM.c **** * Summary:
  75:Generated_Source\PSoC5/motorC_PM.c **** *  Restores the current user configuration of the component.
  76:Generated_Source\PSoC5/motorC_PM.c **** *
  77:Generated_Source\PSoC5/motorC_PM.c **** * Parameters:
  78:Generated_Source\PSoC5/motorC_PM.c **** *  None
  79:Generated_Source\PSoC5/motorC_PM.c **** *
  80:Generated_Source\PSoC5/motorC_PM.c **** * Return:
  81:Generated_Source\PSoC5/motorC_PM.c **** *  None
  82:Generated_Source\PSoC5/motorC_PM.c **** *
  83:Generated_Source\PSoC5/motorC_PM.c **** * Global variables:
  84:Generated_Source\PSoC5/motorC_PM.c **** *  motorC_backup:  Variables of this global structure are used to
  85:Generated_Source\PSoC5/motorC_PM.c **** *  restore the values of non retention registers on wakeup from sleep mode.
  86:Generated_Source\PSoC5/motorC_PM.c **** *
  87:Generated_Source\PSoC5/motorC_PM.c **** *******************************************************************************/
  88:Generated_Source\PSoC5/motorC_PM.c **** void motorC_RestoreConfig(void) 
  89:Generated_Source\PSoC5/motorC_PM.c **** {
  74              		.loc 1 89 0
  75              		.cfi_startproc
  76              		@ args = 0, pretend = 0, frame = 0
  77              		@ frame_needed = 0, uses_anonymous_args = 0
  78 0000 10B5     		push	{r4, lr}
  79              		.cfi_def_cfa_offset 8
  80              		.cfi_offset 4, -8
  81              		.cfi_offset 14, -4
  90:Generated_Source\PSoC5/motorC_PM.c ****         #if(!motorC_UsingFixedFunction)
ARM GAS  C:\Users\tetsuya\AppData\Local\Temp\ccZMkVXR.s 			page 4


  91:Generated_Source\PSoC5/motorC_PM.c ****             #if(!motorC_PWMModeIsCenterAligned)
  92:Generated_Source\PSoC5/motorC_PM.c ****                 motorC_WritePeriod(motorC_backup.PWMPeriod);
  82              		.loc 1 92 0
  83 0002 084C     		ldr	r4, .L7
  84 0004 A078     		ldrb	r0, [r4, #2]	@ zero_extendqisi2
  85 0006 FFF7FEFF 		bl	motorC_WritePeriod
  86              	.LVL4:
  93:Generated_Source\PSoC5/motorC_PM.c ****             #endif /* (!motorC_PWMModeIsCenterAligned) */
  94:Generated_Source\PSoC5/motorC_PM.c **** 
  95:Generated_Source\PSoC5/motorC_PM.c ****             motorC_WriteCounter(motorC_backup.PWMUdb);
  87              		.loc 1 95 0
  88 000a 6078     		ldrb	r0, [r4, #1]	@ zero_extendqisi2
  89 000c FFF7FEFF 		bl	motorC_WriteCounter
  90              	.LVL5:
  96:Generated_Source\PSoC5/motorC_PM.c **** 
  97:Generated_Source\PSoC5/motorC_PM.c ****             #if (motorC_UseStatus)
  98:Generated_Source\PSoC5/motorC_PM.c ****                 motorC_STATUS_MASK = motorC_backup.InterruptMaskValue;
  91              		.loc 1 98 0
  92 0010 E278     		ldrb	r2, [r4, #3]	@ zero_extendqisi2
  93 0012 054B     		ldr	r3, .L7+4
  94 0014 1A70     		strb	r2, [r3]
  99:Generated_Source\PSoC5/motorC_PM.c ****             #endif /* (motorC_UseStatus) */
 100:Generated_Source\PSoC5/motorC_PM.c **** 
 101:Generated_Source\PSoC5/motorC_PM.c ****             #if(motorC_DeadBandMode == motorC__B_PWM__DBM_256_CLOCKS || \
 102:Generated_Source\PSoC5/motorC_PM.c ****                 motorC_DeadBandMode == motorC__B_PWM__DBM_2_4_CLOCKS)
 103:Generated_Source\PSoC5/motorC_PM.c ****                 motorC_WriteDeadTime(motorC_backup.PWMdeadBandValue);
  95              		.loc 1 103 0
  96 0016 2079     		ldrb	r0, [r4, #4]	@ zero_extendqisi2
  97 0018 FFF7FEFF 		bl	motorC_WriteDeadTime
  98              	.LVL6:
 104:Generated_Source\PSoC5/motorC_PM.c ****             #endif /* deadband count is either 2-4 clocks or 256 clocks */
 105:Generated_Source\PSoC5/motorC_PM.c **** 
 106:Generated_Source\PSoC5/motorC_PM.c ****             #if(motorC_KillModeMinTime)
 107:Generated_Source\PSoC5/motorC_PM.c ****                 motorC_WriteKillTime(motorC_backup.PWMKillCounterPeriod);
 108:Generated_Source\PSoC5/motorC_PM.c ****             #endif /* (motorC_KillModeMinTime) */
 109:Generated_Source\PSoC5/motorC_PM.c **** 
 110:Generated_Source\PSoC5/motorC_PM.c ****             #if(motorC_UseControl)
 111:Generated_Source\PSoC5/motorC_PM.c ****                 motorC_WriteControlRegister(motorC_backup.PWMControlRegister);
  99              		.loc 1 111 0
 100 001c 6079     		ldrb	r0, [r4, #5]	@ zero_extendqisi2
 101 001e FFF7FEFF 		bl	motorC_WriteControlRegister
 102              	.LVL7:
 103 0022 10BD     		pop	{r4, pc}
 104              	.L8:
 105              		.align	2
 106              	.L7:
 107 0024 00000000 		.word	.LANCHOR0
 108 0028 87640040 		.word	1073767559
 109              		.cfi_endproc
 110              	.LFE1:
 111              		.size	motorC_RestoreConfig, .-motorC_RestoreConfig
 112              		.section	.text.motorC_Sleep,"ax",%progbits
 113              		.align	2
 114              		.global	motorC_Sleep
 115              		.thumb
 116              		.thumb_func
 117              		.type	motorC_Sleep, %function
ARM GAS  C:\Users\tetsuya\AppData\Local\Temp\ccZMkVXR.s 			page 5


 118              	motorC_Sleep:
 119              	.LFB2:
 112:Generated_Source\PSoC5/motorC_PM.c ****             #endif /* (motorC_UseControl) */
 113:Generated_Source\PSoC5/motorC_PM.c ****         #endif  /* (!motorC_UsingFixedFunction) */
 114:Generated_Source\PSoC5/motorC_PM.c ****     }
 115:Generated_Source\PSoC5/motorC_PM.c **** 
 116:Generated_Source\PSoC5/motorC_PM.c **** 
 117:Generated_Source\PSoC5/motorC_PM.c **** /*******************************************************************************
 118:Generated_Source\PSoC5/motorC_PM.c **** * Function Name: motorC_Sleep
 119:Generated_Source\PSoC5/motorC_PM.c **** ********************************************************************************
 120:Generated_Source\PSoC5/motorC_PM.c **** *
 121:Generated_Source\PSoC5/motorC_PM.c **** * Summary:
 122:Generated_Source\PSoC5/motorC_PM.c **** *  Disables block's operation and saves the user configuration. Should be called
 123:Generated_Source\PSoC5/motorC_PM.c **** *  just prior to entering sleep.
 124:Generated_Source\PSoC5/motorC_PM.c **** *
 125:Generated_Source\PSoC5/motorC_PM.c **** * Parameters:
 126:Generated_Source\PSoC5/motorC_PM.c **** *  None
 127:Generated_Source\PSoC5/motorC_PM.c **** *
 128:Generated_Source\PSoC5/motorC_PM.c **** * Return:
 129:Generated_Source\PSoC5/motorC_PM.c **** *  None
 130:Generated_Source\PSoC5/motorC_PM.c **** *
 131:Generated_Source\PSoC5/motorC_PM.c **** * Global variables:
 132:Generated_Source\PSoC5/motorC_PM.c **** *  motorC_backup.PWMEnableState:  Is modified depending on the enable
 133:Generated_Source\PSoC5/motorC_PM.c **** *  state of the block before entering sleep mode.
 134:Generated_Source\PSoC5/motorC_PM.c **** *
 135:Generated_Source\PSoC5/motorC_PM.c **** *******************************************************************************/
 136:Generated_Source\PSoC5/motorC_PM.c **** void motorC_Sleep(void) 
 137:Generated_Source\PSoC5/motorC_PM.c **** {
 120              		.loc 1 137 0
 121              		.cfi_startproc
 122              		@ args = 0, pretend = 0, frame = 0
 123              		@ frame_needed = 0, uses_anonymous_args = 0
 124 0000 08B5     		push	{r3, lr}
 125              		.cfi_def_cfa_offset 8
 126              		.cfi_offset 3, -8
 127              		.cfi_offset 14, -4
 138:Generated_Source\PSoC5/motorC_PM.c ****     #if(motorC_UseControl)
 139:Generated_Source\PSoC5/motorC_PM.c ****         if(motorC_CTRL_ENABLE == (motorC_CONTROL & motorC_CTRL_ENABLE))
 128              		.loc 1 139 0
 129 0002 084B     		ldr	r3, .L13
 130 0004 1B78     		ldrb	r3, [r3]	@ zero_extendqisi2
 131 0006 13F0800F 		tst	r3, #128
 132 000a 03D0     		beq	.L10
 140:Generated_Source\PSoC5/motorC_PM.c ****         {
 141:Generated_Source\PSoC5/motorC_PM.c ****             /*Component is enabled */
 142:Generated_Source\PSoC5/motorC_PM.c ****             motorC_backup.PWMEnableState = 1u;
 133              		.loc 1 142 0
 134 000c 0122     		movs	r2, #1
 135 000e 064B     		ldr	r3, .L13+4
 136 0010 1A70     		strb	r2, [r3]
 137 0012 02E0     		b	.L11
 138              	.L10:
 143:Generated_Source\PSoC5/motorC_PM.c ****         }
 144:Generated_Source\PSoC5/motorC_PM.c ****         else
 145:Generated_Source\PSoC5/motorC_PM.c ****         {
 146:Generated_Source\PSoC5/motorC_PM.c ****             /* Component is disabled */
 147:Generated_Source\PSoC5/motorC_PM.c ****             motorC_backup.PWMEnableState = 0u;
ARM GAS  C:\Users\tetsuya\AppData\Local\Temp\ccZMkVXR.s 			page 6


 139              		.loc 1 147 0
 140 0014 0022     		movs	r2, #0
 141 0016 044B     		ldr	r3, .L13+4
 142 0018 1A70     		strb	r2, [r3]
 143              	.L11:
 148:Generated_Source\PSoC5/motorC_PM.c ****         }
 149:Generated_Source\PSoC5/motorC_PM.c ****     #endif /* (motorC_UseControl) */
 150:Generated_Source\PSoC5/motorC_PM.c **** 
 151:Generated_Source\PSoC5/motorC_PM.c ****     /* Stop component */
 152:Generated_Source\PSoC5/motorC_PM.c ****     motorC_Stop();
 144              		.loc 1 152 0
 145 001a FFF7FEFF 		bl	motorC_Stop
 146              	.LVL8:
 153:Generated_Source\PSoC5/motorC_PM.c **** 
 154:Generated_Source\PSoC5/motorC_PM.c ****     /* Save registers configuration */
 155:Generated_Source\PSoC5/motorC_PM.c ****     motorC_SaveConfig();
 147              		.loc 1 155 0
 148 001e FFF7FEFF 		bl	motorC_SaveConfig
 149              	.LVL9:
 150 0022 08BD     		pop	{r3, pc}
 151              	.L14:
 152              		.align	2
 153              	.L13:
 154 0024 79640040 		.word	1073767545
 155 0028 00000000 		.word	.LANCHOR0
 156              		.cfi_endproc
 157              	.LFE2:
 158              		.size	motorC_Sleep, .-motorC_Sleep
 159              		.section	.text.motorC_Wakeup,"ax",%progbits
 160              		.align	2
 161              		.global	motorC_Wakeup
 162              		.thumb
 163              		.thumb_func
 164              		.type	motorC_Wakeup, %function
 165              	motorC_Wakeup:
 166              	.LFB3:
 156:Generated_Source\PSoC5/motorC_PM.c **** }
 157:Generated_Source\PSoC5/motorC_PM.c **** 
 158:Generated_Source\PSoC5/motorC_PM.c **** 
 159:Generated_Source\PSoC5/motorC_PM.c **** /*******************************************************************************
 160:Generated_Source\PSoC5/motorC_PM.c **** * Function Name: motorC_Wakeup
 161:Generated_Source\PSoC5/motorC_PM.c **** ********************************************************************************
 162:Generated_Source\PSoC5/motorC_PM.c **** *
 163:Generated_Source\PSoC5/motorC_PM.c **** * Summary:
 164:Generated_Source\PSoC5/motorC_PM.c **** *  Restores and enables the user configuration. Should be called just after
 165:Generated_Source\PSoC5/motorC_PM.c **** *  awaking from sleep.
 166:Generated_Source\PSoC5/motorC_PM.c **** *
 167:Generated_Source\PSoC5/motorC_PM.c **** * Parameters:
 168:Generated_Source\PSoC5/motorC_PM.c **** *  None
 169:Generated_Source\PSoC5/motorC_PM.c **** *
 170:Generated_Source\PSoC5/motorC_PM.c **** * Return:
 171:Generated_Source\PSoC5/motorC_PM.c **** *  None
 172:Generated_Source\PSoC5/motorC_PM.c **** *
 173:Generated_Source\PSoC5/motorC_PM.c **** * Global variables:
 174:Generated_Source\PSoC5/motorC_PM.c **** *  motorC_backup.pwmEnable:  Is used to restore the enable state of
 175:Generated_Source\PSoC5/motorC_PM.c **** *  block on wakeup from sleep mode.
 176:Generated_Source\PSoC5/motorC_PM.c **** *
ARM GAS  C:\Users\tetsuya\AppData\Local\Temp\ccZMkVXR.s 			page 7


 177:Generated_Source\PSoC5/motorC_PM.c **** *******************************************************************************/
 178:Generated_Source\PSoC5/motorC_PM.c **** void motorC_Wakeup(void) 
 179:Generated_Source\PSoC5/motorC_PM.c **** {
 167              		.loc 1 179 0
 168              		.cfi_startproc
 169              		@ args = 0, pretend = 0, frame = 0
 170              		@ frame_needed = 0, uses_anonymous_args = 0
 171 0000 08B5     		push	{r3, lr}
 172              		.cfi_def_cfa_offset 8
 173              		.cfi_offset 3, -8
 174              		.cfi_offset 14, -4
 180:Generated_Source\PSoC5/motorC_PM.c ****      /* Restore registers values */
 181:Generated_Source\PSoC5/motorC_PM.c ****     motorC_RestoreConfig();
 175              		.loc 1 181 0
 176 0002 FFF7FEFF 		bl	motorC_RestoreConfig
 177              	.LVL10:
 182:Generated_Source\PSoC5/motorC_PM.c **** 
 183:Generated_Source\PSoC5/motorC_PM.c ****     if(motorC_backup.PWMEnableState != 0u)
 178              		.loc 1 183 0
 179 0006 034B     		ldr	r3, .L18
 180 0008 1B78     		ldrb	r3, [r3]	@ zero_extendqisi2
 181 000a 0BB1     		cbz	r3, .L15
 184:Generated_Source\PSoC5/motorC_PM.c ****     {
 185:Generated_Source\PSoC5/motorC_PM.c ****         /* Enable component's operation */
 186:Generated_Source\PSoC5/motorC_PM.c ****         motorC_Enable();
 182              		.loc 1 186 0
 183 000c FFF7FEFF 		bl	motorC_Enable
 184              	.LVL11:
 185              	.L15:
 186 0010 08BD     		pop	{r3, pc}
 187              	.L19:
 188 0012 00BF     		.align	2
 189              	.L18:
 190 0014 00000000 		.word	.LANCHOR0
 191              		.cfi_endproc
 192              	.LFE3:
 193              		.size	motorC_Wakeup, .-motorC_Wakeup
 194              		.bss
 195              		.align	2
 196              		.set	.LANCHOR0,. + 0
 197              		.type	motorC_backup, %object
 198              		.size	motorC_backup, 6
 199              	motorC_backup:
 200 0000 00000000 		.space	6
 200      0000
 201              		.text
 202              	.Letext0:
 203              		.file 2 "Generated_Source\\PSoC5\\cytypes.h"
 204              		.file 3 "Generated_Source\\PSoC5\\motorC.h"
 205              		.section	.debug_info,"",%progbits
 206              	.Ldebug_info0:
 207 0000 47020000 		.4byte	0x247
 208 0004 0400     		.2byte	0x4
 209 0006 00000000 		.4byte	.Ldebug_abbrev0
 210 000a 04       		.byte	0x4
 211 000b 01       		.uleb128 0x1
 212 000c BF000000 		.4byte	.LASF37
ARM GAS  C:\Users\tetsuya\AppData\Local\Temp\ccZMkVXR.s 			page 8


 213 0010 0C       		.byte	0xc
 214 0011 91010000 		.4byte	.LASF38
 215 0015 2C020000 		.4byte	.LASF39
 216 0019 00000000 		.4byte	.Ldebug_ranges0+0
 217 001d 00000000 		.4byte	0
 218 0021 00000000 		.4byte	.Ldebug_line0
 219 0025 02       		.uleb128 0x2
 220 0026 01       		.byte	0x1
 221 0027 06       		.byte	0x6
 222 0028 EB020000 		.4byte	.LASF0
 223 002c 02       		.uleb128 0x2
 224 002d 01       		.byte	0x1
 225 002e 08       		.byte	0x8
 226 002f B1000000 		.4byte	.LASF1
 227 0033 02       		.uleb128 0x2
 228 0034 02       		.byte	0x2
 229 0035 05       		.byte	0x5
 230 0036 B2020000 		.4byte	.LASF2
 231 003a 02       		.uleb128 0x2
 232 003b 02       		.byte	0x2
 233 003c 07       		.byte	0x7
 234 003d 1E000000 		.4byte	.LASF3
 235 0041 02       		.uleb128 0x2
 236 0042 04       		.byte	0x4
 237 0043 05       		.byte	0x5
 238 0044 CA020000 		.4byte	.LASF4
 239 0048 02       		.uleb128 0x2
 240 0049 04       		.byte	0x4
 241 004a 07       		.byte	0x7
 242 004b DC010000 		.4byte	.LASF5
 243 004f 02       		.uleb128 0x2
 244 0050 08       		.byte	0x8
 245 0051 05       		.byte	0x5
 246 0052 69020000 		.4byte	.LASF6
 247 0056 02       		.uleb128 0x2
 248 0057 08       		.byte	0x8
 249 0058 07       		.byte	0x7
 250 0059 FB010000 		.4byte	.LASF7
 251 005d 03       		.uleb128 0x3
 252 005e 04       		.byte	0x4
 253 005f 05       		.byte	0x5
 254 0060 696E7400 		.ascii	"int\000"
 255 0064 02       		.uleb128 0x2
 256 0065 04       		.byte	0x4
 257 0066 07       		.byte	0x7
 258 0067 EE010000 		.4byte	.LASF8
 259 006b 04       		.uleb128 0x4
 260 006c 8B010000 		.4byte	.LASF12
 261 0070 02       		.byte	0x2
 262 0071 9201     		.2byte	0x192
 263 0073 2C000000 		.4byte	0x2c
 264 0077 02       		.uleb128 0x2
 265 0078 04       		.byte	0x4
 266 0079 04       		.byte	0x4
 267 007a 73000000 		.4byte	.LASF9
 268 007e 02       		.uleb128 0x2
 269 007f 08       		.byte	0x8
ARM GAS  C:\Users\tetsuya\AppData\Local\Temp\ccZMkVXR.s 			page 9


 270 0080 04       		.byte	0x4
 271 0081 D5010000 		.4byte	.LASF10
 272 0085 02       		.uleb128 0x2
 273 0086 01       		.byte	0x1
 274 0087 08       		.byte	0x8
 275 0088 8B020000 		.4byte	.LASF11
 276 008c 04       		.uleb128 0x4
 277 008d 27020000 		.4byte	.LASF13
 278 0091 02       		.byte	0x2
 279 0092 3C02     		.2byte	0x23c
 280 0094 98000000 		.4byte	0x98
 281 0098 05       		.uleb128 0x5
 282 0099 6B000000 		.4byte	0x6b
 283 009d 02       		.uleb128 0x2
 284 009e 08       		.byte	0x8
 285 009f 04       		.byte	0x4
 286 00a0 DF020000 		.4byte	.LASF14
 287 00a4 02       		.uleb128 0x2
 288 00a5 04       		.byte	0x4
 289 00a6 07       		.byte	0x7
 290 00a7 60020000 		.4byte	.LASF15
 291 00ab 06       		.uleb128 0x6
 292 00ac 06       		.byte	0x6
 293 00ad 03       		.byte	0x3
 294 00ae 6B       		.byte	0x6b
 295 00af FC000000 		.4byte	0xfc
 296 00b3 07       		.uleb128 0x7
 297 00b4 4D010000 		.4byte	.LASF16
 298 00b8 03       		.byte	0x3
 299 00b9 6E       		.byte	0x6e
 300 00ba 6B000000 		.4byte	0x6b
 301 00be 00       		.byte	0
 302 00bf 07       		.uleb128 0x7
 303 00c0 0D000000 		.4byte	.LASF17
 304 00c4 03       		.byte	0x3
 305 00c5 71       		.byte	0x71
 306 00c6 6B000000 		.4byte	0x6b
 307 00ca 01       		.byte	0x1
 308 00cb 07       		.uleb128 0x7
 309 00cc 14000000 		.4byte	.LASF18
 310 00d0 03       		.byte	0x3
 311 00d1 73       		.byte	0x73
 312 00d2 6B000000 		.4byte	0x6b
 313 00d6 02       		.byte	0x2
 314 00d7 07       		.uleb128 0x7
 315 00d8 F7020000 		.4byte	.LASF19
 316 00dc 03       		.byte	0x3
 317 00dd 76       		.byte	0x76
 318 00de 6B000000 		.4byte	0x6b
 319 00e2 03       		.byte	0x3
 320 00e3 07       		.uleb128 0x7
 321 00e4 79000000 		.4byte	.LASF20
 322 00e8 03       		.byte	0x3
 323 00e9 7C       		.byte	0x7c
 324 00ea 6B000000 		.4byte	0x6b
 325 00ee 04       		.byte	0x4
 326 00ef 07       		.uleb128 0x7
ARM GAS  C:\Users\tetsuya\AppData\Local\Temp\ccZMkVXR.s 			page 10


 327 00f0 C2010000 		.4byte	.LASF21
 328 00f4 03       		.byte	0x3
 329 00f5 86       		.byte	0x86
 330 00f6 6B000000 		.4byte	0x6b
 331 00fa 05       		.byte	0x5
 332 00fb 00       		.byte	0
 333 00fc 08       		.uleb128 0x8
 334 00fd 31000000 		.4byte	.LASF22
 335 0101 03       		.byte	0x3
 336 0102 8B       		.byte	0x8b
 337 0103 AB000000 		.4byte	0xab
 338 0107 09       		.uleb128 0x9
 339 0108 0A030000 		.4byte	.LASF23
 340 010c 01       		.byte	0x1
 341 010d 2A       		.byte	0x2a
 342 010e 00000000 		.4byte	.LFB0
 343 0112 2C000000 		.4byte	.LFE0-.LFB0
 344 0116 01       		.uleb128 0x1
 345 0117 9C       		.byte	0x9c
 346 0118 41010000 		.4byte	0x141
 347 011c 0A       		.uleb128 0xa
 348 011d 06000000 		.4byte	.LVL0
 349 0121 DC010000 		.4byte	0x1dc
 350 0125 0A       		.uleb128 0xa
 351 0126 0E000000 		.4byte	.LVL1
 352 012a E7010000 		.4byte	0x1e7
 353 012e 0A       		.uleb128 0xa
 354 012f 1A000000 		.4byte	.LVL2
 355 0133 F2010000 		.4byte	0x1f2
 356 0137 0A       		.uleb128 0xa
 357 0138 20000000 		.4byte	.LVL3
 358 013c FD010000 		.4byte	0x1fd
 359 0140 00       		.byte	0
 360 0141 09       		.uleb128 0x9
 361 0142 8A000000 		.4byte	.LASF24
 362 0146 01       		.byte	0x1
 363 0147 58       		.byte	0x58
 364 0148 00000000 		.4byte	.LFB1
 365 014c 2C000000 		.4byte	.LFE1-.LFB1
 366 0150 01       		.uleb128 0x1
 367 0151 9C       		.byte	0x9c
 368 0152 7B010000 		.4byte	0x17b
 369 0156 0A       		.uleb128 0xa
 370 0157 0A000000 		.4byte	.LVL4
 371 015b 08020000 		.4byte	0x208
 372 015f 0A       		.uleb128 0xa
 373 0160 10000000 		.4byte	.LVL5
 374 0164 13020000 		.4byte	0x213
 375 0168 0A       		.uleb128 0xa
 376 0169 1C000000 		.4byte	.LVL6
 377 016d 1E020000 		.4byte	0x21e
 378 0171 0A       		.uleb128 0xa
 379 0172 22000000 		.4byte	.LVL7
 380 0176 29020000 		.4byte	0x229
 381 017a 00       		.byte	0
 382 017b 09       		.uleb128 0x9
 383 017c 00000000 		.4byte	.LASF25
ARM GAS  C:\Users\tetsuya\AppData\Local\Temp\ccZMkVXR.s 			page 11


 384 0180 01       		.byte	0x1
 385 0181 88       		.byte	0x88
 386 0182 00000000 		.4byte	.LFB2
 387 0186 2C000000 		.4byte	.LFE2-.LFB2
 388 018a 01       		.uleb128 0x1
 389 018b 9C       		.byte	0x9c
 390 018c A3010000 		.4byte	0x1a3
 391 0190 0A       		.uleb128 0xa
 392 0191 1E000000 		.4byte	.LVL8
 393 0195 34020000 		.4byte	0x234
 394 0199 0A       		.uleb128 0xa
 395 019a 22000000 		.4byte	.LVL9
 396 019e 07010000 		.4byte	0x107
 397 01a2 00       		.byte	0
 398 01a3 09       		.uleb128 0x9
 399 01a4 BC020000 		.4byte	.LASF26
 400 01a8 01       		.byte	0x1
 401 01a9 B2       		.byte	0xb2
 402 01aa 00000000 		.4byte	.LFB3
 403 01ae 18000000 		.4byte	.LFE3-.LFB3
 404 01b2 01       		.uleb128 0x1
 405 01b3 9C       		.byte	0x9c
 406 01b4 CB010000 		.4byte	0x1cb
 407 01b8 0A       		.uleb128 0xa
 408 01b9 06000000 		.4byte	.LVL10
 409 01bd 41010000 		.4byte	0x141
 410 01c1 0A       		.uleb128 0xa
 411 01c2 10000000 		.4byte	.LVL11
 412 01c6 3F020000 		.4byte	0x23f
 413 01ca 00       		.byte	0
 414 01cb 0B       		.uleb128 0xb
 415 01cc 90020000 		.4byte	.LASF40
 416 01d0 01       		.byte	0x1
 417 01d1 14       		.byte	0x14
 418 01d2 FC000000 		.4byte	0xfc
 419 01d6 05       		.uleb128 0x5
 420 01d7 03       		.byte	0x3
 421 01d8 00000000 		.4byte	motorC_backup
 422 01dc 0C       		.uleb128 0xc
 423 01dd 9F000000 		.4byte	.LASF27
 424 01e1 9F000000 		.4byte	.LASF27
 425 01e5 03       		.byte	0x3
 426 01e6 C0       		.byte	0xc0
 427 01e7 0C       		.uleb128 0xc
 428 01e8 60000000 		.4byte	.LASF28
 429 01ec 60000000 		.4byte	.LASF28
 430 01f0 03       		.byte	0x3
 431 01f1 B3       		.byte	0xb3
 432 01f2 0C       		.uleb128 0xc
 433 01f3 9E020000 		.4byte	.LASF29
 434 01f7 9E020000 		.4byte	.LASF29
 435 01fb 03       		.byte	0x3
 436 01fc D2       		.byte	0xd2
 437 01fd 0C       		.uleb128 0xc
 438 01fe 45000000 		.4byte	.LASF30
 439 0202 45000000 		.4byte	.LASF30
 440 0206 03       		.byte	0x3
ARM GAS  C:\Users\tetsuya\AppData\Local\Temp\ccZMkVXR.s 			page 12


 441 0207 9D       		.byte	0x9d
 442 0208 0C       		.uleb128 0xc
 443 0209 5C010000 		.4byte	.LASF31
 444 020d 5C010000 		.4byte	.LASF31
 445 0211 03       		.byte	0x3
 446 0212 BE       		.byte	0xbe
 447 0213 0C       		.uleb128 0xc
 448 0214 77020000 		.4byte	.LASF32
 449 0218 77020000 		.4byte	.LASF32
 450 021c 03       		.byte	0x3
 451 021d BA       		.byte	0xba
 452 021e 0C       		.uleb128 0xc
 453 021f 12020000 		.4byte	.LASF33
 454 0223 12020000 		.4byte	.LASF33
 455 0227 03       		.byte	0x3
 456 0228 D1       		.byte	0xd1
 457 0229 0C       		.uleb128 0xc
 458 022a 6F010000 		.4byte	.LASF34
 459 022e 6F010000 		.4byte	.LASF34
 460 0232 03       		.byte	0x3
 461 0233 9E       		.byte	0x9e
 462 0234 0C       		.uleb128 0xc
 463 0235 D3020000 		.4byte	.LASF35
 464 0239 D3020000 		.4byte	.LASF35
 465 023d 03       		.byte	0x3
 466 023e 93       		.byte	0x93
 467 023f 0C       		.uleb128 0xc
 468 0240 B4010000 		.4byte	.LASF36
 469 0244 B4010000 		.4byte	.LASF36
 470 0248 03       		.byte	0x3
 471 0249 DB       		.byte	0xdb
 472 024a 00       		.byte	0
 473              		.section	.debug_abbrev,"",%progbits
 474              	.Ldebug_abbrev0:
 475 0000 01       		.uleb128 0x1
 476 0001 11       		.uleb128 0x11
 477 0002 01       		.byte	0x1
 478 0003 25       		.uleb128 0x25
 479 0004 0E       		.uleb128 0xe
 480 0005 13       		.uleb128 0x13
 481 0006 0B       		.uleb128 0xb
 482 0007 03       		.uleb128 0x3
 483 0008 0E       		.uleb128 0xe
 484 0009 1B       		.uleb128 0x1b
 485 000a 0E       		.uleb128 0xe
 486 000b 55       		.uleb128 0x55
 487 000c 17       		.uleb128 0x17
 488 000d 11       		.uleb128 0x11
 489 000e 01       		.uleb128 0x1
 490 000f 10       		.uleb128 0x10
 491 0010 17       		.uleb128 0x17
 492 0011 00       		.byte	0
 493 0012 00       		.byte	0
 494 0013 02       		.uleb128 0x2
 495 0014 24       		.uleb128 0x24
 496 0015 00       		.byte	0
 497 0016 0B       		.uleb128 0xb
ARM GAS  C:\Users\tetsuya\AppData\Local\Temp\ccZMkVXR.s 			page 13


 498 0017 0B       		.uleb128 0xb
 499 0018 3E       		.uleb128 0x3e
 500 0019 0B       		.uleb128 0xb
 501 001a 03       		.uleb128 0x3
 502 001b 0E       		.uleb128 0xe
 503 001c 00       		.byte	0
 504 001d 00       		.byte	0
 505 001e 03       		.uleb128 0x3
 506 001f 24       		.uleb128 0x24
 507 0020 00       		.byte	0
 508 0021 0B       		.uleb128 0xb
 509 0022 0B       		.uleb128 0xb
 510 0023 3E       		.uleb128 0x3e
 511 0024 0B       		.uleb128 0xb
 512 0025 03       		.uleb128 0x3
 513 0026 08       		.uleb128 0x8
 514 0027 00       		.byte	0
 515 0028 00       		.byte	0
 516 0029 04       		.uleb128 0x4
 517 002a 16       		.uleb128 0x16
 518 002b 00       		.byte	0
 519 002c 03       		.uleb128 0x3
 520 002d 0E       		.uleb128 0xe
 521 002e 3A       		.uleb128 0x3a
 522 002f 0B       		.uleb128 0xb
 523 0030 3B       		.uleb128 0x3b
 524 0031 05       		.uleb128 0x5
 525 0032 49       		.uleb128 0x49
 526 0033 13       		.uleb128 0x13
 527 0034 00       		.byte	0
 528 0035 00       		.byte	0
 529 0036 05       		.uleb128 0x5
 530 0037 35       		.uleb128 0x35
 531 0038 00       		.byte	0
 532 0039 49       		.uleb128 0x49
 533 003a 13       		.uleb128 0x13
 534 003b 00       		.byte	0
 535 003c 00       		.byte	0
 536 003d 06       		.uleb128 0x6
 537 003e 13       		.uleb128 0x13
 538 003f 01       		.byte	0x1
 539 0040 0B       		.uleb128 0xb
 540 0041 0B       		.uleb128 0xb
 541 0042 3A       		.uleb128 0x3a
 542 0043 0B       		.uleb128 0xb
 543 0044 3B       		.uleb128 0x3b
 544 0045 0B       		.uleb128 0xb
 545 0046 01       		.uleb128 0x1
 546 0047 13       		.uleb128 0x13
 547 0048 00       		.byte	0
 548 0049 00       		.byte	0
 549 004a 07       		.uleb128 0x7
 550 004b 0D       		.uleb128 0xd
 551 004c 00       		.byte	0
 552 004d 03       		.uleb128 0x3
 553 004e 0E       		.uleb128 0xe
 554 004f 3A       		.uleb128 0x3a
ARM GAS  C:\Users\tetsuya\AppData\Local\Temp\ccZMkVXR.s 			page 14


 555 0050 0B       		.uleb128 0xb
 556 0051 3B       		.uleb128 0x3b
 557 0052 0B       		.uleb128 0xb
 558 0053 49       		.uleb128 0x49
 559 0054 13       		.uleb128 0x13
 560 0055 38       		.uleb128 0x38
 561 0056 0B       		.uleb128 0xb
 562 0057 00       		.byte	0
 563 0058 00       		.byte	0
 564 0059 08       		.uleb128 0x8
 565 005a 16       		.uleb128 0x16
 566 005b 00       		.byte	0
 567 005c 03       		.uleb128 0x3
 568 005d 0E       		.uleb128 0xe
 569 005e 3A       		.uleb128 0x3a
 570 005f 0B       		.uleb128 0xb
 571 0060 3B       		.uleb128 0x3b
 572 0061 0B       		.uleb128 0xb
 573 0062 49       		.uleb128 0x49
 574 0063 13       		.uleb128 0x13
 575 0064 00       		.byte	0
 576 0065 00       		.byte	0
 577 0066 09       		.uleb128 0x9
 578 0067 2E       		.uleb128 0x2e
 579 0068 01       		.byte	0x1
 580 0069 3F       		.uleb128 0x3f
 581 006a 19       		.uleb128 0x19
 582 006b 03       		.uleb128 0x3
 583 006c 0E       		.uleb128 0xe
 584 006d 3A       		.uleb128 0x3a
 585 006e 0B       		.uleb128 0xb
 586 006f 3B       		.uleb128 0x3b
 587 0070 0B       		.uleb128 0xb
 588 0071 27       		.uleb128 0x27
 589 0072 19       		.uleb128 0x19
 590 0073 11       		.uleb128 0x11
 591 0074 01       		.uleb128 0x1
 592 0075 12       		.uleb128 0x12
 593 0076 06       		.uleb128 0x6
 594 0077 40       		.uleb128 0x40
 595 0078 18       		.uleb128 0x18
 596 0079 9742     		.uleb128 0x2117
 597 007b 19       		.uleb128 0x19
 598 007c 01       		.uleb128 0x1
 599 007d 13       		.uleb128 0x13
 600 007e 00       		.byte	0
 601 007f 00       		.byte	0
 602 0080 0A       		.uleb128 0xa
 603 0081 898201   		.uleb128 0x4109
 604 0084 00       		.byte	0
 605 0085 11       		.uleb128 0x11
 606 0086 01       		.uleb128 0x1
 607 0087 31       		.uleb128 0x31
 608 0088 13       		.uleb128 0x13
 609 0089 00       		.byte	0
 610 008a 00       		.byte	0
 611 008b 0B       		.uleb128 0xb
ARM GAS  C:\Users\tetsuya\AppData\Local\Temp\ccZMkVXR.s 			page 15


 612 008c 34       		.uleb128 0x34
 613 008d 00       		.byte	0
 614 008e 03       		.uleb128 0x3
 615 008f 0E       		.uleb128 0xe
 616 0090 3A       		.uleb128 0x3a
 617 0091 0B       		.uleb128 0xb
 618 0092 3B       		.uleb128 0x3b
 619 0093 0B       		.uleb128 0xb
 620 0094 49       		.uleb128 0x49
 621 0095 13       		.uleb128 0x13
 622 0096 02       		.uleb128 0x2
 623 0097 18       		.uleb128 0x18
 624 0098 00       		.byte	0
 625 0099 00       		.byte	0
 626 009a 0C       		.uleb128 0xc
 627 009b 2E       		.uleb128 0x2e
 628 009c 00       		.byte	0
 629 009d 3F       		.uleb128 0x3f
 630 009e 19       		.uleb128 0x19
 631 009f 3C       		.uleb128 0x3c
 632 00a0 19       		.uleb128 0x19
 633 00a1 6E       		.uleb128 0x6e
 634 00a2 0E       		.uleb128 0xe
 635 00a3 03       		.uleb128 0x3
 636 00a4 0E       		.uleb128 0xe
 637 00a5 3A       		.uleb128 0x3a
 638 00a6 0B       		.uleb128 0xb
 639 00a7 3B       		.uleb128 0x3b
 640 00a8 0B       		.uleb128 0xb
 641 00a9 00       		.byte	0
 642 00aa 00       		.byte	0
 643 00ab 00       		.byte	0
 644              		.section	.debug_aranges,"",%progbits
 645 0000 34000000 		.4byte	0x34
 646 0004 0200     		.2byte	0x2
 647 0006 00000000 		.4byte	.Ldebug_info0
 648 000a 04       		.byte	0x4
 649 000b 00       		.byte	0
 650 000c 0000     		.2byte	0
 651 000e 0000     		.2byte	0
 652 0010 00000000 		.4byte	.LFB0
 653 0014 2C000000 		.4byte	.LFE0-.LFB0
 654 0018 00000000 		.4byte	.LFB1
 655 001c 2C000000 		.4byte	.LFE1-.LFB1
 656 0020 00000000 		.4byte	.LFB2
 657 0024 2C000000 		.4byte	.LFE2-.LFB2
 658 0028 00000000 		.4byte	.LFB3
 659 002c 18000000 		.4byte	.LFE3-.LFB3
 660 0030 00000000 		.4byte	0
 661 0034 00000000 		.4byte	0
 662              		.section	.debug_ranges,"",%progbits
 663              	.Ldebug_ranges0:
 664 0000 00000000 		.4byte	.LFB0
 665 0004 2C000000 		.4byte	.LFE0
 666 0008 00000000 		.4byte	.LFB1
 667 000c 2C000000 		.4byte	.LFE1
 668 0010 00000000 		.4byte	.LFB2
ARM GAS  C:\Users\tetsuya\AppData\Local\Temp\ccZMkVXR.s 			page 16


 669 0014 2C000000 		.4byte	.LFE2
 670 0018 00000000 		.4byte	.LFB3
 671 001c 18000000 		.4byte	.LFE3
 672 0020 00000000 		.4byte	0
 673 0024 00000000 		.4byte	0
 674              		.section	.debug_line,"",%progbits
 675              	.Ldebug_line0:
 676 0000 A9000000 		.section	.debug_str,"MS",%progbits,1
 676      02005200 
 676      00000201 
 676      FB0E0D00 
 676      01010101 
 677              	.LASF25:
 678 0000 6D6F746F 		.ascii	"motorC_Sleep\000"
 678      72435F53 
 678      6C656570 
 678      00
 679              	.LASF17:
 680 000d 50574D55 		.ascii	"PWMUdb\000"
 680      646200
 681              	.LASF18:
 682 0014 50574D50 		.ascii	"PWMPeriod\000"
 682      6572696F 
 682      6400
 683              	.LASF3:
 684 001e 73686F72 		.ascii	"short unsigned int\000"
 684      7420756E 
 684      7369676E 
 684      65642069 
 684      6E7400
 685              	.LASF22:
 686 0031 6D6F746F 		.ascii	"motorC_backupStruct\000"
 686      72435F62 
 686      61636B75 
 686      70537472 
 686      75637400 
 687              	.LASF30:
 688 0045 6D6F746F 		.ascii	"motorC_ReadControlRegister\000"
 688      72435F52 
 688      65616443 
 688      6F6E7472 
 688      6F6C5265 
 689              	.LASF28:
 690 0060 6D6F746F 		.ascii	"motorC_ReadCounter\000"
 690      72435F52 
 690      65616443 
 690      6F756E74 
 690      657200
 691              	.LASF9:
 692 0073 666C6F61 		.ascii	"float\000"
 692      7400
 693              	.LASF20:
 694 0079 50574D64 		.ascii	"PWMdeadBandValue\000"
 694      65616442 
 694      616E6456 
 694      616C7565 
 694      00
ARM GAS  C:\Users\tetsuya\AppData\Local\Temp\ccZMkVXR.s 			page 17


 695              	.LASF24:
 696 008a 6D6F746F 		.ascii	"motorC_RestoreConfig\000"
 696      72435F52 
 696      6573746F 
 696      7265436F 
 696      6E666967 
 697              	.LASF27:
 698 009f 6D6F746F 		.ascii	"motorC_ReadPeriod\000"
 698      72435F52 
 698      65616450 
 698      6572696F 
 698      6400
 699              	.LASF1:
 700 00b1 756E7369 		.ascii	"unsigned char\000"
 700      676E6564 
 700      20636861 
 700      7200
 701              	.LASF37:
 702 00bf 474E5520 		.ascii	"GNU C11 5.4.1 20160609 (release) [ARM/embedded-5-br"
 702      43313120 
 702      352E342E 
 702      31203230 
 702      31363036 
 703 00f2 616E6368 		.ascii	"anch revision 237715] -mcpu=cortex-m3 -mthumb -g -O"
 703      20726576 
 703      6973696F 
 703      6E203233 
 703      37373135 
 704 0125 67202D66 		.ascii	"g -ffunction-sections -ffat-lto-objects\000"
 704      66756E63 
 704      74696F6E 
 704      2D736563 
 704      74696F6E 
 705              	.LASF16:
 706 014d 50574D45 		.ascii	"PWMEnableState\000"
 706      6E61626C 
 706      65537461 
 706      746500
 707              	.LASF31:
 708 015c 6D6F746F 		.ascii	"motorC_WritePeriod\000"
 708      72435F57 
 708      72697465 
 708      50657269 
 708      6F6400
 709              	.LASF34:
 710 016f 6D6F746F 		.ascii	"motorC_WriteControlRegister\000"
 710      72435F57 
 710      72697465 
 710      436F6E74 
 710      726F6C52 
 711              	.LASF12:
 712 018b 75696E74 		.ascii	"uint8\000"
 712      3800
 713              	.LASF38:
 714 0191 47656E65 		.ascii	"Generated_Source\\PSoC5\\motorC_PM.c\000"
 714      72617465 
 714      645F536F 
ARM GAS  C:\Users\tetsuya\AppData\Local\Temp\ccZMkVXR.s 			page 18


 714      75726365 
 714      5C50536F 
 715              	.LASF36:
 716 01b4 6D6F746F 		.ascii	"motorC_Enable\000"
 716      72435F45 
 716      6E61626C 
 716      6500
 717              	.LASF21:
 718 01c2 50574D43 		.ascii	"PWMControlRegister\000"
 718      6F6E7472 
 718      6F6C5265 
 718      67697374 
 718      657200
 719              	.LASF10:
 720 01d5 646F7562 		.ascii	"double\000"
 720      6C6500
 721              	.LASF5:
 722 01dc 6C6F6E67 		.ascii	"long unsigned int\000"
 722      20756E73 
 722      69676E65 
 722      6420696E 
 722      7400
 723              	.LASF8:
 724 01ee 756E7369 		.ascii	"unsigned int\000"
 724      676E6564 
 724      20696E74 
 724      00
 725              	.LASF7:
 726 01fb 6C6F6E67 		.ascii	"long long unsigned int\000"
 726      206C6F6E 
 726      6720756E 
 726      7369676E 
 726      65642069 
 727              	.LASF33:
 728 0212 6D6F746F 		.ascii	"motorC_WriteDeadTime\000"
 728      72435F57 
 728      72697465 
 728      44656164 
 728      54696D65 
 729              	.LASF13:
 730 0227 72656738 		.ascii	"reg8\000"
 730      00
 731              	.LASF39:
 732 022c 433A5C55 		.ascii	"C:\\Users\\tetsuya\\Documents\\motor_yao\\Design01."
 732      73657273 
 732      5C746574 
 732      73757961 
 732      5C446F63 
 733 025a 63796473 		.ascii	"cydsn\000"
 733      6E00
 734              	.LASF15:
 735 0260 73697A65 		.ascii	"sizetype\000"
 735      74797065 
 735      00
 736              	.LASF6:
 737 0269 6C6F6E67 		.ascii	"long long int\000"
 737      206C6F6E 
ARM GAS  C:\Users\tetsuya\AppData\Local\Temp\ccZMkVXR.s 			page 19


 737      6720696E 
 737      7400
 738              	.LASF32:
 739 0277 6D6F746F 		.ascii	"motorC_WriteCounter\000"
 739      72435F57 
 739      72697465 
 739      436F756E 
 739      74657200 
 740              	.LASF11:
 741 028b 63686172 		.ascii	"char\000"
 741      00
 742              	.LASF40:
 743 0290 6D6F746F 		.ascii	"motorC_backup\000"
 743      72435F62 
 743      61636B75 
 743      7000
 744              	.LASF29:
 745 029e 6D6F746F 		.ascii	"motorC_ReadDeadTime\000"
 745      72435F52 
 745      65616444 
 745      65616454 
 745      696D6500 
 746              	.LASF2:
 747 02b2 73686F72 		.ascii	"short int\000"
 747      7420696E 
 747      7400
 748              	.LASF26:
 749 02bc 6D6F746F 		.ascii	"motorC_Wakeup\000"
 749      72435F57 
 749      616B6575 
 749      7000
 750              	.LASF4:
 751 02ca 6C6F6E67 		.ascii	"long int\000"
 751      20696E74 
 751      00
 752              	.LASF35:
 753 02d3 6D6F746F 		.ascii	"motorC_Stop\000"
 753      72435F53 
 753      746F7000 
 754              	.LASF14:
 755 02df 6C6F6E67 		.ascii	"long double\000"
 755      20646F75 
 755      626C6500 
 756              	.LASF0:
 757 02eb 7369676E 		.ascii	"signed char\000"
 757      65642063 
 757      68617200 
 758              	.LASF19:
 759 02f7 496E7465 		.ascii	"InterruptMaskValue\000"
 759      72727570 
 759      744D6173 
 759      6B56616C 
 759      756500
 760              	.LASF23:
 761 030a 6D6F746F 		.ascii	"motorC_SaveConfig\000"
 761      72435F53 
 761      61766543 
ARM GAS  C:\Users\tetsuya\AppData\Local\Temp\ccZMkVXR.s 			page 20


 761      6F6E6669 
 761      6700
 762              		.ident	"GCC: (GNU Tools for ARM Embedded Processors) 5.4.1 20160609 (release) [ARM/embedded-5-bran
